[0.009s] Invoking command in '/home/ddon/ros2_ws_cpp/src/robocon2024/Odrive_CAN_Custom_Msg/build/odrive_custom_msg': CMAKE_PREFIX_PATH=${CMAKE_PREFIX_PATH}:/home/ddon/ros2_ws/install/odrive_can:/home/ddon/ros2_ws/install/my_robot_controller:/home/ddon/ros2_ws/install/keyboard_listener:/opt/ros/humble CONDA_PROMPT_MODIFIER=(base) /usr/bin/cmake --build /home/ddon/ros2_ws_cpp/src/robocon2024/Odrive_CAN_Custom_Msg/build/odrive_custom_msg -- -j8 -l8
[0.045s] [  2%] Built target odrive_custom_msg__cpp
[0.045s] [ 12%] Built target odrive_custom_msg__rosidl_generator_c
[0.056s] [ 12%] Built target ament_cmake_python_copy_odrive_custom_msg
[0.066s] [ 23%] Built target odrive_custom_msg__rosidl_typesupport_fastrtps_cpp
[0.067s] [ 43%] Built target odrive_custom_msg__rosidl_typesupport_fastrtps_c
[0.068s] [ 43%] Built target odrive_custom_msg__rosidl_typesupport_cpp
[0.068s] [ 53%] Built target odrive_custom_msg__rosidl_typesupport_introspection_c
[0.068s] [ 64%] Built target odrive_custom_msg__rosidl_typesupport_c
[0.068s] [ 74%] Built target odrive_custom_msg__rosidl_typesupport_introspection_cpp
[0.083s] [ 74%] Built target odrive_custom_msg
[0.098s] [ 76%] Built target odrive_custom_msg__py
[0.115s] [ 84%] Built target odrive_custom_msg__rosidl_generator_py
[0.135s] [ 89%] Built target odrive_custom_msg__rosidl_typesupport_fastrtps_c__pyext
[0.135s] [ 94%] Built target odrive_custom_msg__rosidl_typesupport_c__pyext
[0.135s] [100%] Built target odrive_custom_msg__rosidl_typesupport_introspection_c__pyext
[0.267s] running egg_info
[0.287s] writing odrive_custom_msg.egg-info/PKG-INFO
[0.287s] writing dependency_links to odrive_custom_msg.egg-info/dependency_links.txt
[0.287s] writing top-level names to odrive_custom_msg.egg-info/top_level.txt
[0.344s] reading manifest file 'odrive_custom_msg.egg-info/SOURCES.txt'
[0.345s] writing manifest file 'odrive_custom_msg.egg-info/SOURCES.txt'
[0.375s] [100%] Built target ament_cmake_python_build_odrive_custom_msg_egg
[0.384s] Invoked command in '/home/ddon/ros2_ws_cpp/src/robocon2024/Odrive_CAN_Custom_Msg/build/odrive_custom_msg' returned '0': CMAKE_PREFIX_PATH=${CMAKE_PREFIX_PATH}:/home/ddon/ros2_ws/install/odrive_can:/home/ddon/ros2_ws/install/my_robot_controller:/home/ddon/ros2_ws/install/keyboard_listener:/opt/ros/humble CONDA_PROMPT_MODIFIER=(base) /usr/bin/cmake --build /home/ddon/ros2_ws_cpp/src/robocon2024/Odrive_CAN_Custom_Msg/build/odrive_custom_msg -- -j8 -l8
[0.392s] Invoking command in '/home/ddon/ros2_ws_cpp/src/robocon2024/Odrive_CAN_Custom_Msg/build/odrive_custom_msg': CMAKE_PREFIX_PATH=${CMAKE_PREFIX_PATH}:/home/ddon/ros2_ws/install/odrive_can:/home/ddon/ros2_ws/install/my_robot_controller:/home/ddon/ros2_ws/install/keyboard_listener:/opt/ros/humble CONDA_PROMPT_MODIFIER=(base) /usr/bin/cmake --install /home/ddon/ros2_ws_cpp/src/robocon2024/Odrive_CAN_Custom_Msg/build/odrive_custom_msg
[0.398s] -- Install configuration: ""
[0.398s] -- Up-to-date: /home/ddon/ros2_ws_cpp/src/robocon2024/Odrive_CAN_Custom_Msg/install/odrive_custom_msg/share/ament_index/resource_index/rosidl_interfaces/odrive_custom_msg
[0.398s] -- Up-to-date: /home/ddon/ros2_ws_cpp/src/robocon2024/Odrive_CAN_Custom_Msg/install/odrive_custom_msg/include/odrive_custom_msg/odrive_custom_msg
[0.398s] -- Up-to-date: /home/ddon/ros2_ws_cpp/src/robocon2024/Odrive_CAN_Custom_Msg/install/odrive_custom_msg/include/odrive_custom_msg/odrive_custom_msg/msg
[0.399s] -- Up-to-date: /home/ddon/ros2_ws_cpp/src/robocon2024/Odrive_CAN_Custom_Msg/install/odrive_custom_msg/include/odrive_custom_msg/odrive_custom_msg/msg/detail
[0.399s] -- Up-to-date: /home/ddon/ros2_ws_cpp/src/robocon2024/Odrive_CAN_Custom_Msg/install/odrive_custom_msg/include/odrive_custom_msg/odrive_custom_msg/msg/detail/control__type_support.h
[0.399s] -- Up-to-date: /home/ddon/ros2_ws_cpp/src/robocon2024/Odrive_CAN_Custom_Msg/install/odrive_custom_msg/include/odrive_custom_msg/odrive_custom_msg/msg/detail/control__functions.c
[0.399s] -- Up-to-date: /home/ddon/ros2_ws_cpp/src/robocon2024/Odrive_CAN_Custom_Msg/install/odrive_custom_msg/include/odrive_custom_msg/odrive_custom_msg/msg/detail/control__functions.h
[0.399s] -- Up-to-date: /home/ddon/ros2_ws_cpp/src/robocon2024/Odrive_CAN_Custom_Msg/install/odrive_custom_msg/include/odrive_custom_msg/odrive_custom_msg/msg/detail/ca_nmsg__struct.h
[0.399s] -- Up-to-date: /home/ddon/ros2_ws_cpp/src/robocon2024/Odrive_CAN_Custom_Msg/install/odrive_custom_msg/include/odrive_custom_msg/odrive_custom_msg/msg/detail/control__struct.h
[0.399s] -- Up-to-date: /home/ddon/ros2_ws_cpp/src/robocon2024/Odrive_CAN_Custom_Msg/install/odrive_custom_msg/include/odrive_custom_msg/odrive_custom_msg/msg/detail/ca_nmsg__functions.h
[0.399s] -- Up-to-date: /home/ddon/ros2_ws_cpp/src/robocon2024/Odrive_CAN_Custom_Msg/install/odrive_custom_msg/include/odrive_custom_msg/odrive_custom_msg/msg/detail/ca_nmsg__functions.c
[0.399s] -- Up-to-date: /home/ddon/ros2_ws_cpp/src/robocon2024/Odrive_CAN_Custom_Msg/install/odrive_custom_msg/include/odrive_custom_msg/odrive_custom_msg/msg/detail/ca_nmsg__type_support.h
[0.399s] -- Up-to-date: /home/ddon/ros2_ws_cpp/src/robocon2024/Odrive_CAN_Custom_Msg/install/odrive_custom_msg/include/odrive_custom_msg/odrive_custom_msg/msg/control.h
[0.399s] -- Up-to-date: /home/ddon/ros2_ws_cpp/src/robocon2024/Odrive_CAN_Custom_Msg/install/odrive_custom_msg/include/odrive_custom_msg/odrive_custom_msg/msg/ca_nmsg.h
[0.399s] -- Up-to-date: /home/ddon/ros2_ws_cpp/src/robocon2024/Odrive_CAN_Custom_Msg/install/odrive_custom_msg/include/odrive_custom_msg/odrive_custom_msg/msg/rosidl_generator_c__visibility_control.h
[0.399s] -- Up-to-date: /home/ddon/ros2_ws_cpp/src/robocon2024/Odrive_CAN_Custom_Msg/install/odrive_custom_msg/share/odrive_custom_msg/environment/library_path.sh
[0.399s] -- Up-to-date: /home/ddon/ros2_ws_cpp/src/robocon2024/Odrive_CAN_Custom_Msg/install/odrive_custom_msg/share/odrive_custom_msg/environment/library_path.dsv
[0.400s] -- Up-to-date: /home/ddon/ros2_ws_cpp/src/robocon2024/Odrive_CAN_Custom_Msg/install/odrive_custom_msg/lib/libodrive_custom_msg__rosidl_generator_c.so
[0.400s] -- Up-to-date: /home/ddon/ros2_ws_cpp/src/robocon2024/Odrive_CAN_Custom_Msg/install/odrive_custom_msg/include/odrive_custom_msg/odrive_custom_msg
[0.400s] -- Up-to-date: /home/ddon/ros2_ws_cpp/src/robocon2024/Odrive_CAN_Custom_Msg/install/odrive_custom_msg/include/odrive_custom_msg/odrive_custom_msg/msg
[0.400s] -- Up-to-date: /home/ddon/ros2_ws_cpp/src/robocon2024/Odrive_CAN_Custom_Msg/install/odrive_custom_msg/include/odrive_custom_msg/odrive_custom_msg/msg/rosidl_typesupport_fastrtps_c__visibility_control.h
[0.400s] -- Up-to-date: /home/ddon/ros2_ws_cpp/src/robocon2024/Odrive_CAN_Custom_Msg/install/odrive_custom_msg/include/odrive_custom_msg/odrive_custom_msg/msg/detail
[0.400s] -- Up-to-date: /home/ddon/ros2_ws_cpp/src/robocon2024/Odrive_CAN_Custom_Msg/install/odrive_custom_msg/include/odrive_custom_msg/odrive_custom_msg/msg/detail/ca_nmsg__rosidl_typesupport_fastrtps_c.h
[0.400s] -- Up-to-date: /home/ddon/ros2_ws_cpp/src/robocon2024/Odrive_CAN_Custom_Msg/install/odrive_custom_msg/include/odrive_custom_msg/odrive_custom_msg/msg/detail/control__rosidl_typesupport_fastrtps_c.h
[0.400s] -- Up-to-date: /home/ddon/ros2_ws_cpp/src/robocon2024/Odrive_CAN_Custom_Msg/install/odrive_custom_msg/lib/libodrive_custom_msg__rosidl_typesupport_fastrtps_c.so
[0.400s] -- Up-to-date: /home/ddon/ros2_ws_cpp/src/robocon2024/Odrive_CAN_Custom_Msg/install/odrive_custom_msg/include/odrive_custom_msg/odrive_custom_msg
[0.400s] -- Up-to-date: /home/ddon/ros2_ws_cpp/src/robocon2024/Odrive_CAN_Custom_Msg/install/odrive_custom_msg/include/odrive_custom_msg/odrive_custom_msg/msg
[0.400s] -- Up-to-date: /home/ddon/ros2_ws_cpp/src/robocon2024/Odrive_CAN_Custom_Msg/install/odrive_custom_msg/include/odrive_custom_msg/odrive_custom_msg/msg/detail
[0.400s] -- Up-to-date: /home/ddon/ros2_ws_cpp/src/robocon2024/Odrive_CAN_Custom_Msg/install/odrive_custom_msg/include/odrive_custom_msg/odrive_custom_msg/msg/detail/control__traits.hpp
[0.400s] -- Up-to-date: /home/ddon/ros2_ws_cpp/src/robocon2024/Odrive_CAN_Custom_Msg/install/odrive_custom_msg/include/odrive_custom_msg/odrive_custom_msg/msg/detail/ca_nmsg__struct.hpp
[0.400s] -- Up-to-date: /home/ddon/ros2_ws_cpp/src/robocon2024/Odrive_CAN_Custom_Msg/install/odrive_custom_msg/include/odrive_custom_msg/odrive_custom_msg/msg/detail/control__builder.hpp
[0.400s] -- Up-to-date: /home/ddon/ros2_ws_cpp/src/robocon2024/Odrive_CAN_Custom_Msg/install/odrive_custom_msg/include/odrive_custom_msg/odrive_custom_msg/msg/detail/control__struct.hpp
[0.400s] -- Up-to-date: /home/ddon/ros2_ws_cpp/src/robocon2024/Odrive_CAN_Custom_Msg/install/odrive_custom_msg/include/odrive_custom_msg/odrive_custom_msg/msg/detail/control__type_support.hpp
[0.400s] -- Up-to-date: /home/ddon/ros2_ws_cpp/src/robocon2024/Odrive_CAN_Custom_Msg/install/odrive_custom_msg/include/odrive_custom_msg/odrive_custom_msg/msg/detail/ca_nmsg__type_support.hpp
[0.401s] -- Up-to-date: /home/ddon/ros2_ws_cpp/src/robocon2024/Odrive_CAN_Custom_Msg/install/odrive_custom_msg/include/odrive_custom_msg/odrive_custom_msg/msg/detail/ca_nmsg__traits.hpp
[0.401s] -- Up-to-date: /home/ddon/ros2_ws_cpp/src/robocon2024/Odrive_CAN_Custom_Msg/install/odrive_custom_msg/include/odrive_custom_msg/odrive_custom_msg/msg/detail/ca_nmsg__builder.hpp
[0.401s] -- Up-to-date: /home/ddon/ros2_ws_cpp/src/robocon2024/Odrive_CAN_Custom_Msg/install/odrive_custom_msg/include/odrive_custom_msg/odrive_custom_msg/msg/ca_nmsg.hpp
[0.401s] -- Up-to-date: /home/ddon/ros2_ws_cpp/src/robocon2024/Odrive_CAN_Custom_Msg/install/odrive_custom_msg/include/odrive_custom_msg/odrive_custom_msg/msg/control.hpp
[0.401s] -- Up-to-date: /home/ddon/ros2_ws_cpp/src/robocon2024/Odrive_CAN_Custom_Msg/install/odrive_custom_msg/include/odrive_custom_msg/odrive_custom_msg/msg/rosidl_generator_cpp__visibility_control.hpp
[0.401s] -- Up-to-date: /home/ddon/ros2_ws_cpp/src/robocon2024/Odrive_CAN_Custom_Msg/install/odrive_custom_msg/include/odrive_custom_msg/odrive_custom_msg
[0.401s] -- Up-to-date: /home/ddon/ros2_ws_cpp/src/robocon2024/Odrive_CAN_Custom_Msg/install/odrive_custom_msg/include/odrive_custom_msg/odrive_custom_msg/msg
[0.401s] -- Up-to-date: /home/ddon/ros2_ws_cpp/src/robocon2024/Odrive_CAN_Custom_Msg/install/odrive_custom_msg/include/odrive_custom_msg/odrive_custom_msg/msg/detail
[0.401s] -- Up-to-date: /home/ddon/ros2_ws_cpp/src/robocon2024/Odrive_CAN_Custom_Msg/install/odrive_custom_msg/include/odrive_custom_msg/odrive_custom_msg/msg/detail/control__rosidl_typesupport_fastrtps_cpp.hpp
[0.401s] -- Up-to-date: /home/ddon/ros2_ws_cpp/src/robocon2024/Odrive_CAN_Custom_Msg/install/odrive_custom_msg/include/odrive_custom_msg/odrive_custom_msg/msg/detail/ca_nmsg__rosidl_typesupport_fastrtps_cpp.hpp
[0.401s] -- Up-to-date: /home/ddon/ros2_ws_cpp/src/robocon2024/Odrive_CAN_Custom_Msg/install/odrive_custom_msg/include/odrive_custom_msg/odrive_custom_msg/msg/detail/dds_fastrtps
[0.401s] -- Up-to-date: /home/ddon/ros2_ws_cpp/src/robocon2024/Odrive_CAN_Custom_Msg/install/odrive_custom_msg/include/odrive_custom_msg/odrive_custom_msg/msg/rosidl_typesupport_fastrtps_cpp__visibility_control.h
[0.401s] -- Up-to-date: /home/ddon/ros2_ws_cpp/src/robocon2024/Odrive_CAN_Custom_Msg/install/odrive_custom_msg/lib/libodrive_custom_msg__rosidl_typesupport_fastrtps_cpp.so
[0.401s] -- Up-to-date: /home/ddon/ros2_ws_cpp/src/robocon2024/Odrive_CAN_Custom_Msg/install/odrive_custom_msg/include/odrive_custom_msg/odrive_custom_msg
[0.401s] -- Up-to-date: /home/ddon/ros2_ws_cpp/src/robocon2024/Odrive_CAN_Custom_Msg/install/odrive_custom_msg/include/odrive_custom_msg/odrive_custom_msg/msg
[0.401s] -- Up-to-date: /home/ddon/ros2_ws_cpp/src/robocon2024/Odrive_CAN_Custom_Msg/install/odrive_custom_msg/include/odrive_custom_msg/odrive_custom_msg/msg/detail
[0.401s] -- Up-to-date: /home/ddon/ros2_ws_cpp/src/robocon2024/Odrive_CAN_Custom_Msg/install/odrive_custom_msg/include/odrive_custom_msg/odrive_custom_msg/msg/detail/control__type_support.c
[0.401s] -- Up-to-date: /home/ddon/ros2_ws_cpp/src/robocon2024/Odrive_CAN_Custom_Msg/install/odrive_custom_msg/include/odrive_custom_msg/odrive_custom_msg/msg/detail/ca_nmsg__rosidl_typesupport_introspection_c.h
[0.401s] -- Up-to-date: /home/ddon/ros2_ws_cpp/src/robocon2024/Odrive_CAN_Custom_Msg/install/odrive_custom_msg/include/odrive_custom_msg/odrive_custom_msg/msg/detail/ca_nmsg__type_support.c
[0.402s] -- Up-to-date: /home/ddon/ros2_ws_cpp/src/robocon2024/Odrive_CAN_Custom_Msg/install/odrive_custom_msg/include/odrive_custom_msg/odrive_custom_msg/msg/detail/control__rosidl_typesupport_introspection_c.h
[0.402s] -- Up-to-date: /home/ddon/ros2_ws_cpp/src/robocon2024/Odrive_CAN_Custom_Msg/install/odrive_custom_msg/include/odrive_custom_msg/odrive_custom_msg/msg/rosidl_typesupport_introspection_c__visibility_control.h
[0.402s] -- Up-to-date: /home/ddon/ros2_ws_cpp/src/robocon2024/Odrive_CAN_Custom_Msg/install/odrive_custom_msg/lib/libodrive_custom_msg__rosidl_typesupport_introspection_c.so
[0.402s] -- Up-to-date: /home/ddon/ros2_ws_cpp/src/robocon2024/Odrive_CAN_Custom_Msg/install/odrive_custom_msg/lib/libodrive_custom_msg__rosidl_typesupport_c.so
[0.402s] -- Up-to-date: /home/ddon/ros2_ws_cpp/src/robocon2024/Odrive_CAN_Custom_Msg/install/odrive_custom_msg/include/odrive_custom_msg/odrive_custom_msg
[0.402s] -- Up-to-date: /home/ddon/ros2_ws_cpp/src/robocon2024/Odrive_CAN_Custom_Msg/install/odrive_custom_msg/include/odrive_custom_msg/odrive_custom_msg/msg
[0.402s] -- Up-to-date: /home/ddon/ros2_ws_cpp/src/robocon2024/Odrive_CAN_Custom_Msg/install/odrive_custom_msg/include/odrive_custom_msg/odrive_custom_msg/msg/detail
[0.402s] -- Up-to-date: /home/ddon/ros2_ws_cpp/src/robocon2024/Odrive_CAN_Custom_Msg/install/odrive_custom_msg/include/odrive_custom_msg/odrive_custom_msg/msg/detail/ca_nmsg__rosidl_typesupport_introspection_cpp.hpp
[0.402s] -- Up-to-date: /home/ddon/ros2_ws_cpp/src/robocon2024/Odrive_CAN_Custom_Msg/install/odrive_custom_msg/include/odrive_custom_msg/odrive_custom_msg/msg/detail/ca_nmsg__type_support.cpp
[0.402s] -- Up-to-date: /home/ddon/ros2_ws_cpp/src/robocon2024/Odrive_CAN_Custom_Msg/install/odrive_custom_msg/include/odrive_custom_msg/odrive_custom_msg/msg/detail/control__type_support.cpp
[0.402s] -- Up-to-date: /home/ddon/ros2_ws_cpp/src/robocon2024/Odrive_CAN_Custom_Msg/install/odrive_custom_msg/include/odrive_custom_msg/odrive_custom_msg/msg/detail/control__rosidl_typesupport_introspection_cpp.hpp
[0.402s] -- Up-to-date: /home/ddon/ros2_ws_cpp/src/robocon2024/Odrive_CAN_Custom_Msg/install/odrive_custom_msg/lib/libodrive_custom_msg__rosidl_typesupport_introspection_cpp.so
[0.402s] -- Up-to-date: /home/ddon/ros2_ws_cpp/src/robocon2024/Odrive_CAN_Custom_Msg/install/odrive_custom_msg/lib/libodrive_custom_msg__rosidl_typesupport_cpp.so
[0.402s] -- Up-to-date: /home/ddon/ros2_ws_cpp/src/robocon2024/Odrive_CAN_Custom_Msg/install/odrive_custom_msg/share/odrive_custom_msg/environment/pythonpath.sh
[0.402s] -- Up-to-date: /home/ddon/ros2_ws_cpp/src/robocon2024/Odrive_CAN_Custom_Msg/install/odrive_custom_msg/share/odrive_custom_msg/environment/pythonpath.dsv
[0.402s] -- Up-to-date: /home/ddon/ros2_ws_cpp/src/robocon2024/Odrive_CAN_Custom_Msg/install/odrive_custom_msg/lib/python3.12/site-packages/odrive_custom_msg-0.0.0-py3.12.egg-info
[0.402s] -- Installing: /home/ddon/ros2_ws_cpp/src/robocon2024/Odrive_CAN_Custom_Msg/install/odrive_custom_msg/lib/python3.12/site-packages/odrive_custom_msg-0.0.0-py3.12.egg-info/dependency_links.txt
[0.402s] -- Installing: /home/ddon/ros2_ws_cpp/src/robocon2024/Odrive_CAN_Custom_Msg/install/odrive_custom_msg/lib/python3.12/site-packages/odrive_custom_msg-0.0.0-py3.12.egg-info/PKG-INFO
[0.402s] -- Installing: /home/ddon/ros2_ws_cpp/src/robocon2024/Odrive_CAN_Custom_Msg/install/odrive_custom_msg/lib/python3.12/site-packages/odrive_custom_msg-0.0.0-py3.12.egg-info/top_level.txt
[0.402s] -- Installing: /home/ddon/ros2_ws_cpp/src/robocon2024/Odrive_CAN_Custom_Msg/install/odrive_custom_msg/lib/python3.12/site-packages/odrive_custom_msg-0.0.0-py3.12.egg-info/SOURCES.txt
[0.402s] -- Up-to-date: /home/ddon/ros2_ws_cpp/src/robocon2024/Odrive_CAN_Custom_Msg/install/odrive_custom_msg/lib/python3.12/site-packages/odrive_custom_msg
[0.402s] -- Up-to-date: /home/ddon/ros2_ws_cpp/src/robocon2024/Odrive_CAN_Custom_Msg/install/odrive_custom_msg/lib/python3.12/site-packages/odrive_custom_msg/msg
[0.403s] -- Up-to-date: /home/ddon/ros2_ws_cpp/src/robocon2024/Odrive_CAN_Custom_Msg/install/odrive_custom_msg/lib/python3.12/site-packages/odrive_custom_msg/msg/_ca_nmsg_s.c
[0.403s] -- Up-to-date: /home/ddon/ros2_ws_cpp/src/robocon2024/Odrive_CAN_Custom_Msg/install/odrive_custom_msg/lib/python3.12/site-packages/odrive_custom_msg/msg/_control_s.c
[0.403s] -- Up-to-date: /home/ddon/ros2_ws_cpp/src/robocon2024/Odrive_CAN_Custom_Msg/install/odrive_custom_msg/lib/python3.12/site-packages/odrive_custom_msg/msg/_ca_nmsg.py
[0.403s] -- Up-to-date: /home/ddon/ros2_ws_cpp/src/robocon2024/Odrive_CAN_Custom_Msg/install/odrive_custom_msg/lib/python3.12/site-packages/odrive_custom_msg/msg/_control.py
[0.403s] -- Up-to-date: /home/ddon/ros2_ws_cpp/src/robocon2024/Odrive_CAN_Custom_Msg/install/odrive_custom_msg/lib/python3.12/site-packages/odrive_custom_msg/msg/__init__.py
[0.403s] -- Up-to-date: /home/ddon/ros2_ws_cpp/src/robocon2024/Odrive_CAN_Custom_Msg/install/odrive_custom_msg/lib/python3.12/site-packages/odrive_custom_msg/odrive_custom_msg_s__rosidl_typesupport_introspection_c.cpython-312-x86_64-linux-gnu.so
[0.403s] -- Up-to-date: /home/ddon/ros2_ws_cpp/src/robocon2024/Odrive_CAN_Custom_Msg/install/odrive_custom_msg/lib/python3.12/site-packages/odrive_custom_msg/odrive_custom_msg_s__rosidl_typesupport_fastrtps_c.cpython-312-x86_64-linux-gnu.so
[0.403s] -- Up-to-date: /home/ddon/ros2_ws_cpp/src/robocon2024/Odrive_CAN_Custom_Msg/install/odrive_custom_msg/lib/python3.12/site-packages/odrive_custom_msg/_odrive_custom_msg_s.ep.rosidl_typesupport_c.c
[0.403s] -- Up-to-date: /home/ddon/ros2_ws_cpp/src/robocon2024/Odrive_CAN_Custom_Msg/install/odrive_custom_msg/lib/python3.12/site-packages/odrive_custom_msg/_odrive_custom_msg_s.ep.rosidl_typesupport_introspection_c.c
[0.403s] -- Up-to-date: /home/ddon/ros2_ws_cpp/src/robocon2024/Odrive_CAN_Custom_Msg/install/odrive_custom_msg/lib/python3.12/site-packages/odrive_custom_msg/odrive_custom_msg_s__rosidl_typesupport_c.cpython-312-x86_64-linux-gnu.so
[0.403s] -- Up-to-date: /home/ddon/ros2_ws_cpp/src/robocon2024/Odrive_CAN_Custom_Msg/install/odrive_custom_msg/lib/python3.12/site-packages/odrive_custom_msg/_odrive_custom_msg_s.ep.rosidl_typesupport_fastrtps_c.c
[0.403s] -- Up-to-date: /home/ddon/ros2_ws_cpp/src/robocon2024/Odrive_CAN_Custom_Msg/install/odrive_custom_msg/lib/python3.12/site-packages/odrive_custom_msg/__init__.py
[0.403s] -- Up-to-date: /home/ddon/ros2_ws_cpp/src/robocon2024/Odrive_CAN_Custom_Msg/install/odrive_custom_msg/lib/python3.12/site-packages/odrive_custom_msg/libodrive_custom_msg__rosidl_generator_py.so
[0.433s] Listing '/home/ddon/ros2_ws_cpp/src/robocon2024/Odrive_CAN_Custom_Msg/install/odrive_custom_msg/lib/python3.12/site-packages/odrive_custom_msg'...
[0.433s] Listing '/home/ddon/ros2_ws_cpp/src/robocon2024/Odrive_CAN_Custom_Msg/install/odrive_custom_msg/lib/python3.12/site-packages/odrive_custom_msg/msg'...
[0.437s] -- Up-to-date: /home/ddon/ros2_ws_cpp/src/robocon2024/Odrive_CAN_Custom_Msg/install/odrive_custom_msg/lib/python3.12/site-packages/odrive_custom_msg/odrive_custom_msg_s__rosidl_typesupport_fastrtps_c.cpython-312-x86_64-linux-gnu.so
[0.438s] -- Up-to-date: /home/ddon/ros2_ws_cpp/src/robocon2024/Odrive_CAN_Custom_Msg/install/odrive_custom_msg/lib/python3.12/site-packages/odrive_custom_msg/odrive_custom_msg_s__rosidl_typesupport_introspection_c.cpython-312-x86_64-linux-gnu.so
[0.438s] -- Up-to-date: /home/ddon/ros2_ws_cpp/src/robocon2024/Odrive_CAN_Custom_Msg/install/odrive_custom_msg/lib/python3.12/site-packages/odrive_custom_msg/odrive_custom_msg_s__rosidl_typesupport_c.cpython-312-x86_64-linux-gnu.so
[0.438s] -- Up-to-date: /home/ddon/ros2_ws_cpp/src/robocon2024/Odrive_CAN_Custom_Msg/install/odrive_custom_msg/lib/libodrive_custom_msg__rosidl_generator_py.so
[0.438s] -- Up-to-date: /home/ddon/ros2_ws_cpp/src/robocon2024/Odrive_CAN_Custom_Msg/install/odrive_custom_msg/share/odrive_custom_msg/msg/CANmsg.idl
[0.438s] -- Up-to-date: /home/ddon/ros2_ws_cpp/src/robocon2024/Odrive_CAN_Custom_Msg/install/odrive_custom_msg/share/odrive_custom_msg/msg/Control.idl
[0.438s] -- Up-to-date: /home/ddon/ros2_ws_cpp/src/robocon2024/Odrive_CAN_Custom_Msg/install/odrive_custom_msg/share/odrive_custom_msg/msg/CANmsg.msg
[0.438s] -- Up-to-date: /home/ddon/ros2_ws_cpp/src/robocon2024/Odrive_CAN_Custom_Msg/install/odrive_custom_msg/share/odrive_custom_msg/msg/Control.msg
[0.439s] -- Up-to-date: /home/ddon/ros2_ws_cpp/src/robocon2024/Odrive_CAN_Custom_Msg/install/odrive_custom_msg/share/ament_index/resource_index/package_run_dependencies/odrive_custom_msg
[0.439s] -- Up-to-date: /home/ddon/ros2_ws_cpp/src/robocon2024/Odrive_CAN_Custom_Msg/install/odrive_custom_msg/share/ament_index/resource_index/parent_prefix_path/odrive_custom_msg
[0.439s] -- Up-to-date: /home/ddon/ros2_ws_cpp/src/robocon2024/Odrive_CAN_Custom_Msg/install/odrive_custom_msg/share/odrive_custom_msg/environment/ament_prefix_path.sh
[0.439s] -- Up-to-date: /home/ddon/ros2_ws_cpp/src/robocon2024/Odrive_CAN_Custom_Msg/install/odrive_custom_msg/share/odrive_custom_msg/environment/ament_prefix_path.dsv
[0.439s] -- Up-to-date: /home/ddon/ros2_ws_cpp/src/robocon2024/Odrive_CAN_Custom_Msg/install/odrive_custom_msg/share/odrive_custom_msg/environment/path.sh
[0.439s] -- Up-to-date: /home/ddon/ros2_ws_cpp/src/robocon2024/Odrive_CAN_Custom_Msg/install/odrive_custom_msg/share/odrive_custom_msg/environment/path.dsv
[0.439s] -- Up-to-date: /home/ddon/ros2_ws_cpp/src/robocon2024/Odrive_CAN_Custom_Msg/install/odrive_custom_msg/share/odrive_custom_msg/local_setup.bash
[0.439s] -- Up-to-date: /home/ddon/ros2_ws_cpp/src/robocon2024/Odrive_CAN_Custom_Msg/install/odrive_custom_msg/share/odrive_custom_msg/local_setup.sh
[0.439s] -- Up-to-date: /home/ddon/ros2_ws_cpp/src/robocon2024/Odrive_CAN_Custom_Msg/install/odrive_custom_msg/share/odrive_custom_msg/local_setup.zsh
[0.439s] -- Up-to-date: /home/ddon/ros2_ws_cpp/src/robocon2024/Odrive_CAN_Custom_Msg/install/odrive_custom_msg/share/odrive_custom_msg/local_setup.dsv
[0.439s] -- Installing: /home/ddon/ros2_ws_cpp/src/robocon2024/Odrive_CAN_Custom_Msg/install/odrive_custom_msg/share/odrive_custom_msg/package.dsv
[0.440s] -- Up-to-date: /home/ddon/ros2_ws_cpp/src/robocon2024/Odrive_CAN_Custom_Msg/install/odrive_custom_msg/share/ament_index/resource_index/packages/odrive_custom_msg
[0.440s] -- Up-to-date: /home/ddon/ros2_ws_cpp/src/robocon2024/Odrive_CAN_Custom_Msg/install/odrive_custom_msg/share/odrive_custom_msg/cmake/export_odrive_custom_msg__rosidl_generator_cExport.cmake
[0.440s] -- Up-to-date: /home/ddon/ros2_ws_cpp/src/robocon2024/Odrive_CAN_Custom_Msg/install/odrive_custom_msg/share/odrive_custom_msg/cmake/export_odrive_custom_msg__rosidl_generator_cExport-noconfig.cmake
[0.440s] -- Up-to-date: /home/ddon/ros2_ws_cpp/src/robocon2024/Odrive_CAN_Custom_Msg/install/odrive_custom_msg/share/odrive_custom_msg/cmake/export_odrive_custom_msg__rosidl_typesupport_fastrtps_cExport.cmake
[0.440s] -- Up-to-date: /home/ddon/ros2_ws_cpp/src/robocon2024/Odrive_CAN_Custom_Msg/install/odrive_custom_msg/share/odrive_custom_msg/cmake/export_odrive_custom_msg__rosidl_typesupport_fastrtps_cExport-noconfig.cmake
[0.440s] -- Up-to-date: /home/ddon/ros2_ws_cpp/src/robocon2024/Odrive_CAN_Custom_Msg/install/odrive_custom_msg/share/odrive_custom_msg/cmake/export_odrive_custom_msg__rosidl_generator_cppExport.cmake
[0.440s] -- Up-to-date: /home/ddon/ros2_ws_cpp/src/robocon2024/Odrive_CAN_Custom_Msg/install/odrive_custom_msg/share/odrive_custom_msg/cmake/export_odrive_custom_msg__rosidl_typesupport_fastrtps_cppExport.cmake
[0.440s] -- Up-to-date: /home/ddon/ros2_ws_cpp/src/robocon2024/Odrive_CAN_Custom_Msg/install/odrive_custom_msg/share/odrive_custom_msg/cmake/export_odrive_custom_msg__rosidl_typesupport_fastrtps_cppExport-noconfig.cmake
[0.440s] -- Up-to-date: /home/ddon/ros2_ws_cpp/src/robocon2024/Odrive_CAN_Custom_Msg/install/odrive_custom_msg/share/odrive_custom_msg/cmake/odrive_custom_msg__rosidl_typesupport_introspection_cExport.cmake
[0.440s] -- Up-to-date: /home/ddon/ros2_ws_cpp/src/robocon2024/Odrive_CAN_Custom_Msg/install/odrive_custom_msg/share/odrive_custom_msg/cmake/odrive_custom_msg__rosidl_typesupport_introspection_cExport-noconfig.cmake
[0.440s] -- Up-to-date: /home/ddon/ros2_ws_cpp/src/robocon2024/Odrive_CAN_Custom_Msg/install/odrive_custom_msg/share/odrive_custom_msg/cmake/odrive_custom_msg__rosidl_typesupport_cExport.cmake
[0.441s] -- Up-to-date: /home/ddon/ros2_ws_cpp/src/robocon2024/Odrive_CAN_Custom_Msg/install/odrive_custom_msg/share/odrive_custom_msg/cmake/odrive_custom_msg__rosidl_typesupport_cExport-noconfig.cmake
[0.441s] -- Up-to-date: /home/ddon/ros2_ws_cpp/src/robocon2024/Odrive_CAN_Custom_Msg/install/odrive_custom_msg/share/odrive_custom_msg/cmake/odrive_custom_msg__rosidl_typesupport_introspection_cppExport.cmake
[0.441s] -- Up-to-date: /home/ddon/ros2_ws_cpp/src/robocon2024/Odrive_CAN_Custom_Msg/install/odrive_custom_msg/share/odrive_custom_msg/cmake/odrive_custom_msg__rosidl_typesupport_introspection_cppExport-noconfig.cmake
[0.441s] -- Up-to-date: /home/ddon/ros2_ws_cpp/src/robocon2024/Odrive_CAN_Custom_Msg/install/odrive_custom_msg/share/odrive_custom_msg/cmake/odrive_custom_msg__rosidl_typesupport_cppExport.cmake
[0.441s] -- Up-to-date: /home/ddon/ros2_ws_cpp/src/robocon2024/Odrive_CAN_Custom_Msg/install/odrive_custom_msg/share/odrive_custom_msg/cmake/odrive_custom_msg__rosidl_typesupport_cppExport-noconfig.cmake
[0.441s] -- Up-to-date: /home/ddon/ros2_ws_cpp/src/robocon2024/Odrive_CAN_Custom_Msg/install/odrive_custom_msg/share/odrive_custom_msg/cmake/export_odrive_custom_msg__rosidl_generator_pyExport.cmake
[0.441s] -- Up-to-date: /home/ddon/ros2_ws_cpp/src/robocon2024/Odrive_CAN_Custom_Msg/install/odrive_custom_msg/share/odrive_custom_msg/cmake/export_odrive_custom_msg__rosidl_generator_pyExport-noconfig.cmake
[0.441s] -- Up-to-date: /home/ddon/ros2_ws_cpp/src/robocon2024/Odrive_CAN_Custom_Msg/install/odrive_custom_msg/share/odrive_custom_msg/cmake/rosidl_cmake-extras.cmake
[0.441s] -- Up-to-date: /home/ddon/ros2_ws_cpp/src/robocon2024/Odrive_CAN_Custom_Msg/install/odrive_custom_msg/share/odrive_custom_msg/cmake/ament_cmake_export_dependencies-extras.cmake
[0.441s] -- Up-to-date: /home/ddon/ros2_ws_cpp/src/robocon2024/Odrive_CAN_Custom_Msg/install/odrive_custom_msg/share/odrive_custom_msg/cmake/ament_cmake_export_include_directories-extras.cmake
[0.442s] -- Up-to-date: /home/ddon/ros2_ws_cpp/src/robocon2024/Odrive_CAN_Custom_Msg/install/odrive_custom_msg/share/odrive_custom_msg/cmake/ament_cmake_export_libraries-extras.cmake
[0.442s] -- Up-to-date: /home/ddon/ros2_ws_cpp/src/robocon2024/Odrive_CAN_Custom_Msg/install/odrive_custom_msg/share/odrive_custom_msg/cmake/ament_cmake_export_targets-extras.cmake
[0.442s] -- Up-to-date: /home/ddon/ros2_ws_cpp/src/robocon2024/Odrive_CAN_Custom_Msg/install/odrive_custom_msg/share/odrive_custom_msg/cmake/rosidl_cmake_export_typesupport_targets-extras.cmake
[0.442s] -- Up-to-date: /home/ddon/ros2_ws_cpp/src/robocon2024/Odrive_CAN_Custom_Msg/install/odrive_custom_msg/share/odrive_custom_msg/cmake/rosidl_cmake_export_typesupport_libraries-extras.cmake
[0.443s] -- Up-to-date: /home/ddon/ros2_ws_cpp/src/robocon2024/Odrive_CAN_Custom_Msg/install/odrive_custom_msg/share/odrive_custom_msg/cmake/odrive_custom_msgConfig.cmake
[0.443s] -- Up-to-date: /home/ddon/ros2_ws_cpp/src/robocon2024/Odrive_CAN_Custom_Msg/install/odrive_custom_msg/share/odrive_custom_msg/cmake/odrive_custom_msgConfig-version.cmake
[0.443s] -- Up-to-date: /home/ddon/ros2_ws_cpp/src/robocon2024/Odrive_CAN_Custom_Msg/install/odrive_custom_msg/share/odrive_custom_msg/package.xml
[0.443s] Invoked command in '/home/ddon/ros2_ws_cpp/src/robocon2024/Odrive_CAN_Custom_Msg/build/odrive_custom_msg' returned '0': CMAKE_PREFIX_PATH=${CMAKE_PREFIX_PATH}:/home/ddon/ros2_ws/install/odrive_can:/home/ddon/ros2_ws/install/my_robot_controller:/home/ddon/ros2_ws/install/keyboard_listener:/opt/ros/humble CONDA_PROMPT_MODIFIER=(base) /usr/bin/cmake --install /home/ddon/ros2_ws_cpp/src/robocon2024/Odrive_CAN_Custom_Msg/build/odrive_custom_msg
