[0.006s] Invoking command in '/home/nvhoang/ros2_ws/src/odrive/Odrive_CAN_Custom_Msg/build/odrive_custom_msg': CMAKE_PREFIX_PATH=/opt/ros/humble /usr/bin/cmake /home/nvhoang/ros2_ws/src/odrive/Odrive_CAN_Custom_Msg/odrive_custom_msg -DAMENT_CMAKE_SYMLINK_INSTALL=1 -DCMAKE_INSTALL_PREFIX=/home/nvhoang/ros2_ws/src/odrive/Odrive_CAN_Custom_Msg/install/odrive_custom_msg
[0.181s] -- The C compiler identification is GNU 11.4.0
[0.253s] -- The CXX compiler identification is GNU 11.4.0
[0.262s] -- Detecting C compiler ABI info
[0.307s] -- Detecting C compiler ABI info - done
[0.312s] -- Check for working C compiler: /usr/bin/cc - skipped
[0.313s] -- Detecting C compile features
[0.313s] -- Detecting C compile features - done
[0.316s] -- Detecting CXX compiler ABI info
[0.368s] -- Detecting CXX compiler ABI info - done
[0.373s] -- Check for working CXX compiler: /usr/bin/c++ - skipped
[0.373s] -- Detecting CXX compile features
[0.373s] -- Detecting CXX compile features - done
[0.375s] -- Found ament_cmake: 1.3.11 (/opt/ros/humble/share/ament_cmake/cmake)
[0.473s] -- Found Python3: /usr/bin/python3 (found version "3.10.12") found components: Interpreter 
[0.516s] -- Override CMake install command with custom implementation using symlinks instead of copying resources
[0.534s] [31mCMake Error at /opt/ros/humble/share/ament_cmake_target_dependencies/cmake/ament_target_dependencies.cmake:77 (message):
[0.534s]   ament_target_dependencies() the passed package name 'rclcpp' was not found
[0.534s]   before
[0.535s] Call Stack (most recent call first):
[0.535s]   CMakeLists.txt:15 (ament_target_dependencies)
[0.535s] 
[0.535s] [0m
[0.535s] -- Configuring incomplete, errors occurred!
[0.535s] See also "/home/nvhoang/ros2_ws/src/odrive/Odrive_CAN_Custom_Msg/build/odrive_custom_msg/CMakeFiles/CMakeOutput.log".
[0.537s] Invoked command in '/home/nvhoang/ros2_ws/src/odrive/Odrive_CAN_Custom_Msg/build/odrive_custom_msg' returned '1': CMAKE_PREFIX_PATH=/opt/ros/humble /usr/bin/cmake /home/nvhoang/ros2_ws/src/odrive/Odrive_CAN_Custom_Msg/odrive_custom_msg -DAMENT_CMAKE_SYMLINK_INSTALL=1 -DCMAKE_INSTALL_PREFIX=/home/nvhoang/ros2_ws/src/odrive/Odrive_CAN_Custom_Msg/install/odrive_custom_msg
