[0.007s] Invoking command in '/home/ddon/ros2_ws_cpp/src/robocon2024/Odrive_CAN_Custom_Msg/build/can_control_package': AMENT_PREFIX_PATH=/home/ddon/ros2_ws_cpp/src/robocon2024/Odrive_CAN_Custom_Msg/install/odrive_custom_msg:${AMENT_PREFIX_PATH} CMAKE_PREFIX_PATH=/home/ddon/ros2_ws_cpp/src/robocon2024/Odrive_CAN_Custom_Msg/install/odrive_custom_msg:/home/ddon/ros2_ws_cpp/install/can_control_package:/home/ddon/ros2_ws_cpp/install/odrive_custom_msg:/home/ddon/ros2_ws_cpp/install/odrive_can_cpp:/home/ddon/ros2_ws_cpp/install/cpp_pubsub:/home/ddon/ros2_ws/install/odrive_can:/home/ddon/ros2_ws/install/my_robot_controller:/home/ddon/ros2_ws/install/keyboard_listener:/opt/ros/humble CONDA_PROMPT_MODIFIER=(base) LD_LIBRARY_PATH=/home/ddon/ros2_ws_cpp/src/robocon2024/Odrive_CAN_Custom_Msg/install/odrive_custom_msg/lib:${LD_LIBRARY_PATH} PYTHONPATH=/home/ddon/ros2_ws_cpp/src/robocon2024/Odrive_CAN_Custom_Msg/install/odrive_custom_msg/lib/python3.12/site-packages:${PYTHONPATH} /usr/bin/cmake /home/ddon/ros2_ws_cpp/src/robocon2024/Odrive_CAN_Custom_Msg/can_control_package -DCMAKE_INSTALL_PREFIX=/home/ddon/ros2_ws_cpp/src/robocon2024/Odrive_CAN_Custom_Msg/install/can_control_package
[0.016s] -- Found ament_cmake: 1.3.11 (/opt/ros/humble/share/ament_cmake/cmake)
[0.131s] -- Found rclcpp: 16.0.11 (/opt/ros/humble/share/rclcpp/cmake)
[0.152s] -- Found rosidl_generator_c: 3.1.6 (/opt/ros/humble/share/rosidl_generator_c/cmake)
[0.154s] -- Found rosidl_adapter: 3.1.6 (/opt/ros/humble/share/rosidl_adapter/cmake)
[0.158s] -- Found rosidl_generator_cpp: 3.1.6 (/opt/ros/humble/share/rosidl_generator_cpp/cmake)
[0.167s] -- Using all available rosidl_typesupport_c: rosidl_typesupport_fastrtps_c;rosidl_typesupport_introspection_c
[0.177s] -- Using all available rosidl_typesupport_cpp: rosidl_typesupport_fastrtps_cpp;rosidl_typesupport_introspection_cpp
[0.204s] -- Found rmw_implementation_cmake: 6.1.2 (/opt/ros/humble/share/rmw_implementation_cmake/cmake)
[0.205s] -- Found rmw_fastrtps_cpp: 6.2.7 (/opt/ros/humble/share/rmw_fastrtps_cpp/cmake)
[0.278s] -- Using RMW implementation 'rmw_fastrtps_cpp' as default
[0.316s] -- Found odrive_custom_msg: 0.0.0 (/home/ddon/ros2_ws_cpp/src/robocon2024/Odrive_CAN_Custom_Msg/install/odrive_custom_msg/share/odrive_custom_msg/cmake)
[0.328s] -- Found ament_lint_auto: 0.12.11 (/opt/ros/humble/share/ament_lint_auto/cmake)
[0.406s] -- Added test 'cppcheck' to perform static code analysis on C / C++ code
[0.406s] -- Configured cppcheck include dirs: /home/ddon/ros2_ws_cpp/src/robocon2024/Odrive_CAN_Custom_Msg/can_control_package/include
[0.406s] -- Configured cppcheck exclude dirs and/or files: 
[0.406s] -- Added test 'flake8' to check Python code syntax and style conventions
[0.407s] -- Added test 'lint_cmake' to check CMake code style
[0.407s] -- Added test 'pep257' to check Python code against some of the docstring style conventions in PEP 257
[0.407s] -- Added test 'uncrustify' to check C / C++ code style
[0.407s] -- Configured uncrustify additional arguments: 
[0.408s] -- Added test 'xmllint' to check XML markup files
[0.408s] -- Configuring done
[0.420s] -- Generating done
[0.424s] -- Build files have been written to: /home/ddon/ros2_ws_cpp/src/robocon2024/Odrive_CAN_Custom_Msg/build/can_control_package
[0.430s] Invoked command in '/home/ddon/ros2_ws_cpp/src/robocon2024/Odrive_CAN_Custom_Msg/build/can_control_package' returned '0': AMENT_PREFIX_PATH=/home/ddon/ros2_ws_cpp/src/robocon2024/Odrive_CAN_Custom_Msg/install/odrive_custom_msg:${AMENT_PREFIX_PATH} CMAKE_PREFIX_PATH=/home/ddon/ros2_ws_cpp/src/robocon2024/Odrive_CAN_Custom_Msg/install/odrive_custom_msg:/home/ddon/ros2_ws_cpp/install/can_control_package:/home/ddon/ros2_ws_cpp/install/odrive_custom_msg:/home/ddon/ros2_ws_cpp/install/odrive_can_cpp:/home/ddon/ros2_ws_cpp/install/cpp_pubsub:/home/ddon/ros2_ws/install/odrive_can:/home/ddon/ros2_ws/install/my_robot_controller:/home/ddon/ros2_ws/install/keyboard_listener:/opt/ros/humble CONDA_PROMPT_MODIFIER=(base) LD_LIBRARY_PATH=/home/ddon/ros2_ws_cpp/src/robocon2024/Odrive_CAN_Custom_Msg/install/odrive_custom_msg/lib:${LD_LIBRARY_PATH} PYTHONPATH=/home/ddon/ros2_ws_cpp/src/robocon2024/Odrive_CAN_Custom_Msg/install/odrive_custom_msg/lib/python3.12/site-packages:${PYTHONPATH} /usr/bin/cmake /home/ddon/ros2_ws_cpp/src/robocon2024/Odrive_CAN_Custom_Msg/can_control_package -DCMAKE_INSTALL_PREFIX=/home/ddon/ros2_ws_cpp/src/robocon2024/Odrive_CAN_Custom_Msg/install/can_control_package
[0.431s] Invoking command in '/home/ddon/ros2_ws_cpp/src/robocon2024/Odrive_CAN_Custom_Msg/build/can_control_package': AMENT_PREFIX_PATH=/home/ddon/ros2_ws_cpp/src/robocon2024/Odrive_CAN_Custom_Msg/install/odrive_custom_msg:${AMENT_PREFIX_PATH} CMAKE_PREFIX_PATH=/home/ddon/ros2_ws_cpp/src/robocon2024/Odrive_CAN_Custom_Msg/install/odrive_custom_msg:/home/ddon/ros2_ws_cpp/install/can_control_package:/home/ddon/ros2_ws_cpp/install/odrive_custom_msg:/home/ddon/ros2_ws_cpp/install/odrive_can_cpp:/home/ddon/ros2_ws_cpp/install/cpp_pubsub:/home/ddon/ros2_ws/install/odrive_can:/home/ddon/ros2_ws/install/my_robot_controller:/home/ddon/ros2_ws/install/keyboard_listener:/opt/ros/humble CONDA_PROMPT_MODIFIER=(base) LD_LIBRARY_PATH=/home/ddon/ros2_ws_cpp/src/robocon2024/Odrive_CAN_Custom_Msg/install/odrive_custom_msg/lib:${LD_LIBRARY_PATH} PYTHONPATH=/home/ddon/ros2_ws_cpp/src/robocon2024/Odrive_CAN_Custom_Msg/install/odrive_custom_msg/lib/python3.12/site-packages:${PYTHONPATH} /usr/bin/cmake --build /home/ddon/ros2_ws_cpp/src/robocon2024/Odrive_CAN_Custom_Msg/build/can_control_package -- -j8 -l8
[0.465s] [ 16%] [32mBuilding CXX object CMakeFiles/test_node.dir/src/test_node.cpp.o[0m
[0.465s] [ 50%] [32mBuilding CXX object CMakeFiles/rbc25_ctrl.dir/src/rbc25_ctrl.cpp.o[0m
[0.465s] [ 50%] [32mBuilding CXX object CMakeFiles/can_sender.dir/src/can_sender.cpp.o[0m
[2.390s] [01m[K/home/ddon/ros2_ws_cpp/src/robocon2024/Odrive_CAN_Custom_Msg/can_control_package/src/rbc25_ctrl.cpp:30:1:[m[K [01;31m[Kerror: [m[K‘[01m[Kvvoid[m[K’ does not name a type; did you mean ‘[01m[Kvoid[m[K’?
[2.391s]    30 | [01;31m[Kvvoid[m[K controlCallback(const odrive_custom_msg::msg::Control::SharedPtr msg) {
[2.391s]       | [01;31m[K^~~~~[m[K
[2.391s]       | [32m[Kvoid[m[K
[2.400s] [01m[K/home/ddon/ros2_ws_cpp/src/robocon2024/Odrive_CAN_Custom_Msg/can_control_package/src/test_node.cpp:[m[K In member function ‘[01m[Kvoid TestNode::promptUserInput()[m[K’:
[2.400s] [01m[K/home/ddon/ros2_ws_cpp/src/robocon2024/Odrive_CAN_Custom_Msg/can_control_package/src/test_node.cpp:43:29:[m[K [01;35m[Kwarning: [m[Koverflow in conversion from ‘[01m[Kint[m[K’ to ‘[01m[Kint8_t[m[K’ {aka ‘[01m[Ksigned char[m[K’} changes value from ‘[01m[K255[m[K’ to ‘[01m[K-1[m[K’ [[01;35m[K]8;;https://gcc.gnu.org/onlinedocs/gcc/Warning-Options.html#index-Woverflow-Woverflow]8;;[m[K]
[2.400s]    43 |                 device_id = [01;35m[K0xFF[m[K;
[2.400s]       |                             [01;35m[K^~~~[m[K
[2.457s] [01m[K/home/ddon/ros2_ws_cpp/src/robocon2024/Odrive_CAN_Custom_Msg/can_control_package/src/rbc25_ctrl.cpp:[m[K In constructor ‘[01m[KRBC25CtrlNode::RBC25CtrlNode()[m[K’:
[2.457s] [01m[K/home/ddon/ros2_ws_cpp/src/robocon2024/Odrive_CAN_Custom_Msg/can_control_package/src/rbc25_ctrl.cpp:15:39:[m[K [01;31m[Kerror: [m[K‘[01m[KcontrolCallback[m[K’ is not a member of ‘[01m[KRBC25CtrlNode[m[K’
[2.457s]    15 |      std::bind(&RBC25CtrlNode::[01;31m[KcontrolCallback[m[K, this, std::placeholders::_1));
[2.457s]       |                                [01;31m[K^~~~~~~~~~~~~~~[m[K
[2.457s] 
[2.458s] [01m[K/home/ddon/ros2_ws_cpp/src/robocon2024/Odrive_CAN_Custom_Msg/can_control_package/src/rbc25_ctrl.cpp:21:39:[m[K [01;31m[Kerror: [m[K‘[01m[KcalibrationCallback[m[K’ is not a member of ‘[01m[KRBC25CtrlNode[m[K’
[2.458s]    21 |      std::bind(&RBC25CtrlNode::[01;31m[KcalibrationCallback[m[K, this, std::placeholders::_1));
[2.458s]       |                                [01;31m[K^~~~~~~~~~~~~~~~~~~[m[K
[2.458s] 
[3.038s] gmake[2]: *** [CMakeFiles/rbc25_ctrl.dir/build.make:76: CMakeFiles/rbc25_ctrl.dir/src/rbc25_ctrl.cpp.o] Error 1
[3.038s] gmake[1]: *** [CMakeFiles/Makefile2:141: CMakeFiles/rbc25_ctrl.dir/all] Error 2
[3.038s] gmake[1]: *** Waiting for unfinished jobs....
[4.007s] [ 66%] [32m[1mLinking CXX executable test_node[0m
[4.172s] [ 66%] Built target test_node
[6.949s] [ 83%] [32m[1mLinking CXX executable can_sender[0m
[7.241s] [ 83%] Built target can_sender
[7.242s] gmake: *** [Makefile:146: all] Error 2
[7.243s] Invoked command in '/home/ddon/ros2_ws_cpp/src/robocon2024/Odrive_CAN_Custom_Msg/build/can_control_package' returned '2': AMENT_PREFIX_PATH=/home/ddon/ros2_ws_cpp/src/robocon2024/Odrive_CAN_Custom_Msg/install/odrive_custom_msg:${AMENT_PREFIX_PATH} CMAKE_PREFIX_PATH=/home/ddon/ros2_ws_cpp/src/robocon2024/Odrive_CAN_Custom_Msg/install/odrive_custom_msg:/home/ddon/ros2_ws_cpp/install/can_control_package:/home/ddon/ros2_ws_cpp/install/odrive_custom_msg:/home/ddon/ros2_ws_cpp/install/odrive_can_cpp:/home/ddon/ros2_ws_cpp/install/cpp_pubsub:/home/ddon/ros2_ws/install/odrive_can:/home/ddon/ros2_ws/install/my_robot_controller:/home/ddon/ros2_ws/install/keyboard_listener:/opt/ros/humble CONDA_PROMPT_MODIFIER=(base) LD_LIBRARY_PATH=/home/ddon/ros2_ws_cpp/src/robocon2024/Odrive_CAN_Custom_Msg/install/odrive_custom_msg/lib:${LD_LIBRARY_PATH} PYTHONPATH=/home/ddon/ros2_ws_cpp/src/robocon2024/Odrive_CAN_Custom_Msg/install/odrive_custom_msg/lib/python3.12/site-packages:${PYTHONPATH} /usr/bin/cmake --build /home/ddon/ros2_ws_cpp/src/robocon2024/Odrive_CAN_Custom_Msg/build/can_control_package -- -j8 -l8
