-- Found ament_cmake: 1.3.11 (/opt/ros/humble/share/ament_cmake/cmake)
-- Found std_msgs: 4.2.4 (/opt/ros/humble/share/std_msgs/cmake)
-- Found rosidl_generator_c: 3.1.6 (/opt/ros/humble/share/rosidl_generator_c/cmake)
-- Found rosidl_adapter: 3.1.6 (/opt/ros/humble/share/rosidl_adapter/cmake)
-- Found rosidl_generator_cpp: 3.1.6 (/opt/ros/humble/share/rosidl_generator_cpp/cmake)
-- Using all available rosidl_typesupport_c: rosidl_typesupport_fastrtps_c;rosidl_typesupport_introspection_c
-- Using all available rosidl_typesupport_cpp: rosidl_typesupport_fastrtps_cpp;rosidl_typesupport_introspection_cpp
-- Found rosidl_default_generators: 1.2.0 (/opt/ros/humble/share/rosidl_default_generators/cmake)
-- Found ament_cmake_ros: 0.10.0 (/opt/ros/humble/share/ament_cmake_ros/cmake)
-- Using all available rosidl_typesupport_c: rosidl_typesupport_fastrtps_c;rosidl_typesupport_introspection_c
-- Using all available rosidl_typesupport_cpp: rosidl_typesupport_fastrtps_cpp;rosidl_typesupport_introspection_cpp
-- Found python_cmake_module: 0.10.0 (/opt/ros/humble/share/python_cmake_module/cmake)
-- Using PYTHON_EXECUTABLE: /home/ddon/miniconda3/bin/python3
-- Using PYTHON_INCLUDE_DIRS: /home/ddon/miniconda3/include/python3.12
-- Using PYTHON_LIBRARIES: /home/ddon/miniconda3/lib/libpython3.12.so
-- Using numpy include directory: /home/ddon/miniconda3/lib/python3.12/site-packages/numpy/core/include
-- Found ament_lint_auto: 0.12.11 (/opt/ros/humble/share/ament_lint_auto/cmake)
-- Added test 'lint_cmake' to check CMake code style
-- Added test 'xmllint' to check XML markup files
-- Configuring done
-- Generating done
-- Build files have been written to: /home/ddon/ros2_ws_cpp/src/robocon2024/Odrive_CAN_Custom_Msg/build/odrive_custom_msg
[  2%] [34m[1mGenerating C code for ROS interfaces[0m
[  5%] [34m[1mGenerating C++ code for ROS interfaces[0m
[  5%] Built target ament_cmake_python_copy_odrive_custom_msg
running egg_info
[  5%] Built target odrive_custom_msg__cpp
[  7%] [34m[1mGenerating C++ type support dispatch for ROS interfaces[0m
[ 10%] [34m[1mGenerating C++ type support for eProsima Fast-RTPS[0m
[ 12%] [34m[1mGenerating C++ introspection for ROS interfaces[0m
[35m[1mConsolidate compiler generated dependencies of target odrive_custom_msg__rosidl_generator_c[0m
writing odrive_custom_msg.egg-info/PKG-INFO
writing dependency_links to odrive_custom_msg.egg-info/dependency_links.txt
writing top-level names to odrive_custom_msg.egg-info/top_level.txt
[ 15%] [32mBuilding C object CMakeFiles/odrive_custom_msg__rosidl_generator_c.dir/rosidl_generator_c/odrive_custom_msg/msg/detail/ca_nmsg__functions.c.o[0m
[ 17%] [32mBuilding C object CMakeFiles/odrive_custom_msg__rosidl_generator_c.dir/rosidl_generator_c/odrive_custom_msg/msg/detail/control__functions.c.o[0m
reading manifest file 'odrive_custom_msg.egg-info/SOURCES.txt'
writing manifest file 'odrive_custom_msg.egg-info/SOURCES.txt'
[ 20%] [32m[1mLinking C shared library libodrive_custom_msg__rosidl_generator_c.so[0m
[ 20%] Built target ament_cmake_python_build_odrive_custom_msg_egg
[ 20%] Built target odrive_custom_msg__rosidl_generator_c
[ 23%] [34m[1mGenerating C type support for eProsima Fast-RTPS[0m
[ 28%] [34m[1mGenerating C type support dispatch for ROS interfaces[0m
[ 28%] [34m[1mGenerating C introspection for ROS interfaces[0m
[35m[1mConsolidate compiler generated dependencies of target odrive_custom_msg__rosidl_typesupport_cpp[0m
[ 33%] [32mBuilding CXX object CMakeFiles/odrive_custom_msg__rosidl_typesupport_cpp.dir/rosidl_typesupport_cpp/odrive_custom_msg/msg/ca_nmsg__type_support.cpp.o[0m
[ 33%] [32mBuilding CXX object CMakeFiles/odrive_custom_msg__rosidl_typesupport_cpp.dir/rosidl_typesupport_cpp/odrive_custom_msg/msg/control__type_support.cpp.o[0m
[35m[1mConsolidate compiler generated dependencies of target odrive_custom_msg__rosidl_typesupport_fastrtps_cpp[0m
[35m[1mConsolidate compiler generated dependencies of target odrive_custom_msg__rosidl_typesupport_introspection_cpp[0m
[ 35%] [32mBuilding CXX object CMakeFiles/odrive_custom_msg__rosidl_typesupport_fastrtps_cpp.dir/rosidl_typesupport_fastrtps_cpp/odrive_custom_msg/msg/detail/dds_fastrtps/ca_nmsg__type_support.cpp.o[0m
[ 38%] [32mBuilding CXX object CMakeFiles/odrive_custom_msg__rosidl_typesupport_fastrtps_cpp.dir/rosidl_typesupport_fastrtps_cpp/odrive_custom_msg/msg/detail/dds_fastrtps/control__type_support.cpp.o[0m
[ 41%] [32mBuilding CXX object CMakeFiles/odrive_custom_msg__rosidl_typesupport_introspection_cpp.dir/rosidl_typesupport_introspection_cpp/odrive_custom_msg/msg/detail/ca_nmsg__type_support.cpp.o[0m
[35m[1mConsolidate compiler generated dependencies of target odrive_custom_msg__rosidl_typesupport_c[0m
[ 43%] [32mBuilding CXX object CMakeFiles/odrive_custom_msg__rosidl_typesupport_c.dir/rosidl_typesupport_c/odrive_custom_msg/msg/ca_nmsg__type_support.cpp.o[0m
[35m[1mConsolidate compiler generated dependencies of target odrive_custom_msg__rosidl_typesupport_fastrtps_c[0m
[ 46%] [32mBuilding CXX object CMakeFiles/odrive_custom_msg__rosidl_typesupport_c.dir/rosidl_typesupport_c/odrive_custom_msg/msg/control__type_support.cpp.o[0m
[ 48%] [32mBuilding CXX object CMakeFiles/odrive_custom_msg__rosidl_typesupport_fastrtps_c.dir/rosidl_typesupport_fastrtps_c/odrive_custom_msg/msg/detail/ca_nmsg__type_support_c.cpp.o[0m
[ 51%] [32m[1mLinking CXX shared library libodrive_custom_msg__rosidl_typesupport_c.so[0m
[35m[1mConsolidate compiler generated dependencies of target odrive_custom_msg__rosidl_typesupport_introspection_c[0m
[ 53%] [32mBuilding C object CMakeFiles/odrive_custom_msg__rosidl_typesupport_introspection_c.dir/rosidl_typesupport_introspection_c/odrive_custom_msg/msg/detail/ca_nmsg__type_support.c.o[0m
[ 56%] [32mBuilding C object CMakeFiles/odrive_custom_msg__rosidl_typesupport_introspection_c.dir/rosidl_typesupport_introspection_c/odrive_custom_msg/msg/detail/control__type_support.c.o[0m
[ 56%] Built target odrive_custom_msg__rosidl_typesupport_c
[ 58%] [32mBuilding CXX object CMakeFiles/odrive_custom_msg__rosidl_typesupport_fastrtps_c.dir/rosidl_typesupport_fastrtps_c/odrive_custom_msg/msg/detail/control__type_support_c.cpp.o[0m
[ 61%] [32mBuilding CXX object CMakeFiles/odrive_custom_msg__rosidl_typesupport_introspection_cpp.dir/rosidl_typesupport_introspection_cpp/odrive_custom_msg/msg/detail/control__type_support.cpp.o[0m
[ 64%] [32m[1mLinking C shared library libodrive_custom_msg__rosidl_typesupport_introspection_c.so[0m
[ 66%] [32m[1mLinking CXX shared library libodrive_custom_msg__rosidl_typesupport_cpp.so[0m
[ 66%] Built target odrive_custom_msg__rosidl_typesupport_introspection_c
[ 66%] Built target odrive_custom_msg__rosidl_typesupport_cpp
[ 69%] [32m[1mLinking CXX shared library libodrive_custom_msg__rosidl_typesupport_fastrtps_cpp.so[0m
[ 69%] Built target odrive_custom_msg__rosidl_typesupport_fastrtps_cpp
[ 71%] [32m[1mLinking CXX shared library libodrive_custom_msg__rosidl_typesupport_fastrtps_c.so[0m
[ 74%] [32m[1mLinking CXX shared library libodrive_custom_msg__rosidl_typesupport_introspection_cpp.so[0m
[ 74%] Built target odrive_custom_msg__rosidl_typesupport_fastrtps_c
[ 74%] Built target odrive_custom_msg__rosidl_typesupport_introspection_cpp
[ 74%] Built target odrive_custom_msg
[ 76%] [34m[1mGenerating Python code for ROS interfaces[0m
[ 76%] Built target odrive_custom_msg__py
[35m[1mConsolidate compiler generated dependencies of target odrive_custom_msg__rosidl_generator_py[0m
[ 82%] [32mBuilding C object CMakeFiles/odrive_custom_msg__rosidl_generator_py.dir/rosidl_generator_py/odrive_custom_msg/msg/_ca_nmsg_s.c.o[0m
[ 82%] [32mBuilding C object CMakeFiles/odrive_custom_msg__rosidl_generator_py.dir/rosidl_generator_py/odrive_custom_msg/msg/_control_s.c.o[0m
[ 84%] [32m[1mLinking C shared library rosidl_generator_py/odrive_custom_msg/libodrive_custom_msg__rosidl_generator_py.so[0m
[ 84%] Built target odrive_custom_msg__rosidl_generator_py
[35m[1mConsolidate compiler generated dependencies of target odrive_custom_msg__rosidl_typesupport_c__pyext[0m
[35m[1mConsolidate compiler generated dependencies of target odrive_custom_msg__rosidl_typesupport_fastrtps_c__pyext[0m
[35m[1mConsolidate compiler generated dependencies of target odrive_custom_msg__rosidl_typesupport_introspection_c__pyext[0m
[ 89%] [32mBuilding C object CMakeFiles/odrive_custom_msg__rosidl_typesupport_introspection_c__pyext.dir/rosidl_generator_py/odrive_custom_msg/_odrive_custom_msg_s.ep.rosidl_typesupport_introspection_c.c.o[0m
[ 89%] [32mBuilding C object CMakeFiles/odrive_custom_msg__rosidl_typesupport_fastrtps_c__pyext.dir/rosidl_generator_py/odrive_custom_msg/_odrive_custom_msg_s.ep.rosidl_typesupport_fastrtps_c.c.o[0m
[ 92%] [32mBuilding C object CMakeFiles/odrive_custom_msg__rosidl_typesupport_c__pyext.dir/rosidl_generator_py/odrive_custom_msg/_odrive_custom_msg_s.ep.rosidl_typesupport_c.c.o[0m
[ 97%] [32m[1mLinking C shared library rosidl_generator_py/odrive_custom_msg/odrive_custom_msg_s__rosidl_typesupport_fastrtps_c.cpython-312-x86_64-linux-gnu.so[0m
[ 97%] [32m[1mLinking C shared library rosidl_generator_py/odrive_custom_msg/odrive_custom_msg_s__rosidl_typesupport_introspection_c.cpython-312-x86_64-linux-gnu.so[0m
[ 97%] Built target odrive_custom_msg__rosidl_typesupport_fastrtps_c__pyext
[ 97%] Built target odrive_custom_msg__rosidl_typesupport_introspection_c__pyext
[100%] [32m[1mLinking C shared library rosidl_generator_py/odrive_custom_msg/odrive_custom_msg_s__rosidl_typesupport_c.cpython-312-x86_64-linux-gnu.so[0m
[100%] Built target odrive_custom_msg__rosidl_typesupport_c__pyext
-- Install configuration: ""
-- Up-to-date: /home/ddon/ros2_ws_cpp/src/robocon2024/Odrive_CAN_Custom_Msg/install/odrive_custom_msg/share/ament_index/resource_index/rosidl_interfaces/odrive_custom_msg
-- Up-to-date: /home/ddon/ros2_ws_cpp/src/robocon2024/Odrive_CAN_Custom_Msg/install/odrive_custom_msg/include/odrive_custom_msg/odrive_custom_msg
-- Up-to-date: /home/ddon/ros2_ws_cpp/src/robocon2024/Odrive_CAN_Custom_Msg/install/odrive_custom_msg/include/odrive_custom_msg/odrive_custom_msg/msg
-- Up-to-date: /home/ddon/ros2_ws_cpp/src/robocon2024/Odrive_CAN_Custom_Msg/install/odrive_custom_msg/include/odrive_custom_msg/odrive_custom_msg/msg/detail
-- Installing: /home/ddon/ros2_ws_cpp/src/robocon2024/Odrive_CAN_Custom_Msg/install/odrive_custom_msg/include/odrive_custom_msg/odrive_custom_msg/msg/detail/control__type_support.h
-- Installing: /home/ddon/ros2_ws_cpp/src/robocon2024/Odrive_CAN_Custom_Msg/install/odrive_custom_msg/include/odrive_custom_msg/odrive_custom_msg/msg/detail/control__functions.c
-- Installing: /home/ddon/ros2_ws_cpp/src/robocon2024/Odrive_CAN_Custom_Msg/install/odrive_custom_msg/include/odrive_custom_msg/odrive_custom_msg/msg/detail/control__functions.h
-- Installing: /home/ddon/ros2_ws_cpp/src/robocon2024/Odrive_CAN_Custom_Msg/install/odrive_custom_msg/include/odrive_custom_msg/odrive_custom_msg/msg/detail/ca_nmsg__struct.h
-- Installing: /home/ddon/ros2_ws_cpp/src/robocon2024/Odrive_CAN_Custom_Msg/install/odrive_custom_msg/include/odrive_custom_msg/odrive_custom_msg/msg/detail/control__struct.h
-- Installing: /home/ddon/ros2_ws_cpp/src/robocon2024/Odrive_CAN_Custom_Msg/install/odrive_custom_msg/include/odrive_custom_msg/odrive_custom_msg/msg/detail/ca_nmsg__functions.h
-- Installing: /home/ddon/ros2_ws_cpp/src/robocon2024/Odrive_CAN_Custom_Msg/install/odrive_custom_msg/include/odrive_custom_msg/odrive_custom_msg/msg/detail/ca_nmsg__functions.c
-- Installing: /home/ddon/ros2_ws_cpp/src/robocon2024/Odrive_CAN_Custom_Msg/install/odrive_custom_msg/include/odrive_custom_msg/odrive_custom_msg/msg/detail/ca_nmsg__type_support.h
-- Installing: /home/ddon/ros2_ws_cpp/src/robocon2024/Odrive_CAN_Custom_Msg/install/odrive_custom_msg/include/odrive_custom_msg/odrive_custom_msg/msg/control.h
-- Installing: /home/ddon/ros2_ws_cpp/src/robocon2024/Odrive_CAN_Custom_Msg/install/odrive_custom_msg/include/odrive_custom_msg/odrive_custom_msg/msg/ca_nmsg.h
-- Up-to-date: /home/ddon/ros2_ws_cpp/src/robocon2024/Odrive_CAN_Custom_Msg/install/odrive_custom_msg/include/odrive_custom_msg/odrive_custom_msg/msg/rosidl_generator_c__visibility_control.h
-- Up-to-date: /home/ddon/ros2_ws_cpp/src/robocon2024/Odrive_CAN_Custom_Msg/install/odrive_custom_msg/share/odrive_custom_msg/environment/library_path.sh
-- Installing: /home/ddon/ros2_ws_cpp/src/robocon2024/Odrive_CAN_Custom_Msg/install/odrive_custom_msg/share/odrive_custom_msg/environment/library_path.dsv
-- Installing: /home/ddon/ros2_ws_cpp/src/robocon2024/Odrive_CAN_Custom_Msg/install/odrive_custom_msg/lib/libodrive_custom_msg__rosidl_generator_c.so
-- Set runtime path of "/home/ddon/ros2_ws_cpp/src/robocon2024/Odrive_CAN_Custom_Msg/install/odrive_custom_msg/lib/libodrive_custom_msg__rosidl_generator_c.so" to ""
-- Up-to-date: /home/ddon/ros2_ws_cpp/src/robocon2024/Odrive_CAN_Custom_Msg/install/odrive_custom_msg/include/odrive_custom_msg/odrive_custom_msg
-- Up-to-date: /home/ddon/ros2_ws_cpp/src/robocon2024/Odrive_CAN_Custom_Msg/install/odrive_custom_msg/include/odrive_custom_msg/odrive_custom_msg/msg
-- Up-to-date: /home/ddon/ros2_ws_cpp/src/robocon2024/Odrive_CAN_Custom_Msg/install/odrive_custom_msg/include/odrive_custom_msg/odrive_custom_msg/msg/rosidl_typesupport_fastrtps_c__visibility_control.h
-- Up-to-date: /home/ddon/ros2_ws_cpp/src/robocon2024/Odrive_CAN_Custom_Msg/install/odrive_custom_msg/include/odrive_custom_msg/odrive_custom_msg/msg/detail
-- Installing: /home/ddon/ros2_ws_cpp/src/robocon2024/Odrive_CAN_Custom_Msg/install/odrive_custom_msg/include/odrive_custom_msg/odrive_custom_msg/msg/detail/ca_nmsg__rosidl_typesupport_fastrtps_c.h
-- Installing: /home/ddon/ros2_ws_cpp/src/robocon2024/Odrive_CAN_Custom_Msg/install/odrive_custom_msg/include/odrive_custom_msg/odrive_custom_msg/msg/detail/control__rosidl_typesupport_fastrtps_c.h
-- Installing: /home/ddon/ros2_ws_cpp/src/robocon2024/Odrive_CAN_Custom_Msg/install/odrive_custom_msg/lib/libodrive_custom_msg__rosidl_typesupport_fastrtps_c.so
-- Set runtime path of "/home/ddon/ros2_ws_cpp/src/robocon2024/Odrive_CAN_Custom_Msg/install/odrive_custom_msg/lib/libodrive_custom_msg__rosidl_typesupport_fastrtps_c.so" to ""
-- Up-to-date: /home/ddon/ros2_ws_cpp/src/robocon2024/Odrive_CAN_Custom_Msg/install/odrive_custom_msg/include/odrive_custom_msg/odrive_custom_msg
-- Up-to-date: /home/ddon/ros2_ws_cpp/src/robocon2024/Odrive_CAN_Custom_Msg/install/odrive_custom_msg/include/odrive_custom_msg/odrive_custom_msg/msg
-- Up-to-date: /home/ddon/ros2_ws_cpp/src/robocon2024/Odrive_CAN_Custom_Msg/install/odrive_custom_msg/include/odrive_custom_msg/odrive_custom_msg/msg/detail
-- Installing: /home/ddon/ros2_ws_cpp/src/robocon2024/Odrive_CAN_Custom_Msg/install/odrive_custom_msg/include/odrive_custom_msg/odrive_custom_msg/msg/detail/control__traits.hpp
-- Installing: /home/ddon/ros2_ws_cpp/src/robocon2024/Odrive_CAN_Custom_Msg/install/odrive_custom_msg/include/odrive_custom_msg/odrive_custom_msg/msg/detail/ca_nmsg__struct.hpp
-- Installing: /home/ddon/ros2_ws_cpp/src/robocon2024/Odrive_CAN_Custom_Msg/install/odrive_custom_msg/include/odrive_custom_msg/odrive_custom_msg/msg/detail/control__builder.hpp
-- Installing: /home/ddon/ros2_ws_cpp/src/robocon2024/Odrive_CAN_Custom_Msg/install/odrive_custom_msg/include/odrive_custom_msg/odrive_custom_msg/msg/detail/control__struct.hpp
-- Installing: /home/ddon/ros2_ws_cpp/src/robocon2024/Odrive_CAN_Custom_Msg/install/odrive_custom_msg/include/odrive_custom_msg/odrive_custom_msg/msg/detail/control__type_support.hpp
-- Installing: /home/ddon/ros2_ws_cpp/src/robocon2024/Odrive_CAN_Custom_Msg/install/odrive_custom_msg/include/odrive_custom_msg/odrive_custom_msg/msg/detail/ca_nmsg__type_support.hpp
-- Installing: /home/ddon/ros2_ws_cpp/src/robocon2024/Odrive_CAN_Custom_Msg/install/odrive_custom_msg/include/odrive_custom_msg/odrive_custom_msg/msg/detail/ca_nmsg__traits.hpp
-- Installing: /home/ddon/ros2_ws_cpp/src/robocon2024/Odrive_CAN_Custom_Msg/install/odrive_custom_msg/include/odrive_custom_msg/odrive_custom_msg/msg/detail/ca_nmsg__builder.hpp
-- Installing: /home/ddon/ros2_ws_cpp/src/robocon2024/Odrive_CAN_Custom_Msg/install/odrive_custom_msg/include/odrive_custom_msg/odrive_custom_msg/msg/ca_nmsg.hpp
-- Installing: /home/ddon/ros2_ws_cpp/src/robocon2024/Odrive_CAN_Custom_Msg/install/odrive_custom_msg/include/odrive_custom_msg/odrive_custom_msg/msg/control.hpp
-- Up-to-date: /home/ddon/ros2_ws_cpp/src/robocon2024/Odrive_CAN_Custom_Msg/install/odrive_custom_msg/include/odrive_custom_msg/odrive_custom_msg/msg/rosidl_generator_cpp__visibility_control.hpp
-- Up-to-date: /home/ddon/ros2_ws_cpp/src/robocon2024/Odrive_CAN_Custom_Msg/install/odrive_custom_msg/include/odrive_custom_msg/odrive_custom_msg
-- Up-to-date: /home/ddon/ros2_ws_cpp/src/robocon2024/Odrive_CAN_Custom_Msg/install/odrive_custom_msg/include/odrive_custom_msg/odrive_custom_msg/msg
-- Up-to-date: /home/ddon/ros2_ws_cpp/src/robocon2024/Odrive_CAN_Custom_Msg/install/odrive_custom_msg/include/odrive_custom_msg/odrive_custom_msg/msg/detail
-- Installing: /home/ddon/ros2_ws_cpp/src/robocon2024/Odrive_CAN_Custom_Msg/install/odrive_custom_msg/include/odrive_custom_msg/odrive_custom_msg/msg/detail/control__rosidl_typesupport_fastrtps_cpp.hpp
-- Installing: /home/ddon/ros2_ws_cpp/src/robocon2024/Odrive_CAN_Custom_Msg/install/odrive_custom_msg/include/odrive_custom_msg/odrive_custom_msg/msg/detail/ca_nmsg__rosidl_typesupport_fastrtps_cpp.hpp
-- Up-to-date: /home/ddon/ros2_ws_cpp/src/robocon2024/Odrive_CAN_Custom_Msg/install/odrive_custom_msg/include/odrive_custom_msg/odrive_custom_msg/msg/detail/dds_fastrtps
-- Up-to-date: /home/ddon/ros2_ws_cpp/src/robocon2024/Odrive_CAN_Custom_Msg/install/odrive_custom_msg/include/odrive_custom_msg/odrive_custom_msg/msg/rosidl_typesupport_fastrtps_cpp__visibility_control.h
-- Installing: /home/ddon/ros2_ws_cpp/src/robocon2024/Odrive_CAN_Custom_Msg/install/odrive_custom_msg/lib/libodrive_custom_msg__rosidl_typesupport_fastrtps_cpp.so
-- Set runtime path of "/home/ddon/ros2_ws_cpp/src/robocon2024/Odrive_CAN_Custom_Msg/install/odrive_custom_msg/lib/libodrive_custom_msg__rosidl_typesupport_fastrtps_cpp.so" to ""
-- Up-to-date: /home/ddon/ros2_ws_cpp/src/robocon2024/Odrive_CAN_Custom_Msg/install/odrive_custom_msg/include/odrive_custom_msg/odrive_custom_msg
-- Up-to-date: /home/ddon/ros2_ws_cpp/src/robocon2024/Odrive_CAN_Custom_Msg/install/odrive_custom_msg/include/odrive_custom_msg/odrive_custom_msg/msg
-- Up-to-date: /home/ddon/ros2_ws_cpp/src/robocon2024/Odrive_CAN_Custom_Msg/install/odrive_custom_msg/include/odrive_custom_msg/odrive_custom_msg/msg/detail
-- Installing: /home/ddon/ros2_ws_cpp/src/robocon2024/Odrive_CAN_Custom_Msg/install/odrive_custom_msg/include/odrive_custom_msg/odrive_custom_msg/msg/detail/control__type_support.c
-- Installing: /home/ddon/ros2_ws_cpp/src/robocon2024/Odrive_CAN_Custom_Msg/install/odrive_custom_msg/include/odrive_custom_msg/odrive_custom_msg/msg/detail/ca_nmsg__rosidl_typesupport_introspection_c.h
-- Installing: /home/ddon/ros2_ws_cpp/src/robocon2024/Odrive_CAN_Custom_Msg/install/odrive_custom_msg/include/odrive_custom_msg/odrive_custom_msg/msg/detail/ca_nmsg__type_support.c
-- Installing: /home/ddon/ros2_ws_cpp/src/robocon2024/Odrive_CAN_Custom_Msg/install/odrive_custom_msg/include/odrive_custom_msg/odrive_custom_msg/msg/detail/control__rosidl_typesupport_introspection_c.h
-- Up-to-date: /home/ddon/ros2_ws_cpp/src/robocon2024/Odrive_CAN_Custom_Msg/install/odrive_custom_msg/include/odrive_custom_msg/odrive_custom_msg/msg/rosidl_typesupport_introspection_c__visibility_control.h
-- Installing: /home/ddon/ros2_ws_cpp/src/robocon2024/Odrive_CAN_Custom_Msg/install/odrive_custom_msg/lib/libodrive_custom_msg__rosidl_typesupport_introspection_c.so
-- Set runtime path of "/home/ddon/ros2_ws_cpp/src/robocon2024/Odrive_CAN_Custom_Msg/install/odrive_custom_msg/lib/libodrive_custom_msg__rosidl_typesupport_introspection_c.so" to ""
-- Installing: /home/ddon/ros2_ws_cpp/src/robocon2024/Odrive_CAN_Custom_Msg/install/odrive_custom_msg/lib/libodrive_custom_msg__rosidl_typesupport_c.so
-- Set runtime path of "/home/ddon/ros2_ws_cpp/src/robocon2024/Odrive_CAN_Custom_Msg/install/odrive_custom_msg/lib/libodrive_custom_msg__rosidl_typesupport_c.so" to ""
-- Up-to-date: /home/ddon/ros2_ws_cpp/src/robocon2024/Odrive_CAN_Custom_Msg/install/odrive_custom_msg/include/odrive_custom_msg/odrive_custom_msg
-- Up-to-date: /home/ddon/ros2_ws_cpp/src/robocon2024/Odrive_CAN_Custom_Msg/install/odrive_custom_msg/include/odrive_custom_msg/odrive_custom_msg/msg
-- Up-to-date: /home/ddon/ros2_ws_cpp/src/robocon2024/Odrive_CAN_Custom_Msg/install/odrive_custom_msg/include/odrive_custom_msg/odrive_custom_msg/msg/detail
-- Installing: /home/ddon/ros2_ws_cpp/src/robocon2024/Odrive_CAN_Custom_Msg/install/odrive_custom_msg/include/odrive_custom_msg/odrive_custom_msg/msg/detail/ca_nmsg__rosidl_typesupport_introspection_cpp.hpp
-- Installing: /home/ddon/ros2_ws_cpp/src/robocon2024/Odrive_CAN_Custom_Msg/install/odrive_custom_msg/include/odrive_custom_msg/odrive_custom_msg/msg/detail/ca_nmsg__type_support.cpp
-- Installing: /home/ddon/ros2_ws_cpp/src/robocon2024/Odrive_CAN_Custom_Msg/install/odrive_custom_msg/include/odrive_custom_msg/odrive_custom_msg/msg/detail/control__type_support.cpp
-- Installing: /home/ddon/ros2_ws_cpp/src/robocon2024/Odrive_CAN_Custom_Msg/install/odrive_custom_msg/include/odrive_custom_msg/odrive_custom_msg/msg/detail/control__rosidl_typesupport_introspection_cpp.hpp
-- Installing: /home/ddon/ros2_ws_cpp/src/robocon2024/Odrive_CAN_Custom_Msg/install/odrive_custom_msg/lib/libodrive_custom_msg__rosidl_typesupport_introspection_cpp.so
-- Set runtime path of "/home/ddon/ros2_ws_cpp/src/robocon2024/Odrive_CAN_Custom_Msg/install/odrive_custom_msg/lib/libodrive_custom_msg__rosidl_typesupport_introspection_cpp.so" to ""
-- Installing: /home/ddon/ros2_ws_cpp/src/robocon2024/Odrive_CAN_Custom_Msg/install/odrive_custom_msg/lib/libodrive_custom_msg__rosidl_typesupport_cpp.so
-- Set runtime path of "/home/ddon/ros2_ws_cpp/src/robocon2024/Odrive_CAN_Custom_Msg/install/odrive_custom_msg/lib/libodrive_custom_msg__rosidl_typesupport_cpp.so" to ""
-- Up-to-date: /home/ddon/ros2_ws_cpp/src/robocon2024/Odrive_CAN_Custom_Msg/install/odrive_custom_msg/share/odrive_custom_msg/environment/pythonpath.sh
-- Installing: /home/ddon/ros2_ws_cpp/src/robocon2024/Odrive_CAN_Custom_Msg/install/odrive_custom_msg/share/odrive_custom_msg/environment/pythonpath.dsv
-- Up-to-date: /home/ddon/ros2_ws_cpp/src/robocon2024/Odrive_CAN_Custom_Msg/install/odrive_custom_msg/lib/python3.12/site-packages/odrive_custom_msg-0.0.0-py3.12.egg-info
-- Installing: /home/ddon/ros2_ws_cpp/src/robocon2024/Odrive_CAN_Custom_Msg/install/odrive_custom_msg/lib/python3.12/site-packages/odrive_custom_msg-0.0.0-py3.12.egg-info/dependency_links.txt
-- Installing: /home/ddon/ros2_ws_cpp/src/robocon2024/Odrive_CAN_Custom_Msg/install/odrive_custom_msg/lib/python3.12/site-packages/odrive_custom_msg-0.0.0-py3.12.egg-info/PKG-INFO
-- Installing: /home/ddon/ros2_ws_cpp/src/robocon2024/Odrive_CAN_Custom_Msg/install/odrive_custom_msg/lib/python3.12/site-packages/odrive_custom_msg-0.0.0-py3.12.egg-info/top_level.txt
-- Installing: /home/ddon/ros2_ws_cpp/src/robocon2024/Odrive_CAN_Custom_Msg/install/odrive_custom_msg/lib/python3.12/site-packages/odrive_custom_msg-0.0.0-py3.12.egg-info/SOURCES.txt
-- Up-to-date: /home/ddon/ros2_ws_cpp/src/robocon2024/Odrive_CAN_Custom_Msg/install/odrive_custom_msg/lib/python3.12/site-packages/odrive_custom_msg
-- Up-to-date: /home/ddon/ros2_ws_cpp/src/robocon2024/Odrive_CAN_Custom_Msg/install/odrive_custom_msg/lib/python3.12/site-packages/odrive_custom_msg/msg
-- Installing: /home/ddon/ros2_ws_cpp/src/robocon2024/Odrive_CAN_Custom_Msg/install/odrive_custom_msg/lib/python3.12/site-packages/odrive_custom_msg/msg/_ca_nmsg_s.c
-- Installing: /home/ddon/ros2_ws_cpp/src/robocon2024/Odrive_CAN_Custom_Msg/install/odrive_custom_msg/lib/python3.12/site-packages/odrive_custom_msg/msg/_control_s.c
-- Installing: /home/ddon/ros2_ws_cpp/src/robocon2024/Odrive_CAN_Custom_Msg/install/odrive_custom_msg/lib/python3.12/site-packages/odrive_custom_msg/msg/_ca_nmsg.py
-- Installing: /home/ddon/ros2_ws_cpp/src/robocon2024/Odrive_CAN_Custom_Msg/install/odrive_custom_msg/lib/python3.12/site-packages/odrive_custom_msg/msg/_control.py
-- Installing: /home/ddon/ros2_ws_cpp/src/robocon2024/Odrive_CAN_Custom_Msg/install/odrive_custom_msg/lib/python3.12/site-packages/odrive_custom_msg/msg/__init__.py
-- Installing: /home/ddon/ros2_ws_cpp/src/robocon2024/Odrive_CAN_Custom_Msg/install/odrive_custom_msg/lib/python3.12/site-packages/odrive_custom_msg/odrive_custom_msg_s__rosidl_typesupport_introspection_c.cpython-312-x86_64-linux-gnu.so
-- Installing: /home/ddon/ros2_ws_cpp/src/robocon2024/Odrive_CAN_Custom_Msg/install/odrive_custom_msg/lib/python3.12/site-packages/odrive_custom_msg/odrive_custom_msg_s__rosidl_typesupport_fastrtps_c.cpython-312-x86_64-linux-gnu.so
-- Installing: /home/ddon/ros2_ws_cpp/src/robocon2024/Odrive_CAN_Custom_Msg/install/odrive_custom_msg/lib/python3.12/site-packages/odrive_custom_msg/_odrive_custom_msg_s.ep.rosidl_typesupport_c.c
-- Installing: /home/ddon/ros2_ws_cpp/src/robocon2024/Odrive_CAN_Custom_Msg/install/odrive_custom_msg/lib/python3.12/site-packages/odrive_custom_msg/_odrive_custom_msg_s.ep.rosidl_typesupport_introspection_c.c
-- Installing: /home/ddon/ros2_ws_cpp/src/robocon2024/Odrive_CAN_Custom_Msg/install/odrive_custom_msg/lib/python3.12/site-packages/odrive_custom_msg/odrive_custom_msg_s__rosidl_typesupport_c.cpython-312-x86_64-linux-gnu.so
-- Installing: /home/ddon/ros2_ws_cpp/src/robocon2024/Odrive_CAN_Custom_Msg/install/odrive_custom_msg/lib/python3.12/site-packages/odrive_custom_msg/_odrive_custom_msg_s.ep.rosidl_typesupport_fastrtps_c.c
-- Installing: /home/ddon/ros2_ws_cpp/src/robocon2024/Odrive_CAN_Custom_Msg/install/odrive_custom_msg/lib/python3.12/site-packages/odrive_custom_msg/__init__.py
-- Installing: /home/ddon/ros2_ws_cpp/src/robocon2024/Odrive_CAN_Custom_Msg/install/odrive_custom_msg/lib/python3.12/site-packages/odrive_custom_msg/libodrive_custom_msg__rosidl_generator_py.so
Listing '/home/ddon/ros2_ws_cpp/src/robocon2024/Odrive_CAN_Custom_Msg/install/odrive_custom_msg/lib/python3.12/site-packages/odrive_custom_msg'...
Compiling '/home/ddon/ros2_ws_cpp/src/robocon2024/Odrive_CAN_Custom_Msg/install/odrive_custom_msg/lib/python3.12/site-packages/odrive_custom_msg/__init__.py'...
Listing '/home/ddon/ros2_ws_cpp/src/robocon2024/Odrive_CAN_Custom_Msg/install/odrive_custom_msg/lib/python3.12/site-packages/odrive_custom_msg/msg'...
Compiling '/home/ddon/ros2_ws_cpp/src/robocon2024/Odrive_CAN_Custom_Msg/install/odrive_custom_msg/lib/python3.12/site-packages/odrive_custom_msg/msg/__init__.py'...
Compiling '/home/ddon/ros2_ws_cpp/src/robocon2024/Odrive_CAN_Custom_Msg/install/odrive_custom_msg/lib/python3.12/site-packages/odrive_custom_msg/msg/_ca_nmsg.py'...
Compiling '/home/ddon/ros2_ws_cpp/src/robocon2024/Odrive_CAN_Custom_Msg/install/odrive_custom_msg/lib/python3.12/site-packages/odrive_custom_msg/msg/_control.py'...
-- Installing: /home/ddon/ros2_ws_cpp/src/robocon2024/Odrive_CAN_Custom_Msg/install/odrive_custom_msg/lib/python3.12/site-packages/odrive_custom_msg/odrive_custom_msg_s__rosidl_typesupport_fastrtps_c.cpython-312-x86_64-linux-gnu.so
-- Set runtime path of "/home/ddon/ros2_ws_cpp/src/robocon2024/Odrive_CAN_Custom_Msg/install/odrive_custom_msg/lib/python3.12/site-packages/odrive_custom_msg/odrive_custom_msg_s__rosidl_typesupport_fastrtps_c.cpython-312-x86_64-linux-gnu.so" to ""
-- Installing: /home/ddon/ros2_ws_cpp/src/robocon2024/Odrive_CAN_Custom_Msg/install/odrive_custom_msg/lib/python3.12/site-packages/odrive_custom_msg/odrive_custom_msg_s__rosidl_typesupport_introspection_c.cpython-312-x86_64-linux-gnu.so
-- Set runtime path of "/home/ddon/ros2_ws_cpp/src/robocon2024/Odrive_CAN_Custom_Msg/install/odrive_custom_msg/lib/python3.12/site-packages/odrive_custom_msg/odrive_custom_msg_s__rosidl_typesupport_introspection_c.cpython-312-x86_64-linux-gnu.so" to ""
-- Installing: /home/ddon/ros2_ws_cpp/src/robocon2024/Odrive_CAN_Custom_Msg/install/odrive_custom_msg/lib/python3.12/site-packages/odrive_custom_msg/odrive_custom_msg_s__rosidl_typesupport_c.cpython-312-x86_64-linux-gnu.so
-- Set runtime path of "/home/ddon/ros2_ws_cpp/src/robocon2024/Odrive_CAN_Custom_Msg/install/odrive_custom_msg/lib/python3.12/site-packages/odrive_custom_msg/odrive_custom_msg_s__rosidl_typesupport_c.cpython-312-x86_64-linux-gnu.so" to ""
-- Installing: /home/ddon/ros2_ws_cpp/src/robocon2024/Odrive_CAN_Custom_Msg/install/odrive_custom_msg/lib/libodrive_custom_msg__rosidl_generator_py.so
-- Set runtime path of "/home/ddon/ros2_ws_cpp/src/robocon2024/Odrive_CAN_Custom_Msg/install/odrive_custom_msg/lib/libodrive_custom_msg__rosidl_generator_py.so" to ""
-- Up-to-date: /home/ddon/ros2_ws_cpp/src/robocon2024/Odrive_CAN_Custom_Msg/install/odrive_custom_msg/share/odrive_custom_msg/msg/CANmsg.idl
-- Installing: /home/ddon/ros2_ws_cpp/src/robocon2024/Odrive_CAN_Custom_Msg/install/odrive_custom_msg/share/odrive_custom_msg/msg/Control.idl
-- Up-to-date: /home/ddon/ros2_ws_cpp/src/robocon2024/Odrive_CAN_Custom_Msg/install/odrive_custom_msg/share/odrive_custom_msg/msg/CANmsg.msg
-- Installing: /home/ddon/ros2_ws_cpp/src/robocon2024/Odrive_CAN_Custom_Msg/install/odrive_custom_msg/share/odrive_custom_msg/msg/Control.msg
-- Up-to-date: /home/ddon/ros2_ws_cpp/src/robocon2024/Odrive_CAN_Custom_Msg/install/odrive_custom_msg/share/ament_index/resource_index/package_run_dependencies/odrive_custom_msg
-- Up-to-date: /home/ddon/ros2_ws_cpp/src/robocon2024/Odrive_CAN_Custom_Msg/install/odrive_custom_msg/share/ament_index/resource_index/parent_prefix_path/odrive_custom_msg
-- Up-to-date: /home/ddon/ros2_ws_cpp/src/robocon2024/Odrive_CAN_Custom_Msg/install/odrive_custom_msg/share/odrive_custom_msg/environment/ament_prefix_path.sh
-- Installing: /home/ddon/ros2_ws_cpp/src/robocon2024/Odrive_CAN_Custom_Msg/install/odrive_custom_msg/share/odrive_custom_msg/environment/ament_prefix_path.dsv
-- Up-to-date: /home/ddon/ros2_ws_cpp/src/robocon2024/Odrive_CAN_Custom_Msg/install/odrive_custom_msg/share/odrive_custom_msg/environment/path.sh
-- Installing: /home/ddon/ros2_ws_cpp/src/robocon2024/Odrive_CAN_Custom_Msg/install/odrive_custom_msg/share/odrive_custom_msg/environment/path.dsv
-- Up-to-date: /home/ddon/ros2_ws_cpp/src/robocon2024/Odrive_CAN_Custom_Msg/install/odrive_custom_msg/share/odrive_custom_msg/local_setup.bash
-- Up-to-date: /home/ddon/ros2_ws_cpp/src/robocon2024/Odrive_CAN_Custom_Msg/install/odrive_custom_msg/share/odrive_custom_msg/local_setup.sh
-- Up-to-date: /home/ddon/ros2_ws_cpp/src/robocon2024/Odrive_CAN_Custom_Msg/install/odrive_custom_msg/share/odrive_custom_msg/local_setup.zsh
-- Installing: /home/ddon/ros2_ws_cpp/src/robocon2024/Odrive_CAN_Custom_Msg/install/odrive_custom_msg/share/odrive_custom_msg/local_setup.dsv
-- Installing: /home/ddon/ros2_ws_cpp/src/robocon2024/Odrive_CAN_Custom_Msg/install/odrive_custom_msg/share/odrive_custom_msg/package.dsv
-- Up-to-date: /home/ddon/ros2_ws_cpp/src/robocon2024/Odrive_CAN_Custom_Msg/install/odrive_custom_msg/share/ament_index/resource_index/packages/odrive_custom_msg
-- Up-to-date: /home/ddon/ros2_ws_cpp/src/robocon2024/Odrive_CAN_Custom_Msg/install/odrive_custom_msg/share/odrive_custom_msg/cmake/export_odrive_custom_msg__rosidl_generator_cExport.cmake
-- Up-to-date: /home/ddon/ros2_ws_cpp/src/robocon2024/Odrive_CAN_Custom_Msg/install/odrive_custom_msg/share/odrive_custom_msg/cmake/export_odrive_custom_msg__rosidl_generator_cExport-noconfig.cmake
-- Up-to-date: /home/ddon/ros2_ws_cpp/src/robocon2024/Odrive_CAN_Custom_Msg/install/odrive_custom_msg/share/odrive_custom_msg/cmake/export_odrive_custom_msg__rosidl_typesupport_fastrtps_cExport.cmake
-- Up-to-date: /home/ddon/ros2_ws_cpp/src/robocon2024/Odrive_CAN_Custom_Msg/install/odrive_custom_msg/share/odrive_custom_msg/cmake/export_odrive_custom_msg__rosidl_typesupport_fastrtps_cExport-noconfig.cmake
-- Up-to-date: /home/ddon/ros2_ws_cpp/src/robocon2024/Odrive_CAN_Custom_Msg/install/odrive_custom_msg/share/odrive_custom_msg/cmake/export_odrive_custom_msg__rosidl_generator_cppExport.cmake
-- Up-to-date: /home/ddon/ros2_ws_cpp/src/robocon2024/Odrive_CAN_Custom_Msg/install/odrive_custom_msg/share/odrive_custom_msg/cmake/export_odrive_custom_msg__rosidl_typesupport_fastrtps_cppExport.cmake
-- Up-to-date: /home/ddon/ros2_ws_cpp/src/robocon2024/Odrive_CAN_Custom_Msg/install/odrive_custom_msg/share/odrive_custom_msg/cmake/export_odrive_custom_msg__rosidl_typesupport_fastrtps_cppExport-noconfig.cmake
-- Up-to-date: /home/ddon/ros2_ws_cpp/src/robocon2024/Odrive_CAN_Custom_Msg/install/odrive_custom_msg/share/odrive_custom_msg/cmake/odrive_custom_msg__rosidl_typesupport_introspection_cExport.cmake
-- Up-to-date: /home/ddon/ros2_ws_cpp/src/robocon2024/Odrive_CAN_Custom_Msg/install/odrive_custom_msg/share/odrive_custom_msg/cmake/odrive_custom_msg__rosidl_typesupport_introspection_cExport-noconfig.cmake
-- Up-to-date: /home/ddon/ros2_ws_cpp/src/robocon2024/Odrive_CAN_Custom_Msg/install/odrive_custom_msg/share/odrive_custom_msg/cmake/odrive_custom_msg__rosidl_typesupport_cExport.cmake
-- Up-to-date: /home/ddon/ros2_ws_cpp/src/robocon2024/Odrive_CAN_Custom_Msg/install/odrive_custom_msg/share/odrive_custom_msg/cmake/odrive_custom_msg__rosidl_typesupport_cExport-noconfig.cmake
-- Up-to-date: /home/ddon/ros2_ws_cpp/src/robocon2024/Odrive_CAN_Custom_Msg/install/odrive_custom_msg/share/odrive_custom_msg/cmake/odrive_custom_msg__rosidl_typesupport_introspection_cppExport.cmake
-- Up-to-date: /home/ddon/ros2_ws_cpp/src/robocon2024/Odrive_CAN_Custom_Msg/install/odrive_custom_msg/share/odrive_custom_msg/cmake/odrive_custom_msg__rosidl_typesupport_introspection_cppExport-noconfig.cmake
-- Up-to-date: /home/ddon/ros2_ws_cpp/src/robocon2024/Odrive_CAN_Custom_Msg/install/odrive_custom_msg/share/odrive_custom_msg/cmake/odrive_custom_msg__rosidl_typesupport_cppExport.cmake
-- Up-to-date: /home/ddon/ros2_ws_cpp/src/robocon2024/Odrive_CAN_Custom_Msg/install/odrive_custom_msg/share/odrive_custom_msg/cmake/odrive_custom_msg__rosidl_typesupport_cppExport-noconfig.cmake
-- Up-to-date: /home/ddon/ros2_ws_cpp/src/robocon2024/Odrive_CAN_Custom_Msg/install/odrive_custom_msg/share/odrive_custom_msg/cmake/export_odrive_custom_msg__rosidl_generator_pyExport.cmake
-- Up-to-date: /home/ddon/ros2_ws_cpp/src/robocon2024/Odrive_CAN_Custom_Msg/install/odrive_custom_msg/share/odrive_custom_msg/cmake/export_odrive_custom_msg__rosidl_generator_pyExport-noconfig.cmake
-- Up-to-date: /home/ddon/ros2_ws_cpp/src/robocon2024/Odrive_CAN_Custom_Msg/install/odrive_custom_msg/share/odrive_custom_msg/cmake/rosidl_cmake-extras.cmake
-- Up-to-date: /home/ddon/ros2_ws_cpp/src/robocon2024/Odrive_CAN_Custom_Msg/install/odrive_custom_msg/share/odrive_custom_msg/cmake/ament_cmake_export_dependencies-extras.cmake
-- Up-to-date: /home/ddon/ros2_ws_cpp/src/robocon2024/Odrive_CAN_Custom_Msg/install/odrive_custom_msg/share/odrive_custom_msg/cmake/ament_cmake_export_include_directories-extras.cmake
-- Up-to-date: /home/ddon/ros2_ws_cpp/src/robocon2024/Odrive_CAN_Custom_Msg/install/odrive_custom_msg/share/odrive_custom_msg/cmake/ament_cmake_export_libraries-extras.cmake
-- Up-to-date: /home/ddon/ros2_ws_cpp/src/robocon2024/Odrive_CAN_Custom_Msg/install/odrive_custom_msg/share/odrive_custom_msg/cmake/ament_cmake_export_targets-extras.cmake
-- Up-to-date: /home/ddon/ros2_ws_cpp/src/robocon2024/Odrive_CAN_Custom_Msg/install/odrive_custom_msg/share/odrive_custom_msg/cmake/rosidl_cmake_export_typesupport_targets-extras.cmake
-- Up-to-date: /home/ddon/ros2_ws_cpp/src/robocon2024/Odrive_CAN_Custom_Msg/install/odrive_custom_msg/share/odrive_custom_msg/cmake/rosidl_cmake_export_typesupport_libraries-extras.cmake
-- Up-to-date: /home/ddon/ros2_ws_cpp/src/robocon2024/Odrive_CAN_Custom_Msg/install/odrive_custom_msg/share/odrive_custom_msg/cmake/odrive_custom_msgConfig.cmake
-- Up-to-date: /home/ddon/ros2_ws_cpp/src/robocon2024/Odrive_CAN_Custom_Msg/install/odrive_custom_msg/share/odrive_custom_msg/cmake/odrive_custom_msgConfig-version.cmake
-- Up-to-date: /home/ddon/ros2_ws_cpp/src/robocon2024/Odrive_CAN_Custom_Msg/install/odrive_custom_msg/share/odrive_custom_msg/package.xml
