[0.009s] Invoking command in '/home/ddon/ros2_ws_cpp/src/robocon2024/Odrive_CAN_Custom_Msg/build/odrive_custom_msg': CMAKE_PREFIX_PATH=${CMAKE_PREFIX_PATH}:/home/ddon/ros2_ws/install/odrive_can:/home/ddon/ros2_ws/install/my_robot_controller:/home/ddon/ros2_ws/install/keyboard_listener:/opt/ros/humble CONDA_PROMPT_MODIFIER=(base) /usr/bin/cmake --build /home/ddon/ros2_ws_cpp/src/robocon2024/Odrive_CAN_Custom_Msg/build/odrive_custom_msg -- -j8 -l8
[0.028s] -- Found ament_cmake: 1.3.11 (/opt/ros/humble/share/ament_cmake/cmake)
[0.143s] -- Found std_msgs: 4.2.4 (/opt/ros/humble/share/std_msgs/cmake)
[0.161s] -- Found rosidl_generator_c: 3.1.6 (/opt/ros/humble/share/rosidl_generator_c/cmake)
[0.163s] -- Found rosidl_adapter: 3.1.6 (/opt/ros/humble/share/rosidl_adapter/cmake)
[0.168s] -- Found rosidl_generator_cpp: 3.1.6 (/opt/ros/humble/share/rosidl_generator_cpp/cmake)
[0.176s] -- Using all available rosidl_typesupport_c: rosidl_typesupport_fastrtps_c;rosidl_typesupport_introspection_c
[0.187s] -- Using all available rosidl_typesupport_cpp: rosidl_typesupport_fastrtps_cpp;rosidl_typesupport_introspection_cpp
[0.204s] -- Found rosidl_default_generators: 1.2.0 (/opt/ros/humble/share/rosidl_default_generators/cmake)
[0.458s] -- Found ament_cmake_ros: 0.10.0 (/opt/ros/humble/share/ament_cmake_ros/cmake)
[0.718s] -- Using all available rosidl_typesupport_c: rosidl_typesupport_fastrtps_c;rosidl_typesupport_introspection_c
[0.822s] -- Using all available rosidl_typesupport_cpp: rosidl_typesupport_fastrtps_cpp;rosidl_typesupport_introspection_cpp
[0.836s] -- Found python_cmake_module: 0.10.0 (/opt/ros/humble/share/python_cmake_module/cmake)
[0.851s] -- Using PYTHON_EXECUTABLE: /home/ddon/miniconda3/bin/python3
[0.851s] -- Using PYTHON_INCLUDE_DIRS: /home/ddon/miniconda3/include/python3.12
[0.851s] -- Using PYTHON_LIBRARIES: /home/ddon/miniconda3/lib/libpython3.12.so
[0.984s] -- Using numpy include directory: /home/ddon/miniconda3/lib/python3.12/site-packages/numpy/core/include
[0.994s] -- Found ament_lint_auto: 0.12.11 (/opt/ros/humble/share/ament_lint_auto/cmake)
[1.001s] -- Added test 'lint_cmake' to check CMake code style
[1.001s] -- Added test 'xmllint' to check XML markup files
[1.003s] -- Configuring done
[1.030s] -- Generating done
[1.040s] -- Build files have been written to: /home/ddon/ros2_ws_cpp/src/robocon2024/Odrive_CAN_Custom_Msg/build/odrive_custom_msg
[1.059s] [  2%] [34m[1mGenerating C code for ROS interfaces[0m
[1.066s] [  5%] [34m[1mGenerating C++ code for ROS interfaces[0m
[1.072s] [  5%] Built target ament_cmake_python_copy_odrive_custom_msg
[1.274s] running egg_info
[1.287s] [  5%] Built target odrive_custom_msg__cpp
[1.297s] [  7%] [34m[1mGenerating C++ type support dispatch for ROS interfaces[0m
[1.298s] [ 10%] [34m[1mGenerating C++ type support for eProsima Fast-RTPS[0m
[1.298s] [ 12%] [34m[1mGenerating C++ introspection for ROS interfaces[0m
[1.298s] [35m[1mConsolidate compiler generated dependencies of target odrive_custom_msg__rosidl_generator_c[0m
[1.301s] writing odrive_custom_msg.egg-info/PKG-INFO
[1.301s] writing dependency_links to odrive_custom_msg.egg-info/dependency_links.txt
[1.302s] writing top-level names to odrive_custom_msg.egg-info/top_level.txt
[1.311s] [ 15%] [32mBuilding C object CMakeFiles/odrive_custom_msg__rosidl_generator_c.dir/rosidl_generator_c/odrive_custom_msg/msg/detail/ca_nmsg__functions.c.o[0m
[1.317s] [ 17%] [32mBuilding C object CMakeFiles/odrive_custom_msg__rosidl_generator_c.dir/rosidl_generator_c/odrive_custom_msg/msg/detail/control__functions.c.o[0m
[1.367s] reading manifest file 'odrive_custom_msg.egg-info/SOURCES.txt'
[1.368s] writing manifest file 'odrive_custom_msg.egg-info/SOURCES.txt'
[1.370s] [ 20%] [32m[1mLinking C shared library libodrive_custom_msg__rosidl_generator_c.so[0m
[1.396s] [ 20%] Built target ament_cmake_python_build_odrive_custom_msg_egg
[1.407s] [ 20%] Built target odrive_custom_msg__rosidl_generator_c
[1.415s] [ 23%] [34m[1mGenerating C type support for eProsima Fast-RTPS[0m
[1.417s] [ 28%] [34m[1mGenerating C type support dispatch for ROS interfaces[0m
[1.418s] [ 28%] [34m[1mGenerating C introspection for ROS interfaces[0m
[1.529s] [35m[1mConsolidate compiler generated dependencies of target odrive_custom_msg__rosidl_typesupport_cpp[0m
[1.545s] [ 33%] [32mBuilding CXX object CMakeFiles/odrive_custom_msg__rosidl_typesupport_cpp.dir/rosidl_typesupport_cpp/odrive_custom_msg/msg/ca_nmsg__type_support.cpp.o[0m
[1.545s] [ 33%] [32mBuilding CXX object CMakeFiles/odrive_custom_msg__rosidl_typesupport_cpp.dir/rosidl_typesupport_cpp/odrive_custom_msg/msg/control__type_support.cpp.o[0m
[1.571s] [35m[1mConsolidate compiler generated dependencies of target odrive_custom_msg__rosidl_typesupport_fastrtps_cpp[0m
[1.587s] [35m[1mConsolidate compiler generated dependencies of target odrive_custom_msg__rosidl_typesupport_introspection_cpp[0m
[1.587s] [ 35%] [32mBuilding CXX object CMakeFiles/odrive_custom_msg__rosidl_typesupport_fastrtps_cpp.dir/rosidl_typesupport_fastrtps_cpp/odrive_custom_msg/msg/detail/dds_fastrtps/ca_nmsg__type_support.cpp.o[0m
[1.594s] [ 38%] [32mBuilding CXX object CMakeFiles/odrive_custom_msg__rosidl_typesupport_fastrtps_cpp.dir/rosidl_typesupport_fastrtps_cpp/odrive_custom_msg/msg/detail/dds_fastrtps/control__type_support.cpp.o[0m
[1.603s] [ 41%] [32mBuilding CXX object CMakeFiles/odrive_custom_msg__rosidl_typesupport_introspection_cpp.dir/rosidl_typesupport_introspection_cpp/odrive_custom_msg/msg/detail/ca_nmsg__type_support.cpp.o[0m
[1.700s] [35m[1mConsolidate compiler generated dependencies of target odrive_custom_msg__rosidl_typesupport_c[0m
[1.716s] [ 43%] [32mBuilding CXX object CMakeFiles/odrive_custom_msg__rosidl_typesupport_c.dir/rosidl_typesupport_c/odrive_custom_msg/msg/ca_nmsg__type_support.cpp.o[0m
[1.751s] [35m[1mConsolidate compiler generated dependencies of target odrive_custom_msg__rosidl_typesupport_fastrtps_c[0m
[1.751s] [ 46%] [32mBuilding CXX object CMakeFiles/odrive_custom_msg__rosidl_typesupport_c.dir/rosidl_typesupport_c/odrive_custom_msg/msg/control__type_support.cpp.o[0m
[1.771s] [ 48%] [32mBuilding CXX object CMakeFiles/odrive_custom_msg__rosidl_typesupport_fastrtps_c.dir/rosidl_typesupport_fastrtps_c/odrive_custom_msg/msg/detail/ca_nmsg__type_support_c.cpp.o[0m
[1.786s] [ 51%] [32m[1mLinking CXX shared library libodrive_custom_msg__rosidl_typesupport_c.so[0m
[1.786s] [35m[1mConsolidate compiler generated dependencies of target odrive_custom_msg__rosidl_typesupport_introspection_c[0m
[1.803s] [ 53%] [32mBuilding C object CMakeFiles/odrive_custom_msg__rosidl_typesupport_introspection_c.dir/rosidl_typesupport_introspection_c/odrive_custom_msg/msg/detail/ca_nmsg__type_support.c.o[0m
[1.853s] [ 56%] [32mBuilding C object CMakeFiles/odrive_custom_msg__rosidl_typesupport_introspection_c.dir/rosidl_typesupport_introspection_c/odrive_custom_msg/msg/detail/control__type_support.c.o[0m
[1.871s] [ 56%] Built target odrive_custom_msg__rosidl_typesupport_c
[1.880s] [ 58%] [32mBuilding CXX object CMakeFiles/odrive_custom_msg__rosidl_typesupport_fastrtps_c.dir/rosidl_typesupport_fastrtps_c/odrive_custom_msg/msg/detail/control__type_support_c.cpp.o[0m
[1.892s] [ 61%] [32mBuilding CXX object CMakeFiles/odrive_custom_msg__rosidl_typesupport_introspection_cpp.dir/rosidl_typesupport_introspection_cpp/odrive_custom_msg/msg/detail/control__type_support.cpp.o[0m
[1.894s] [ 64%] [32m[1mLinking C shared library libodrive_custom_msg__rosidl_typesupport_introspection_c.so[0m
[1.897s] [ 66%] [32m[1mLinking CXX shared library libodrive_custom_msg__rosidl_typesupport_cpp.so[0m
[1.932s] [ 66%] Built target odrive_custom_msg__rosidl_typesupport_introspection_c
[1.953s] [ 66%] Built target odrive_custom_msg__rosidl_typesupport_cpp
[2.098s] [ 69%] [32m[1mLinking CXX shared library libodrive_custom_msg__rosidl_typesupport_fastrtps_cpp.so[0m
[2.168s] [ 69%] Built target odrive_custom_msg__rosidl_typesupport_fastrtps_cpp
[2.284s] [ 71%] [32m[1mLinking CXX shared library libodrive_custom_msg__rosidl_typesupport_fastrtps_c.so[0m
[2.329s] [ 74%] [32m[1mLinking CXX shared library libodrive_custom_msg__rosidl_typesupport_introspection_cpp.so[0m
[2.346s] [ 74%] Built target odrive_custom_msg__rosidl_typesupport_fastrtps_c
[2.387s] [ 74%] Built target odrive_custom_msg__rosidl_typesupport_introspection_cpp
[2.402s] [ 74%] Built target odrive_custom_msg
[2.416s] [ 76%] [34m[1mGenerating Python code for ROS interfaces[0m
[2.678s] [ 76%] Built target odrive_custom_msg__py
[2.686s] [35m[1mConsolidate compiler generated dependencies of target odrive_custom_msg__rosidl_generator_py[0m
[2.696s] [ 82%] [32mBuilding C object CMakeFiles/odrive_custom_msg__rosidl_generator_py.dir/rosidl_generator_py/odrive_custom_msg/msg/_ca_nmsg_s.c.o[0m
[2.696s] [ 82%] [32mBuilding C object CMakeFiles/odrive_custom_msg__rosidl_generator_py.dir/rosidl_generator_py/odrive_custom_msg/msg/_control_s.c.o[0m
[2.797s] [ 84%] [32m[1mLinking C shared library rosidl_generator_py/odrive_custom_msg/libodrive_custom_msg__rosidl_generator_py.so[0m
[2.827s] [ 84%] Built target odrive_custom_msg__rosidl_generator_py
[2.835s] [35m[1mConsolidate compiler generated dependencies of target odrive_custom_msg__rosidl_typesupport_c__pyext[0m
[2.835s] [35m[1mConsolidate compiler generated dependencies of target odrive_custom_msg__rosidl_typesupport_fastrtps_c__pyext[0m
[2.835s] [35m[1mConsolidate compiler generated dependencies of target odrive_custom_msg__rosidl_typesupport_introspection_c__pyext[0m
[2.844s] [ 89%] [32mBuilding C object CMakeFiles/odrive_custom_msg__rosidl_typesupport_introspection_c__pyext.dir/rosidl_generator_py/odrive_custom_msg/_odrive_custom_msg_s.ep.rosidl_typesupport_introspection_c.c.o[0m
[2.844s] [ 89%] [32mBuilding C object CMakeFiles/odrive_custom_msg__rosidl_typesupport_fastrtps_c__pyext.dir/rosidl_generator_py/odrive_custom_msg/_odrive_custom_msg_s.ep.rosidl_typesupport_fastrtps_c.c.o[0m
[2.847s] [ 92%] [32mBuilding C object CMakeFiles/odrive_custom_msg__rosidl_typesupport_c__pyext.dir/rosidl_generator_py/odrive_custom_msg/_odrive_custom_msg_s.ep.rosidl_typesupport_c.c.o[0m
[2.925s] [ 97%] [32m[1mLinking C shared library rosidl_generator_py/odrive_custom_msg/odrive_custom_msg_s__rosidl_typesupport_fastrtps_c.cpython-312-x86_64-linux-gnu.so[0m
[2.925s] [ 97%] [32m[1mLinking C shared library rosidl_generator_py/odrive_custom_msg/odrive_custom_msg_s__rosidl_typesupport_introspection_c.cpython-312-x86_64-linux-gnu.so[0m
[2.963s] [ 97%] Built target odrive_custom_msg__rosidl_typesupport_fastrtps_c__pyext
[2.963s] [ 97%] Built target odrive_custom_msg__rosidl_typesupport_introspection_c__pyext
[2.981s] [100%] [32m[1mLinking C shared library rosidl_generator_py/odrive_custom_msg/odrive_custom_msg_s__rosidl_typesupport_c.cpython-312-x86_64-linux-gnu.so[0m
[3.009s] [100%] Built target odrive_custom_msg__rosidl_typesupport_c__pyext
[3.017s] Invoked command in '/home/ddon/ros2_ws_cpp/src/robocon2024/Odrive_CAN_Custom_Msg/build/odrive_custom_msg' returned '0': CMAKE_PREFIX_PATH=${CMAKE_PREFIX_PATH}:/home/ddon/ros2_ws/install/odrive_can:/home/ddon/ros2_ws/install/my_robot_controller:/home/ddon/ros2_ws/install/keyboard_listener:/opt/ros/humble CONDA_PROMPT_MODIFIER=(base) /usr/bin/cmake --build /home/ddon/ros2_ws_cpp/src/robocon2024/Odrive_CAN_Custom_Msg/build/odrive_custom_msg -- -j8 -l8
[3.025s] Invoking command in '/home/ddon/ros2_ws_cpp/src/robocon2024/Odrive_CAN_Custom_Msg/build/odrive_custom_msg': CMAKE_PREFIX_PATH=${CMAKE_PREFIX_PATH}:/home/ddon/ros2_ws/install/odrive_can:/home/ddon/ros2_ws/install/my_robot_controller:/home/ddon/ros2_ws/install/keyboard_listener:/opt/ros/humble CONDA_PROMPT_MODIFIER=(base) /usr/bin/cmake --install /home/ddon/ros2_ws_cpp/src/robocon2024/Odrive_CAN_Custom_Msg/build/odrive_custom_msg
[3.030s] -- Install configuration: ""
[3.031s] -- Up-to-date: /home/ddon/ros2_ws_cpp/src/robocon2024/Odrive_CAN_Custom_Msg/install/odrive_custom_msg/share/ament_index/resource_index/rosidl_interfaces/odrive_custom_msg
[3.031s] -- Up-to-date: /home/ddon/ros2_ws_cpp/src/robocon2024/Odrive_CAN_Custom_Msg/install/odrive_custom_msg/include/odrive_custom_msg/odrive_custom_msg
[3.031s] -- Up-to-date: /home/ddon/ros2_ws_cpp/src/robocon2024/Odrive_CAN_Custom_Msg/install/odrive_custom_msg/include/odrive_custom_msg/odrive_custom_msg/msg
[3.031s] -- Up-to-date: /home/ddon/ros2_ws_cpp/src/robocon2024/Odrive_CAN_Custom_Msg/install/odrive_custom_msg/include/odrive_custom_msg/odrive_custom_msg/msg/detail
[3.031s] -- Installing: /home/ddon/ros2_ws_cpp/src/robocon2024/Odrive_CAN_Custom_Msg/install/odrive_custom_msg/include/odrive_custom_msg/odrive_custom_msg/msg/detail/control__type_support.h
[3.031s] -- Installing: /home/ddon/ros2_ws_cpp/src/robocon2024/Odrive_CAN_Custom_Msg/install/odrive_custom_msg/include/odrive_custom_msg/odrive_custom_msg/msg/detail/control__functions.c
[3.031s] -- Installing: /home/ddon/ros2_ws_cpp/src/robocon2024/Odrive_CAN_Custom_Msg/install/odrive_custom_msg/include/odrive_custom_msg/odrive_custom_msg/msg/detail/control__functions.h
[3.031s] -- Installing: /home/ddon/ros2_ws_cpp/src/robocon2024/Odrive_CAN_Custom_Msg/install/odrive_custom_msg/include/odrive_custom_msg/odrive_custom_msg/msg/detail/ca_nmsg__struct.h
[3.031s] -- Installing: /home/ddon/ros2_ws_cpp/src/robocon2024/Odrive_CAN_Custom_Msg/install/odrive_custom_msg/include/odrive_custom_msg/odrive_custom_msg/msg/detail/control__struct.h
[3.031s] -- Installing: /home/ddon/ros2_ws_cpp/src/robocon2024/Odrive_CAN_Custom_Msg/install/odrive_custom_msg/include/odrive_custom_msg/odrive_custom_msg/msg/detail/ca_nmsg__functions.h
[3.032s] -- Installing: /home/ddon/ros2_ws_cpp/src/robocon2024/Odrive_CAN_Custom_Msg/install/odrive_custom_msg/include/odrive_custom_msg/odrive_custom_msg/msg/detail/ca_nmsg__functions.c
[3.032s] -- Installing: /home/ddon/ros2_ws_cpp/src/robocon2024/Odrive_CAN_Custom_Msg/install/odrive_custom_msg/include/odrive_custom_msg/odrive_custom_msg/msg/detail/ca_nmsg__type_support.h
[3.032s] -- Installing: /home/ddon/ros2_ws_cpp/src/robocon2024/Odrive_CAN_Custom_Msg/install/odrive_custom_msg/include/odrive_custom_msg/odrive_custom_msg/msg/control.h
[3.032s] -- Installing: /home/ddon/ros2_ws_cpp/src/robocon2024/Odrive_CAN_Custom_Msg/install/odrive_custom_msg/include/odrive_custom_msg/odrive_custom_msg/msg/ca_nmsg.h
[3.032s] -- Up-to-date: /home/ddon/ros2_ws_cpp/src/robocon2024/Odrive_CAN_Custom_Msg/install/odrive_custom_msg/include/odrive_custom_msg/odrive_custom_msg/msg/rosidl_generator_c__visibility_control.h
[3.032s] -- Up-to-date: /home/ddon/ros2_ws_cpp/src/robocon2024/Odrive_CAN_Custom_Msg/install/odrive_custom_msg/share/odrive_custom_msg/environment/library_path.sh
[3.032s] -- Installing: /home/ddon/ros2_ws_cpp/src/robocon2024/Odrive_CAN_Custom_Msg/install/odrive_custom_msg/share/odrive_custom_msg/environment/library_path.dsv
[3.032s] -- Installing: /home/ddon/ros2_ws_cpp/src/robocon2024/Odrive_CAN_Custom_Msg/install/odrive_custom_msg/lib/libodrive_custom_msg__rosidl_generator_c.so
[3.032s] -- Set runtime path of "/home/ddon/ros2_ws_cpp/src/robocon2024/Odrive_CAN_Custom_Msg/install/odrive_custom_msg/lib/libodrive_custom_msg__rosidl_generator_c.so" to ""
[3.032s] -- Up-to-date: /home/ddon/ros2_ws_cpp/src/robocon2024/Odrive_CAN_Custom_Msg/install/odrive_custom_msg/include/odrive_custom_msg/odrive_custom_msg
[3.032s] -- Up-to-date: /home/ddon/ros2_ws_cpp/src/robocon2024/Odrive_CAN_Custom_Msg/install/odrive_custom_msg/include/odrive_custom_msg/odrive_custom_msg/msg
[3.033s] -- Up-to-date: /home/ddon/ros2_ws_cpp/src/robocon2024/Odrive_CAN_Custom_Msg/install/odrive_custom_msg/include/odrive_custom_msg/odrive_custom_msg/msg/rosidl_typesupport_fastrtps_c__visibility_control.h
[3.033s] -- Up-to-date: /home/ddon/ros2_ws_cpp/src/robocon2024/Odrive_CAN_Custom_Msg/install/odrive_custom_msg/include/odrive_custom_msg/odrive_custom_msg/msg/detail
[3.033s] -- Installing: /home/ddon/ros2_ws_cpp/src/robocon2024/Odrive_CAN_Custom_Msg/install/odrive_custom_msg/include/odrive_custom_msg/odrive_custom_msg/msg/detail/ca_nmsg__rosidl_typesupport_fastrtps_c.h
[3.033s] -- Installing: /home/ddon/ros2_ws_cpp/src/robocon2024/Odrive_CAN_Custom_Msg/install/odrive_custom_msg/include/odrive_custom_msg/odrive_custom_msg/msg/detail/control__rosidl_typesupport_fastrtps_c.h
[3.033s] -- Installing: /home/ddon/ros2_ws_cpp/src/robocon2024/Odrive_CAN_Custom_Msg/install/odrive_custom_msg/lib/libodrive_custom_msg__rosidl_typesupport_fastrtps_c.so
[3.033s] -- Set runtime path of "/home/ddon/ros2_ws_cpp/src/robocon2024/Odrive_CAN_Custom_Msg/install/odrive_custom_msg/lib/libodrive_custom_msg__rosidl_typesupport_fastrtps_c.so" to ""
[3.033s] -- Up-to-date: /home/ddon/ros2_ws_cpp/src/robocon2024/Odrive_CAN_Custom_Msg/install/odrive_custom_msg/include/odrive_custom_msg/odrive_custom_msg
[3.033s] -- Up-to-date: /home/ddon/ros2_ws_cpp/src/robocon2024/Odrive_CAN_Custom_Msg/install/odrive_custom_msg/include/odrive_custom_msg/odrive_custom_msg/msg
[3.033s] -- Up-to-date: /home/ddon/ros2_ws_cpp/src/robocon2024/Odrive_CAN_Custom_Msg/install/odrive_custom_msg/include/odrive_custom_msg/odrive_custom_msg/msg/detail
[3.033s] -- Installing: /home/ddon/ros2_ws_cpp/src/robocon2024/Odrive_CAN_Custom_Msg/install/odrive_custom_msg/include/odrive_custom_msg/odrive_custom_msg/msg/detail/control__traits.hpp
[3.033s] -- Installing: /home/ddon/ros2_ws_cpp/src/robocon2024/Odrive_CAN_Custom_Msg/install/odrive_custom_msg/include/odrive_custom_msg/odrive_custom_msg/msg/detail/ca_nmsg__struct.hpp
[3.034s] -- Installing: /home/ddon/ros2_ws_cpp/src/robocon2024/Odrive_CAN_Custom_Msg/install/odrive_custom_msg/include/odrive_custom_msg/odrive_custom_msg/msg/detail/control__builder.hpp
[3.034s] -- Installing: /home/ddon/ros2_ws_cpp/src/robocon2024/Odrive_CAN_Custom_Msg/install/odrive_custom_msg/include/odrive_custom_msg/odrive_custom_msg/msg/detail/control__struct.hpp
[3.034s] -- Installing: /home/ddon/ros2_ws_cpp/src/robocon2024/Odrive_CAN_Custom_Msg/install/odrive_custom_msg/include/odrive_custom_msg/odrive_custom_msg/msg/detail/control__type_support.hpp
[3.034s] -- Installing: /home/ddon/ros2_ws_cpp/src/robocon2024/Odrive_CAN_Custom_Msg/install/odrive_custom_msg/include/odrive_custom_msg/odrive_custom_msg/msg/detail/ca_nmsg__type_support.hpp
[3.034s] -- Installing: /home/ddon/ros2_ws_cpp/src/robocon2024/Odrive_CAN_Custom_Msg/install/odrive_custom_msg/include/odrive_custom_msg/odrive_custom_msg/msg/detail/ca_nmsg__traits.hpp
[3.034s] -- Installing: /home/ddon/ros2_ws_cpp/src/robocon2024/Odrive_CAN_Custom_Msg/install/odrive_custom_msg/include/odrive_custom_msg/odrive_custom_msg/msg/detail/ca_nmsg__builder.hpp
[3.034s] -- Installing: /home/ddon/ros2_ws_cpp/src/robocon2024/Odrive_CAN_Custom_Msg/install/odrive_custom_msg/include/odrive_custom_msg/odrive_custom_msg/msg/ca_nmsg.hpp
[3.034s] -- Installing: /home/ddon/ros2_ws_cpp/src/robocon2024/Odrive_CAN_Custom_Msg/install/odrive_custom_msg/include/odrive_custom_msg/odrive_custom_msg/msg/control.hpp
[3.034s] -- Up-to-date: /home/ddon/ros2_ws_cpp/src/robocon2024/Odrive_CAN_Custom_Msg/install/odrive_custom_msg/include/odrive_custom_msg/odrive_custom_msg/msg/rosidl_generator_cpp__visibility_control.hpp
[3.035s] -- Up-to-date: /home/ddon/ros2_ws_cpp/src/robocon2024/Odrive_CAN_Custom_Msg/install/odrive_custom_msg/include/odrive_custom_msg/odrive_custom_msg
[3.035s] -- Up-to-date: /home/ddon/ros2_ws_cpp/src/robocon2024/Odrive_CAN_Custom_Msg/install/odrive_custom_msg/include/odrive_custom_msg/odrive_custom_msg/msg
[3.035s] -- Up-to-date: /home/ddon/ros2_ws_cpp/src/robocon2024/Odrive_CAN_Custom_Msg/install/odrive_custom_msg/include/odrive_custom_msg/odrive_custom_msg/msg/detail
[3.035s] -- Installing: /home/ddon/ros2_ws_cpp/src/robocon2024/Odrive_CAN_Custom_Msg/install/odrive_custom_msg/include/odrive_custom_msg/odrive_custom_msg/msg/detail/control__rosidl_typesupport_fastrtps_cpp.hpp
[3.035s] -- Installing: /home/ddon/ros2_ws_cpp/src/robocon2024/Odrive_CAN_Custom_Msg/install/odrive_custom_msg/include/odrive_custom_msg/odrive_custom_msg/msg/detail/ca_nmsg__rosidl_typesupport_fastrtps_cpp.hpp
[3.035s] -- Up-to-date: /home/ddon/ros2_ws_cpp/src/robocon2024/Odrive_CAN_Custom_Msg/install/odrive_custom_msg/include/odrive_custom_msg/odrive_custom_msg/msg/detail/dds_fastrtps
[3.035s] -- Up-to-date: /home/ddon/ros2_ws_cpp/src/robocon2024/Odrive_CAN_Custom_Msg/install/odrive_custom_msg/include/odrive_custom_msg/odrive_custom_msg/msg/rosidl_typesupport_fastrtps_cpp__visibility_control.h
[3.035s] -- Installing: /home/ddon/ros2_ws_cpp/src/robocon2024/Odrive_CAN_Custom_Msg/install/odrive_custom_msg/lib/libodrive_custom_msg__rosidl_typesupport_fastrtps_cpp.so
[3.035s] -- Set runtime path of "/home/ddon/ros2_ws_cpp/src/robocon2024/Odrive_CAN_Custom_Msg/install/odrive_custom_msg/lib/libodrive_custom_msg__rosidl_typesupport_fastrtps_cpp.so" to ""
[3.035s] -- Up-to-date: /home/ddon/ros2_ws_cpp/src/robocon2024/Odrive_CAN_Custom_Msg/install/odrive_custom_msg/include/odrive_custom_msg/odrive_custom_msg
[3.035s] -- Up-to-date: /home/ddon/ros2_ws_cpp/src/robocon2024/Odrive_CAN_Custom_Msg/install/odrive_custom_msg/include/odrive_custom_msg/odrive_custom_msg/msg
[3.036s] -- Up-to-date: /home/ddon/ros2_ws_cpp/src/robocon2024/Odrive_CAN_Custom_Msg/install/odrive_custom_msg/include/odrive_custom_msg/odrive_custom_msg/msg/detail
[3.036s] -- Installing: /home/ddon/ros2_ws_cpp/src/robocon2024/Odrive_CAN_Custom_Msg/install/odrive_custom_msg/include/odrive_custom_msg/odrive_custom_msg/msg/detail/control__type_support.c
[3.036s] -- Installing: /home/ddon/ros2_ws_cpp/src/robocon2024/Odrive_CAN_Custom_Msg/install/odrive_custom_msg/include/odrive_custom_msg/odrive_custom_msg/msg/detail/ca_nmsg__rosidl_typesupport_introspection_c.h
[3.036s] -- Installing: /home/ddon/ros2_ws_cpp/src/robocon2024/Odrive_CAN_Custom_Msg/install/odrive_custom_msg/include/odrive_custom_msg/odrive_custom_msg/msg/detail/ca_nmsg__type_support.c
[3.036s] -- Installing: /home/ddon/ros2_ws_cpp/src/robocon2024/Odrive_CAN_Custom_Msg/install/odrive_custom_msg/include/odrive_custom_msg/odrive_custom_msg/msg/detail/control__rosidl_typesupport_introspection_c.h
[3.036s] -- Up-to-date: /home/ddon/ros2_ws_cpp/src/robocon2024/Odrive_CAN_Custom_Msg/install/odrive_custom_msg/include/odrive_custom_msg/odrive_custom_msg/msg/rosidl_typesupport_introspection_c__visibility_control.h
[3.036s] -- Installing: /home/ddon/ros2_ws_cpp/src/robocon2024/Odrive_CAN_Custom_Msg/install/odrive_custom_msg/lib/libodrive_custom_msg__rosidl_typesupport_introspection_c.so
[3.036s] -- Set runtime path of "/home/ddon/ros2_ws_cpp/src/robocon2024/Odrive_CAN_Custom_Msg/install/odrive_custom_msg/lib/libodrive_custom_msg__rosidl_typesupport_introspection_c.so" to ""
[3.036s] -- Installing: /home/ddon/ros2_ws_cpp/src/robocon2024/Odrive_CAN_Custom_Msg/install/odrive_custom_msg/lib/libodrive_custom_msg__rosidl_typesupport_c.so
[3.036s] -- Set runtime path of "/home/ddon/ros2_ws_cpp/src/robocon2024/Odrive_CAN_Custom_Msg/install/odrive_custom_msg/lib/libodrive_custom_msg__rosidl_typesupport_c.so" to ""
[3.037s] -- Up-to-date: /home/ddon/ros2_ws_cpp/src/robocon2024/Odrive_CAN_Custom_Msg/install/odrive_custom_msg/include/odrive_custom_msg/odrive_custom_msg
[3.037s] -- Up-to-date: /home/ddon/ros2_ws_cpp/src/robocon2024/Odrive_CAN_Custom_Msg/install/odrive_custom_msg/include/odrive_custom_msg/odrive_custom_msg/msg
[3.037s] -- Up-to-date: /home/ddon/ros2_ws_cpp/src/robocon2024/Odrive_CAN_Custom_Msg/install/odrive_custom_msg/include/odrive_custom_msg/odrive_custom_msg/msg/detail
[3.037s] -- Installing: /home/ddon/ros2_ws_cpp/src/robocon2024/Odrive_CAN_Custom_Msg/install/odrive_custom_msg/include/odrive_custom_msg/odrive_custom_msg/msg/detail/ca_nmsg__rosidl_typesupport_introspection_cpp.hpp
[3.037s] -- Installing: /home/ddon/ros2_ws_cpp/src/robocon2024/Odrive_CAN_Custom_Msg/install/odrive_custom_msg/include/odrive_custom_msg/odrive_custom_msg/msg/detail/ca_nmsg__type_support.cpp
[3.037s] -- Installing: /home/ddon/ros2_ws_cpp/src/robocon2024/Odrive_CAN_Custom_Msg/install/odrive_custom_msg/include/odrive_custom_msg/odrive_custom_msg/msg/detail/control__type_support.cpp
[3.037s] -- Installing: /home/ddon/ros2_ws_cpp/src/robocon2024/Odrive_CAN_Custom_Msg/install/odrive_custom_msg/include/odrive_custom_msg/odrive_custom_msg/msg/detail/control__rosidl_typesupport_introspection_cpp.hpp
[3.037s] -- Installing: /home/ddon/ros2_ws_cpp/src/robocon2024/Odrive_CAN_Custom_Msg/install/odrive_custom_msg/lib/libodrive_custom_msg__rosidl_typesupport_introspection_cpp.so
[3.037s] -- Set runtime path of "/home/ddon/ros2_ws_cpp/src/robocon2024/Odrive_CAN_Custom_Msg/install/odrive_custom_msg/lib/libodrive_custom_msg__rosidl_typesupport_introspection_cpp.so" to ""
[3.037s] -- Installing: /home/ddon/ros2_ws_cpp/src/robocon2024/Odrive_CAN_Custom_Msg/install/odrive_custom_msg/lib/libodrive_custom_msg__rosidl_typesupport_cpp.so
[3.038s] -- Set runtime path of "/home/ddon/ros2_ws_cpp/src/robocon2024/Odrive_CAN_Custom_Msg/install/odrive_custom_msg/lib/libodrive_custom_msg__rosidl_typesupport_cpp.so" to ""
[3.038s] -- Up-to-date: /home/ddon/ros2_ws_cpp/src/robocon2024/Odrive_CAN_Custom_Msg/install/odrive_custom_msg/share/odrive_custom_msg/environment/pythonpath.sh
[3.038s] -- Installing: /home/ddon/ros2_ws_cpp/src/robocon2024/Odrive_CAN_Custom_Msg/install/odrive_custom_msg/share/odrive_custom_msg/environment/pythonpath.dsv
[3.038s] -- Up-to-date: /home/ddon/ros2_ws_cpp/src/robocon2024/Odrive_CAN_Custom_Msg/install/odrive_custom_msg/lib/python3.12/site-packages/odrive_custom_msg-0.0.0-py3.12.egg-info
[3.038s] -- Installing: /home/ddon/ros2_ws_cpp/src/robocon2024/Odrive_CAN_Custom_Msg/install/odrive_custom_msg/lib/python3.12/site-packages/odrive_custom_msg-0.0.0-py3.12.egg-info/dependency_links.txt
[3.038s] -- Installing: /home/ddon/ros2_ws_cpp/src/robocon2024/Odrive_CAN_Custom_Msg/install/odrive_custom_msg/lib/python3.12/site-packages/odrive_custom_msg-0.0.0-py3.12.egg-info/PKG-INFO
[3.038s] -- Installing: /home/ddon/ros2_ws_cpp/src/robocon2024/Odrive_CAN_Custom_Msg/install/odrive_custom_msg/lib/python3.12/site-packages/odrive_custom_msg-0.0.0-py3.12.egg-info/top_level.txt
[3.038s] -- Installing: /home/ddon/ros2_ws_cpp/src/robocon2024/Odrive_CAN_Custom_Msg/install/odrive_custom_msg/lib/python3.12/site-packages/odrive_custom_msg-0.0.0-py3.12.egg-info/SOURCES.txt
[3.038s] -- Up-to-date: /home/ddon/ros2_ws_cpp/src/robocon2024/Odrive_CAN_Custom_Msg/install/odrive_custom_msg/lib/python3.12/site-packages/odrive_custom_msg
[3.038s] -- Up-to-date: /home/ddon/ros2_ws_cpp/src/robocon2024/Odrive_CAN_Custom_Msg/install/odrive_custom_msg/lib/python3.12/site-packages/odrive_custom_msg/msg
[3.038s] -- Installing: /home/ddon/ros2_ws_cpp/src/robocon2024/Odrive_CAN_Custom_Msg/install/odrive_custom_msg/lib/python3.12/site-packages/odrive_custom_msg/msg/_ca_nmsg_s.c
[3.039s] -- Installing: /home/ddon/ros2_ws_cpp/src/robocon2024/Odrive_CAN_Custom_Msg/install/odrive_custom_msg/lib/python3.12/site-packages/odrive_custom_msg/msg/_control_s.c
[3.039s] -- Installing: /home/ddon/ros2_ws_cpp/src/robocon2024/Odrive_CAN_Custom_Msg/install/odrive_custom_msg/lib/python3.12/site-packages/odrive_custom_msg/msg/_ca_nmsg.py
[3.039s] -- Installing: /home/ddon/ros2_ws_cpp/src/robocon2024/Odrive_CAN_Custom_Msg/install/odrive_custom_msg/lib/python3.12/site-packages/odrive_custom_msg/msg/_control.py
[3.039s] -- Installing: /home/ddon/ros2_ws_cpp/src/robocon2024/Odrive_CAN_Custom_Msg/install/odrive_custom_msg/lib/python3.12/site-packages/odrive_custom_msg/msg/__init__.py
[3.039s] -- Installing: /home/ddon/ros2_ws_cpp/src/robocon2024/Odrive_CAN_Custom_Msg/install/odrive_custom_msg/lib/python3.12/site-packages/odrive_custom_msg/odrive_custom_msg_s__rosidl_typesupport_introspection_c.cpython-312-x86_64-linux-gnu.so
[3.039s] -- Installing: /home/ddon/ros2_ws_cpp/src/robocon2024/Odrive_CAN_Custom_Msg/install/odrive_custom_msg/lib/python3.12/site-packages/odrive_custom_msg/odrive_custom_msg_s__rosidl_typesupport_fastrtps_c.cpython-312-x86_64-linux-gnu.so
[3.039s] -- Installing: /home/ddon/ros2_ws_cpp/src/robocon2024/Odrive_CAN_Custom_Msg/install/odrive_custom_msg/lib/python3.12/site-packages/odrive_custom_msg/_odrive_custom_msg_s.ep.rosidl_typesupport_c.c
[3.039s] -- Installing: /home/ddon/ros2_ws_cpp/src/robocon2024/Odrive_CAN_Custom_Msg/install/odrive_custom_msg/lib/python3.12/site-packages/odrive_custom_msg/_odrive_custom_msg_s.ep.rosidl_typesupport_introspection_c.c
[3.039s] -- Installing: /home/ddon/ros2_ws_cpp/src/robocon2024/Odrive_CAN_Custom_Msg/install/odrive_custom_msg/lib/python3.12/site-packages/odrive_custom_msg/odrive_custom_msg_s__rosidl_typesupport_c.cpython-312-x86_64-linux-gnu.so
[3.039s] -- Installing: /home/ddon/ros2_ws_cpp/src/robocon2024/Odrive_CAN_Custom_Msg/install/odrive_custom_msg/lib/python3.12/site-packages/odrive_custom_msg/_odrive_custom_msg_s.ep.rosidl_typesupport_fastrtps_c.c
[3.039s] -- Installing: /home/ddon/ros2_ws_cpp/src/robocon2024/Odrive_CAN_Custom_Msg/install/odrive_custom_msg/lib/python3.12/site-packages/odrive_custom_msg/__init__.py
[3.040s] -- Installing: /home/ddon/ros2_ws_cpp/src/robocon2024/Odrive_CAN_Custom_Msg/install/odrive_custom_msg/lib/python3.12/site-packages/odrive_custom_msg/libodrive_custom_msg__rosidl_generator_py.so
[3.070s] Listing '/home/ddon/ros2_ws_cpp/src/robocon2024/Odrive_CAN_Custom_Msg/install/odrive_custom_msg/lib/python3.12/site-packages/odrive_custom_msg'...
[3.070s] Compiling '/home/ddon/ros2_ws_cpp/src/robocon2024/Odrive_CAN_Custom_Msg/install/odrive_custom_msg/lib/python3.12/site-packages/odrive_custom_msg/__init__.py'...
[3.070s] Listing '/home/ddon/ros2_ws_cpp/src/robocon2024/Odrive_CAN_Custom_Msg/install/odrive_custom_msg/lib/python3.12/site-packages/odrive_custom_msg/msg'...
[3.071s] Compiling '/home/ddon/ros2_ws_cpp/src/robocon2024/Odrive_CAN_Custom_Msg/install/odrive_custom_msg/lib/python3.12/site-packages/odrive_custom_msg/msg/__init__.py'...
[3.071s] Compiling '/home/ddon/ros2_ws_cpp/src/robocon2024/Odrive_CAN_Custom_Msg/install/odrive_custom_msg/lib/python3.12/site-packages/odrive_custom_msg/msg/_ca_nmsg.py'...
[3.071s] Compiling '/home/ddon/ros2_ws_cpp/src/robocon2024/Odrive_CAN_Custom_Msg/install/odrive_custom_msg/lib/python3.12/site-packages/odrive_custom_msg/msg/_control.py'...
[3.074s] -- Installing: /home/ddon/ros2_ws_cpp/src/robocon2024/Odrive_CAN_Custom_Msg/install/odrive_custom_msg/lib/python3.12/site-packages/odrive_custom_msg/odrive_custom_msg_s__rosidl_typesupport_fastrtps_c.cpython-312-x86_64-linux-gnu.so
[3.075s] -- Set runtime path of "/home/ddon/ros2_ws_cpp/src/robocon2024/Odrive_CAN_Custom_Msg/install/odrive_custom_msg/lib/python3.12/site-packages/odrive_custom_msg/odrive_custom_msg_s__rosidl_typesupport_fastrtps_c.cpython-312-x86_64-linux-gnu.so" to ""
[3.075s] -- Installing: /home/ddon/ros2_ws_cpp/src/robocon2024/Odrive_CAN_Custom_Msg/install/odrive_custom_msg/lib/python3.12/site-packages/odrive_custom_msg/odrive_custom_msg_s__rosidl_typesupport_introspection_c.cpython-312-x86_64-linux-gnu.so
[3.075s] -- Set runtime path of "/home/ddon/ros2_ws_cpp/src/robocon2024/Odrive_CAN_Custom_Msg/install/odrive_custom_msg/lib/python3.12/site-packages/odrive_custom_msg/odrive_custom_msg_s__rosidl_typesupport_introspection_c.cpython-312-x86_64-linux-gnu.so" to ""
[3.075s] -- Installing: /home/ddon/ros2_ws_cpp/src/robocon2024/Odrive_CAN_Custom_Msg/install/odrive_custom_msg/lib/python3.12/site-packages/odrive_custom_msg/odrive_custom_msg_s__rosidl_typesupport_c.cpython-312-x86_64-linux-gnu.so
[3.075s] -- Set runtime path of "/home/ddon/ros2_ws_cpp/src/robocon2024/Odrive_CAN_Custom_Msg/install/odrive_custom_msg/lib/python3.12/site-packages/odrive_custom_msg/odrive_custom_msg_s__rosidl_typesupport_c.cpython-312-x86_64-linux-gnu.so" to ""
[3.075s] -- Installing: /home/ddon/ros2_ws_cpp/src/robocon2024/Odrive_CAN_Custom_Msg/install/odrive_custom_msg/lib/libodrive_custom_msg__rosidl_generator_py.so
[3.076s] -- Set runtime path of "/home/ddon/ros2_ws_cpp/src/robocon2024/Odrive_CAN_Custom_Msg/install/odrive_custom_msg/lib/libodrive_custom_msg__rosidl_generator_py.so" to ""
[3.076s] -- Up-to-date: /home/ddon/ros2_ws_cpp/src/robocon2024/Odrive_CAN_Custom_Msg/install/odrive_custom_msg/share/odrive_custom_msg/msg/CANmsg.idl
[3.076s] -- Installing: /home/ddon/ros2_ws_cpp/src/robocon2024/Odrive_CAN_Custom_Msg/install/odrive_custom_msg/share/odrive_custom_msg/msg/Control.idl
[3.076s] -- Up-to-date: /home/ddon/ros2_ws_cpp/src/robocon2024/Odrive_CAN_Custom_Msg/install/odrive_custom_msg/share/odrive_custom_msg/msg/CANmsg.msg
[3.076s] -- Installing: /home/ddon/ros2_ws_cpp/src/robocon2024/Odrive_CAN_Custom_Msg/install/odrive_custom_msg/share/odrive_custom_msg/msg/Control.msg
[3.076s] -- Up-to-date: /home/ddon/ros2_ws_cpp/src/robocon2024/Odrive_CAN_Custom_Msg/install/odrive_custom_msg/share/ament_index/resource_index/package_run_dependencies/odrive_custom_msg
[3.076s] -- Up-to-date: /home/ddon/ros2_ws_cpp/src/robocon2024/Odrive_CAN_Custom_Msg/install/odrive_custom_msg/share/ament_index/resource_index/parent_prefix_path/odrive_custom_msg
[3.076s] -- Up-to-date: /home/ddon/ros2_ws_cpp/src/robocon2024/Odrive_CAN_Custom_Msg/install/odrive_custom_msg/share/odrive_custom_msg/environment/ament_prefix_path.sh
[3.077s] -- Installing: /home/ddon/ros2_ws_cpp/src/robocon2024/Odrive_CAN_Custom_Msg/install/odrive_custom_msg/share/odrive_custom_msg/environment/ament_prefix_path.dsv
[3.077s] -- Up-to-date: /home/ddon/ros2_ws_cpp/src/robocon2024/Odrive_CAN_Custom_Msg/install/odrive_custom_msg/share/odrive_custom_msg/environment/path.sh
[3.077s] -- Installing: /home/ddon/ros2_ws_cpp/src/robocon2024/Odrive_CAN_Custom_Msg/install/odrive_custom_msg/share/odrive_custom_msg/environment/path.dsv
[3.077s] -- Up-to-date: /home/ddon/ros2_ws_cpp/src/robocon2024/Odrive_CAN_Custom_Msg/install/odrive_custom_msg/share/odrive_custom_msg/local_setup.bash
[3.077s] -- Up-to-date: /home/ddon/ros2_ws_cpp/src/robocon2024/Odrive_CAN_Custom_Msg/install/odrive_custom_msg/share/odrive_custom_msg/local_setup.sh
[3.077s] -- Up-to-date: /home/ddon/ros2_ws_cpp/src/robocon2024/Odrive_CAN_Custom_Msg/install/odrive_custom_msg/share/odrive_custom_msg/local_setup.zsh
[3.077s] -- Installing: /home/ddon/ros2_ws_cpp/src/robocon2024/Odrive_CAN_Custom_Msg/install/odrive_custom_msg/share/odrive_custom_msg/local_setup.dsv
[3.077s] -- Installing: /home/ddon/ros2_ws_cpp/src/robocon2024/Odrive_CAN_Custom_Msg/install/odrive_custom_msg/share/odrive_custom_msg/package.dsv
[3.078s] -- Up-to-date: /home/ddon/ros2_ws_cpp/src/robocon2024/Odrive_CAN_Custom_Msg/install/odrive_custom_msg/share/ament_index/resource_index/packages/odrive_custom_msg
[3.078s] -- Up-to-date: /home/ddon/ros2_ws_cpp/src/robocon2024/Odrive_CAN_Custom_Msg/install/odrive_custom_msg/share/odrive_custom_msg/cmake/export_odrive_custom_msg__rosidl_generator_cExport.cmake
[3.078s] -- Up-to-date: /home/ddon/ros2_ws_cpp/src/robocon2024/Odrive_CAN_Custom_Msg/install/odrive_custom_msg/share/odrive_custom_msg/cmake/export_odrive_custom_msg__rosidl_generator_cExport-noconfig.cmake
[3.078s] -- Up-to-date: /home/ddon/ros2_ws_cpp/src/robocon2024/Odrive_CAN_Custom_Msg/install/odrive_custom_msg/share/odrive_custom_msg/cmake/export_odrive_custom_msg__rosidl_typesupport_fastrtps_cExport.cmake
[3.078s] -- Up-to-date: /home/ddon/ros2_ws_cpp/src/robocon2024/Odrive_CAN_Custom_Msg/install/odrive_custom_msg/share/odrive_custom_msg/cmake/export_odrive_custom_msg__rosidl_typesupport_fastrtps_cExport-noconfig.cmake
[3.078s] -- Up-to-date: /home/ddon/ros2_ws_cpp/src/robocon2024/Odrive_CAN_Custom_Msg/install/odrive_custom_msg/share/odrive_custom_msg/cmake/export_odrive_custom_msg__rosidl_generator_cppExport.cmake
[3.078s] -- Up-to-date: /home/ddon/ros2_ws_cpp/src/robocon2024/Odrive_CAN_Custom_Msg/install/odrive_custom_msg/share/odrive_custom_msg/cmake/export_odrive_custom_msg__rosidl_typesupport_fastrtps_cppExport.cmake
[3.078s] -- Up-to-date: /home/ddon/ros2_ws_cpp/src/robocon2024/Odrive_CAN_Custom_Msg/install/odrive_custom_msg/share/odrive_custom_msg/cmake/export_odrive_custom_msg__rosidl_typesupport_fastrtps_cppExport-noconfig.cmake
[3.078s] -- Up-to-date: /home/ddon/ros2_ws_cpp/src/robocon2024/Odrive_CAN_Custom_Msg/install/odrive_custom_msg/share/odrive_custom_msg/cmake/odrive_custom_msg__rosidl_typesupport_introspection_cExport.cmake
[3.078s] -- Up-to-date: /home/ddon/ros2_ws_cpp/src/robocon2024/Odrive_CAN_Custom_Msg/install/odrive_custom_msg/share/odrive_custom_msg/cmake/odrive_custom_msg__rosidl_typesupport_introspection_cExport-noconfig.cmake
[3.078s] -- Up-to-date: /home/ddon/ros2_ws_cpp/src/robocon2024/Odrive_CAN_Custom_Msg/install/odrive_custom_msg/share/odrive_custom_msg/cmake/odrive_custom_msg__rosidl_typesupport_cExport.cmake
[3.079s] -- Up-to-date: /home/ddon/ros2_ws_cpp/src/robocon2024/Odrive_CAN_Custom_Msg/install/odrive_custom_msg/share/odrive_custom_msg/cmake/odrive_custom_msg__rosidl_typesupport_cExport-noconfig.cmake
[3.079s] -- Up-to-date: /home/ddon/ros2_ws_cpp/src/robocon2024/Odrive_CAN_Custom_Msg/install/odrive_custom_msg/share/odrive_custom_msg/cmake/odrive_custom_msg__rosidl_typesupport_introspection_cppExport.cmake
[3.079s] -- Up-to-date: /home/ddon/ros2_ws_cpp/src/robocon2024/Odrive_CAN_Custom_Msg/install/odrive_custom_msg/share/odrive_custom_msg/cmake/odrive_custom_msg__rosidl_typesupport_introspection_cppExport-noconfig.cmake
[3.079s] -- Up-to-date: /home/ddon/ros2_ws_cpp/src/robocon2024/Odrive_CAN_Custom_Msg/install/odrive_custom_msg/share/odrive_custom_msg/cmake/odrive_custom_msg__rosidl_typesupport_cppExport.cmake
[3.079s] -- Up-to-date: /home/ddon/ros2_ws_cpp/src/robocon2024/Odrive_CAN_Custom_Msg/install/odrive_custom_msg/share/odrive_custom_msg/cmake/odrive_custom_msg__rosidl_typesupport_cppExport-noconfig.cmake
[3.079s] -- Up-to-date: /home/ddon/ros2_ws_cpp/src/robocon2024/Odrive_CAN_Custom_Msg/install/odrive_custom_msg/share/odrive_custom_msg/cmake/export_odrive_custom_msg__rosidl_generator_pyExport.cmake
[3.079s] -- Up-to-date: /home/ddon/ros2_ws_cpp/src/robocon2024/Odrive_CAN_Custom_Msg/install/odrive_custom_msg/share/odrive_custom_msg/cmake/export_odrive_custom_msg__rosidl_generator_pyExport-noconfig.cmake
[3.080s] -- Up-to-date: /home/ddon/ros2_ws_cpp/src/robocon2024/Odrive_CAN_Custom_Msg/install/odrive_custom_msg/share/odrive_custom_msg/cmake/rosidl_cmake-extras.cmake
[3.080s] -- Up-to-date: /home/ddon/ros2_ws_cpp/src/robocon2024/Odrive_CAN_Custom_Msg/install/odrive_custom_msg/share/odrive_custom_msg/cmake/ament_cmake_export_dependencies-extras.cmake
[3.080s] -- Up-to-date: /home/ddon/ros2_ws_cpp/src/robocon2024/Odrive_CAN_Custom_Msg/install/odrive_custom_msg/share/odrive_custom_msg/cmake/ament_cmake_export_include_directories-extras.cmake
[3.080s] -- Up-to-date: /home/ddon/ros2_ws_cpp/src/robocon2024/Odrive_CAN_Custom_Msg/install/odrive_custom_msg/share/odrive_custom_msg/cmake/ament_cmake_export_libraries-extras.cmake
[3.080s] -- Up-to-date: /home/ddon/ros2_ws_cpp/src/robocon2024/Odrive_CAN_Custom_Msg/install/odrive_custom_msg/share/odrive_custom_msg/cmake/ament_cmake_export_targets-extras.cmake
[3.080s] -- Up-to-date: /home/ddon/ros2_ws_cpp/src/robocon2024/Odrive_CAN_Custom_Msg/install/odrive_custom_msg/share/odrive_custom_msg/cmake/rosidl_cmake_export_typesupport_targets-extras.cmake
[3.080s] -- Up-to-date: /home/ddon/ros2_ws_cpp/src/robocon2024/Odrive_CAN_Custom_Msg/install/odrive_custom_msg/share/odrive_custom_msg/cmake/rosidl_cmake_export_typesupport_libraries-extras.cmake
[3.080s] -- Up-to-date: /home/ddon/ros2_ws_cpp/src/robocon2024/Odrive_CAN_Custom_Msg/install/odrive_custom_msg/share/odrive_custom_msg/cmake/odrive_custom_msgConfig.cmake
[3.080s] -- Up-to-date: /home/ddon/ros2_ws_cpp/src/robocon2024/Odrive_CAN_Custom_Msg/install/odrive_custom_msg/share/odrive_custom_msg/cmake/odrive_custom_msgConfig-version.cmake
[3.080s] -- Up-to-date: /home/ddon/ros2_ws_cpp/src/robocon2024/Odrive_CAN_Custom_Msg/install/odrive_custom_msg/share/odrive_custom_msg/package.xml
[3.080s] Invoked command in '/home/ddon/ros2_ws_cpp/src/robocon2024/Odrive_CAN_Custom_Msg/build/odrive_custom_msg' returned '0': CMAKE_PREFIX_PATH=${CMAKE_PREFIX_PATH}:/home/ddon/ros2_ws/install/odrive_can:/home/ddon/ros2_ws/install/my_robot_controller:/home/ddon/ros2_ws/install/keyboard_listener:/opt/ros/humble CONDA_PROMPT_MODIFIER=(base) /usr/bin/cmake --install /home/ddon/ros2_ws_cpp/src/robocon2024/Odrive_CAN_Custom_Msg/build/odrive_custom_msg
