[0.087s] DEBUG:colcon:Command line arguments: ['/usr/bin/colcon', 'build']
[0.087s] DEBUG:colcon:Parsed command line arguments: Namespace(log_base=None, log_level=None, verb_name='build', build_base='build', install_base='install', merge_install=False, symlink_install=False, test_result_base=None, continue_on_error=False, executor='parallel', parallel_workers=8, event_handlers=None, ignore_user_meta=False, metas=['./colcon.meta'], base_paths=['.'], packages_ignore=None, packages_ignore_regex=None, paths=None, packages_up_to=None, packages_up_to_regex=None, packages_above=None, packages_above_and_dependencies=None, packages_above_depth=None, packages_select_by_dep=None, packages_skip_by_dep=None, packages_skip_up_to=None, packages_select_build_failed=False, packages_skip_build_finished=False, packages_select_test_failures=False, packages_skip_test_passed=False, packages_select=None, packages_skip=None, packages_select_regex=None, packages_skip_regex=None, packages_start=None, packages_end=None, allow_overriding=[], cmake_args=None, cmake_target=None, cmake_target_skip_unavailable=False, cmake_clean_cache=False, cmake_clean_first=False, cmake_force_configure=False, ament_cmake_args=None, catkin_cmake_args=None, catkin_skip_building_tests=False, mixin_files=None, mixin=None, verb_parser=<colcon_mixin.mixin.mixin_argument.MixinArgumentDecorator object at 0x7bc604e6a9e0>, verb_extension=<colcon_core.verb.build.BuildVerb object at 0x7bc604e6a530>, main=<bound method BuildVerb.main of <colcon_core.verb.build.BuildVerb object at 0x7bc604e6a530>>, mixin_verb=('build',))
[0.246s] Level 1:colcon.colcon_core.package_discovery:discover_packages(colcon_meta) check parameters
[0.246s] Level 1:colcon.colcon_core.package_discovery:discover_packages(recursive) check parameters
[0.246s] Level 1:colcon.colcon_core.package_discovery:discover_packages(ignore) check parameters
[0.246s] Level 1:colcon.colcon_core.package_discovery:discover_packages(path) check parameters
[0.246s] Level 1:colcon.colcon_core.package_discovery:discover_packages(colcon_meta) discover
[0.246s] Level 1:colcon.colcon_core.package_discovery:discover_packages(recursive) discover
[0.246s] INFO:colcon.colcon_core.package_discovery:Crawling recursively for packages in '/home/ddon/ros2_ws_cpp/src/robocon2024/Odrive_CAN_Custom_Msg'
[0.246s] Level 1:colcon.colcon_core.package_identification:_identify(.) by extensions ['ignore', 'ignore_ament_install']
[0.246s] Level 1:colcon.colcon_core.package_identification:_identify(.) by extension 'ignore'
[0.246s] Level 1:colcon.colcon_core.package_identification:_identify(.) by extension 'ignore_ament_install'
[0.246s] Level 1:colcon.colcon_core.package_identification:_identify(.) by extensions ['colcon_pkg']
[0.246s] Level 1:colcon.colcon_core.package_identification:_identify(.) by extension 'colcon_pkg'
[0.246s] Level 1:colcon.colcon_core.package_identification:_identify(.) by extensions ['colcon_meta']
[0.246s] Level 1:colcon.colcon_core.package_identification:_identify(.) by extension 'colcon_meta'
[0.246s] Level 1:colcon.colcon_core.package_identification:_identify(.) by extensions ['ros']
[0.246s] Level 1:colcon.colcon_core.package_identification:_identify(.) by extension 'ros'
[0.255s] Level 1:colcon.colcon_core.package_identification:_identify(.) by extensions ['cmake', 'python']
[0.255s] Level 1:colcon.colcon_core.package_identification:_identify(.) by extension 'cmake'
[0.255s] Level 1:colcon.colcon_core.package_identification:_identify(.) by extension 'python'
[0.255s] Level 1:colcon.colcon_core.package_identification:_identify(.) by extensions ['python_setup_py']
[0.255s] Level 1:colcon.colcon_core.package_identification:_identify(.) by extension 'python_setup_py'
[0.255s] Level 1:colcon.colcon_core.package_identification:_identify(build) by extensions ['ignore', 'ignore_ament_install']
[0.256s] Level 1:colcon.colcon_core.package_identification:_identify(build) by extension 'ignore'
[0.256s] Level 1:colcon.colcon_core.package_identification:_identify(build) ignored
[0.256s] Level 1:colcon.colcon_core.package_identification:_identify(can_control_package) by extensions ['ignore', 'ignore_ament_install']
[0.256s] Level 1:colcon.colcon_core.package_identification:_identify(can_control_package) by extension 'ignore'
[0.256s] Level 1:colcon.colcon_core.package_identification:_identify(can_control_package) by extension 'ignore_ament_install'
[0.256s] Level 1:colcon.colcon_core.package_identification:_identify(can_control_package) by extensions ['colcon_pkg']
[0.256s] Level 1:colcon.colcon_core.package_identification:_identify(can_control_package) by extension 'colcon_pkg'
[0.256s] Level 1:colcon.colcon_core.package_identification:_identify(can_control_package) by extensions ['colcon_meta']
[0.256s] Level 1:colcon.colcon_core.package_identification:_identify(can_control_package) by extension 'colcon_meta'
[0.256s] Level 1:colcon.colcon_core.package_identification:_identify(can_control_package) by extensions ['ros']
[0.256s] Level 1:colcon.colcon_core.package_identification:_identify(can_control_package) by extension 'ros'
[0.264s] DEBUG:colcon.colcon_core.package_identification:Package 'can_control_package' with type 'ros.ament_cmake' and name 'can_control_package'
[0.265s] Level 1:colcon.colcon_core.package_identification:_identify(install) by extensions ['ignore', 'ignore_ament_install']
[0.265s] Level 1:colcon.colcon_core.package_identification:_identify(install) by extension 'ignore'
[0.265s] Level 1:colcon.colcon_core.package_identification:_identify(install) ignored
[0.265s] Level 1:colcon.colcon_core.package_identification:_identify(log) by extensions ['ignore', 'ignore_ament_install']
[0.265s] Level 1:colcon.colcon_core.package_identification:_identify(log) by extension 'ignore'
[0.265s] Level 1:colcon.colcon_core.package_identification:_identify(log) ignored
[0.265s] Level 1:colcon.colcon_core.package_identification:_identify(odrive_custom_msg) by extensions ['ignore', 'ignore_ament_install']
[0.265s] Level 1:colcon.colcon_core.package_identification:_identify(odrive_custom_msg) by extension 'ignore'
[0.265s] Level 1:colcon.colcon_core.package_identification:_identify(odrive_custom_msg) by extension 'ignore_ament_install'
[0.265s] Level 1:colcon.colcon_core.package_identification:_identify(odrive_custom_msg) by extensions ['colcon_pkg']
[0.265s] Level 1:colcon.colcon_core.package_identification:_identify(odrive_custom_msg) by extension 'colcon_pkg'
[0.265s] Level 1:colcon.colcon_core.package_identification:_identify(odrive_custom_msg) by extensions ['colcon_meta']
[0.265s] Level 1:colcon.colcon_core.package_identification:_identify(odrive_custom_msg) by extension 'colcon_meta'
[0.265s] Level 1:colcon.colcon_core.package_identification:_identify(odrive_custom_msg) by extensions ['ros']
[0.265s] Level 1:colcon.colcon_core.package_identification:_identify(odrive_custom_msg) by extension 'ros'
[0.266s] DEBUG:colcon.colcon_core.package_identification:Package 'odrive_custom_msg' with type 'ros.ament_cmake' and name 'odrive_custom_msg'
[0.266s] Level 1:colcon.colcon_core.package_discovery:discover_packages(recursive) using defaults
[0.266s] Level 1:colcon.colcon_core.package_discovery:discover_packages(ignore) discover
[0.266s] Level 1:colcon.colcon_core.package_discovery:discover_packages(ignore) using defaults
[0.266s] Level 1:colcon.colcon_core.package_discovery:discover_packages(path) discover
[0.266s] Level 1:colcon.colcon_core.package_discovery:discover_packages(path) using defaults
[0.281s] Level 1:colcon.colcon_core.package_discovery:discover_packages(prefix_path) check parameters
[0.281s] Level 1:colcon.colcon_core.package_discovery:discover_packages(prefix_path) discover
[0.283s] DEBUG:colcon.colcon_installed_package_information.package_discovery:Found 4 installed packages in /home/ddon/ros2_ws_cpp/install
[0.283s] DEBUG:colcon.colcon_installed_package_information.package_discovery:Found 3 installed packages in /home/ddon/ros2_ws/install
[0.284s] DEBUG:colcon.colcon_installed_package_information.package_discovery:Found 270 installed packages in /opt/ros/humble
[0.285s] Level 1:colcon.colcon_core.package_discovery:discover_packages(prefix_path) using defaults
[0.314s] Level 5:colcon.colcon_core.verb:set package 'odrive_custom_msg' build argument 'cmake_args' from command line to 'None'
[0.314s] Level 5:colcon.colcon_core.verb:set package 'odrive_custom_msg' build argument 'cmake_target' from command line to 'None'
[0.314s] Level 5:colcon.colcon_core.verb:set package 'odrive_custom_msg' build argument 'cmake_target_skip_unavailable' from command line to 'False'
[0.314s] Level 5:colcon.colcon_core.verb:set package 'odrive_custom_msg' build argument 'cmake_clean_cache' from command line to 'False'
[0.314s] Level 5:colcon.colcon_core.verb:set package 'odrive_custom_msg' build argument 'cmake_clean_first' from command line to 'False'
[0.314s] Level 5:colcon.colcon_core.verb:set package 'odrive_custom_msg' build argument 'cmake_force_configure' from command line to 'False'
[0.314s] Level 5:colcon.colcon_core.verb:set package 'odrive_custom_msg' build argument 'ament_cmake_args' from command line to 'None'
[0.314s] Level 5:colcon.colcon_core.verb:set package 'odrive_custom_msg' build argument 'catkin_cmake_args' from command line to 'None'
[0.314s] Level 5:colcon.colcon_core.verb:set package 'odrive_custom_msg' build argument 'catkin_skip_building_tests' from command line to 'False'
[0.314s] DEBUG:colcon.colcon_core.verb:Building package 'odrive_custom_msg' with the following arguments: {'ament_cmake_args': None, 'build_base': '/home/ddon/ros2_ws_cpp/src/robocon2024/Odrive_CAN_Custom_Msg/build/odrive_custom_msg', 'catkin_cmake_args': None, 'catkin_skip_building_tests': False, 'cmake_args': None, 'cmake_clean_cache': False, 'cmake_clean_first': False, 'cmake_force_configure': False, 'cmake_target': None, 'cmake_target_skip_unavailable': False, 'install_base': '/home/ddon/ros2_ws_cpp/src/robocon2024/Odrive_CAN_Custom_Msg/install/odrive_custom_msg', 'merge_install': False, 'path': '/home/ddon/ros2_ws_cpp/src/robocon2024/Odrive_CAN_Custom_Msg/odrive_custom_msg', 'symlink_install': False, 'test_result_base': None}
[0.314s] Level 5:colcon.colcon_core.verb:set package 'can_control_package' build argument 'cmake_args' from command line to 'None'
[0.314s] Level 5:colcon.colcon_core.verb:set package 'can_control_package' build argument 'cmake_target' from command line to 'None'
[0.314s] Level 5:colcon.colcon_core.verb:set package 'can_control_package' build argument 'cmake_target_skip_unavailable' from command line to 'False'
[0.314s] Level 5:colcon.colcon_core.verb:set package 'can_control_package' build argument 'cmake_clean_cache' from command line to 'False'
[0.314s] Level 5:colcon.colcon_core.verb:set package 'can_control_package' build argument 'cmake_clean_first' from command line to 'False'
[0.314s] Level 5:colcon.colcon_core.verb:set package 'can_control_package' build argument 'cmake_force_configure' from command line to 'False'
[0.314s] Level 5:colcon.colcon_core.verb:set package 'can_control_package' build argument 'ament_cmake_args' from command line to 'None'
[0.314s] Level 5:colcon.colcon_core.verb:set package 'can_control_package' build argument 'catkin_cmake_args' from command line to 'None'
[0.314s] Level 5:colcon.colcon_core.verb:set package 'can_control_package' build argument 'catkin_skip_building_tests' from command line to 'False'
[0.314s] DEBUG:colcon.colcon_core.verb:Building package 'can_control_package' with the following arguments: {'ament_cmake_args': None, 'build_base': '/home/ddon/ros2_ws_cpp/src/robocon2024/Odrive_CAN_Custom_Msg/build/can_control_package', 'catkin_cmake_args': None, 'catkin_skip_building_tests': False, 'cmake_args': None, 'cmake_clean_cache': False, 'cmake_clean_first': False, 'cmake_force_configure': False, 'cmake_target': None, 'cmake_target_skip_unavailable': False, 'install_base': '/home/ddon/ros2_ws_cpp/src/robocon2024/Odrive_CAN_Custom_Msg/install/can_control_package', 'merge_install': False, 'path': '/home/ddon/ros2_ws_cpp/src/robocon2024/Odrive_CAN_Custom_Msg/can_control_package', 'symlink_install': False, 'test_result_base': None}
[0.315s] INFO:colcon.colcon_core.executor:Executing jobs using 'parallel' executor
[0.315s] DEBUG:colcon.colcon_parallel_executor.executor.parallel:run_until_complete
[0.315s] INFO:colcon.colcon_ros.task.ament_cmake.build:Building ROS package in '/home/ddon/ros2_ws_cpp/src/robocon2024/Odrive_CAN_Custom_Msg/odrive_custom_msg' with build type 'ament_cmake'
[0.316s] INFO:colcon.colcon_cmake.task.cmake.build:Building CMake package in '/home/ddon/ros2_ws_cpp/src/robocon2024/Odrive_CAN_Custom_Msg/odrive_custom_msg'
[0.317s] INFO:colcon.colcon_core.plugin_system:Skipping extension 'colcon_core.shell.bat': Not used on non-Windows systems
[0.317s] INFO:colcon.colcon_core.shell:Skip shell extension 'powershell' for command environment: Not usable outside of PowerShell
[0.318s] DEBUG:colcon.colcon_core.shell:Skip shell extension 'dsv' for command environment
[0.325s] DEBUG:colcon.colcon_core.event_handler.log_command:Invoking command in '/home/ddon/ros2_ws_cpp/src/robocon2024/Odrive_CAN_Custom_Msg/build/odrive_custom_msg': CMAKE_PREFIX_PATH=${CMAKE_PREFIX_PATH}:/home/ddon/ros2_ws/install/odrive_can:/home/ddon/ros2_ws/install/my_robot_controller:/home/ddon/ros2_ws/install/keyboard_listener:/opt/ros/humble CONDA_PROMPT_MODIFIER=(base) /usr/bin/cmake --build /home/ddon/ros2_ws_cpp/src/robocon2024/Odrive_CAN_Custom_Msg/build/odrive_custom_msg -- -j8 -l8
[0.689s] DEBUG:colcon.colcon_core.event_handler.log_command:Invoked command in '/home/ddon/ros2_ws_cpp/src/robocon2024/Odrive_CAN_Custom_Msg/build/odrive_custom_msg' returned '0': CMAKE_PREFIX_PATH=${CMAKE_PREFIX_PATH}:/home/ddon/ros2_ws/install/odrive_can:/home/ddon/ros2_ws/install/my_robot_controller:/home/ddon/ros2_ws/install/keyboard_listener:/opt/ros/humble CONDA_PROMPT_MODIFIER=(base) /usr/bin/cmake --build /home/ddon/ros2_ws_cpp/src/robocon2024/Odrive_CAN_Custom_Msg/build/odrive_custom_msg -- -j8 -l8
[0.702s] DEBUG:colcon.colcon_core.event_handler.log_command:Invoking command in '/home/ddon/ros2_ws_cpp/src/robocon2024/Odrive_CAN_Custom_Msg/build/odrive_custom_msg': CMAKE_PREFIX_PATH=${CMAKE_PREFIX_PATH}:/home/ddon/ros2_ws/install/odrive_can:/home/ddon/ros2_ws/install/my_robot_controller:/home/ddon/ros2_ws/install/keyboard_listener:/opt/ros/humble CONDA_PROMPT_MODIFIER=(base) /usr/bin/cmake --install /home/ddon/ros2_ws_cpp/src/robocon2024/Odrive_CAN_Custom_Msg/build/odrive_custom_msg
[0.759s] Level 1:colcon.colcon_core.environment:create_environment_scripts_only(odrive_custom_msg)
[0.759s] DEBUG:colcon.colcon_core.event_handler.log_command:Invoked command in '/home/ddon/ros2_ws_cpp/src/robocon2024/Odrive_CAN_Custom_Msg/build/odrive_custom_msg' returned '0': CMAKE_PREFIX_PATH=${CMAKE_PREFIX_PATH}:/home/ddon/ros2_ws/install/odrive_can:/home/ddon/ros2_ws/install/my_robot_controller:/home/ddon/ros2_ws/install/keyboard_listener:/opt/ros/humble CONDA_PROMPT_MODIFIER=(base) /usr/bin/cmake --install /home/ddon/ros2_ws_cpp/src/robocon2024/Odrive_CAN_Custom_Msg/build/odrive_custom_msg
[0.761s] Level 1:colcon.colcon_core.environment:checking '/home/ddon/ros2_ws_cpp/src/robocon2024/Odrive_CAN_Custom_Msg/install/odrive_custom_msg' for CMake module files
[0.761s] Level 1:colcon.colcon_core.environment:checking '/home/ddon/ros2_ws_cpp/src/robocon2024/Odrive_CAN_Custom_Msg/install/odrive_custom_msg' for CMake config files
[0.762s] Level 1:colcon.colcon_core.shell:create_environment_hook('odrive_custom_msg', 'cmake_prefix_path')
[0.762s] INFO:colcon.colcon_core.shell:Creating environment hook '/home/ddon/ros2_ws_cpp/src/robocon2024/Odrive_CAN_Custom_Msg/install/odrive_custom_msg/share/odrive_custom_msg/hook/cmake_prefix_path.ps1'
[0.763s] INFO:colcon.colcon_core.shell:Creating environment descriptor '/home/ddon/ros2_ws_cpp/src/robocon2024/Odrive_CAN_Custom_Msg/install/odrive_custom_msg/share/odrive_custom_msg/hook/cmake_prefix_path.dsv'
[0.763s] INFO:colcon.colcon_core.shell:Creating environment hook '/home/ddon/ros2_ws_cpp/src/robocon2024/Odrive_CAN_Custom_Msg/install/odrive_custom_msg/share/odrive_custom_msg/hook/cmake_prefix_path.sh'
[0.764s] Level 1:colcon.colcon_core.environment:checking '/home/ddon/ros2_ws_cpp/src/robocon2024/Odrive_CAN_Custom_Msg/install/odrive_custom_msg/lib'
[0.764s] Level 1:colcon.colcon_core.shell:create_environment_hook('odrive_custom_msg', 'ld_library_path_lib')
[0.765s] INFO:colcon.colcon_core.shell:Creating environment hook '/home/ddon/ros2_ws_cpp/src/robocon2024/Odrive_CAN_Custom_Msg/install/odrive_custom_msg/share/odrive_custom_msg/hook/ld_library_path_lib.ps1'
[0.765s] INFO:colcon.colcon_core.shell:Creating environment descriptor '/home/ddon/ros2_ws_cpp/src/robocon2024/Odrive_CAN_Custom_Msg/install/odrive_custom_msg/share/odrive_custom_msg/hook/ld_library_path_lib.dsv'
[0.765s] INFO:colcon.colcon_core.shell:Creating environment hook '/home/ddon/ros2_ws_cpp/src/robocon2024/Odrive_CAN_Custom_Msg/install/odrive_custom_msg/share/odrive_custom_msg/hook/ld_library_path_lib.sh'
[0.765s] Level 1:colcon.colcon_core.environment:checking '/home/ddon/ros2_ws_cpp/src/robocon2024/Odrive_CAN_Custom_Msg/install/odrive_custom_msg/bin'
[0.765s] Level 1:colcon.colcon_core.environment:checking '/home/ddon/ros2_ws_cpp/src/robocon2024/Odrive_CAN_Custom_Msg/install/odrive_custom_msg/lib/pkgconfig/odrive_custom_msg.pc'
[0.766s] Level 1:colcon.colcon_core.environment:checking '/home/ddon/ros2_ws_cpp/src/robocon2024/Odrive_CAN_Custom_Msg/install/odrive_custom_msg/lib/python3.10/site-packages'
[0.766s] Level 1:colcon.colcon_core.environment:checking '/home/ddon/ros2_ws_cpp/src/robocon2024/Odrive_CAN_Custom_Msg/install/odrive_custom_msg/bin'
[0.766s] INFO:colcon.colcon_core.shell:Creating package script '/home/ddon/ros2_ws_cpp/src/robocon2024/Odrive_CAN_Custom_Msg/install/odrive_custom_msg/share/odrive_custom_msg/package.ps1'
[0.767s] INFO:colcon.colcon_core.shell:Creating package descriptor '/home/ddon/ros2_ws_cpp/src/robocon2024/Odrive_CAN_Custom_Msg/install/odrive_custom_msg/share/odrive_custom_msg/package.dsv'
[0.767s] INFO:colcon.colcon_core.shell:Creating package script '/home/ddon/ros2_ws_cpp/src/robocon2024/Odrive_CAN_Custom_Msg/install/odrive_custom_msg/share/odrive_custom_msg/package.sh'
[0.768s] INFO:colcon.colcon_core.shell:Creating package script '/home/ddon/ros2_ws_cpp/src/robocon2024/Odrive_CAN_Custom_Msg/install/odrive_custom_msg/share/odrive_custom_msg/package.bash'
[0.768s] INFO:colcon.colcon_core.shell:Creating package script '/home/ddon/ros2_ws_cpp/src/robocon2024/Odrive_CAN_Custom_Msg/install/odrive_custom_msg/share/odrive_custom_msg/package.zsh'
[0.769s] Level 1:colcon.colcon_core.environment:create_file_with_runtime_dependencies(/home/ddon/ros2_ws_cpp/src/robocon2024/Odrive_CAN_Custom_Msg/install/odrive_custom_msg/share/colcon-core/packages/odrive_custom_msg)
[0.770s] Level 1:colcon.colcon_core.environment:create_environment_scripts_only(odrive_custom_msg)
[0.770s] Level 1:colcon.colcon_core.environment:checking '/home/ddon/ros2_ws_cpp/src/robocon2024/Odrive_CAN_Custom_Msg/install/odrive_custom_msg' for CMake module files
[0.771s] Level 1:colcon.colcon_core.environment:checking '/home/ddon/ros2_ws_cpp/src/robocon2024/Odrive_CAN_Custom_Msg/install/odrive_custom_msg' for CMake config files
[0.771s] Level 1:colcon.colcon_core.shell:create_environment_hook('odrive_custom_msg', 'cmake_prefix_path')
[0.771s] INFO:colcon.colcon_core.shell:Creating environment hook '/home/ddon/ros2_ws_cpp/src/robocon2024/Odrive_CAN_Custom_Msg/install/odrive_custom_msg/share/odrive_custom_msg/hook/cmake_prefix_path.ps1'
[0.772s] INFO:colcon.colcon_core.shell:Creating environment descriptor '/home/ddon/ros2_ws_cpp/src/robocon2024/Odrive_CAN_Custom_Msg/install/odrive_custom_msg/share/odrive_custom_msg/hook/cmake_prefix_path.dsv'
[0.772s] INFO:colcon.colcon_core.shell:Creating environment hook '/home/ddon/ros2_ws_cpp/src/robocon2024/Odrive_CAN_Custom_Msg/install/odrive_custom_msg/share/odrive_custom_msg/hook/cmake_prefix_path.sh'
[0.772s] Level 1:colcon.colcon_core.environment:checking '/home/ddon/ros2_ws_cpp/src/robocon2024/Odrive_CAN_Custom_Msg/install/odrive_custom_msg/lib'
[0.773s] Level 1:colcon.colcon_core.shell:create_environment_hook('odrive_custom_msg', 'ld_library_path_lib')
[0.773s] INFO:colcon.colcon_core.shell:Creating environment hook '/home/ddon/ros2_ws_cpp/src/robocon2024/Odrive_CAN_Custom_Msg/install/odrive_custom_msg/share/odrive_custom_msg/hook/ld_library_path_lib.ps1'
[0.773s] INFO:colcon.colcon_core.shell:Creating environment descriptor '/home/ddon/ros2_ws_cpp/src/robocon2024/Odrive_CAN_Custom_Msg/install/odrive_custom_msg/share/odrive_custom_msg/hook/ld_library_path_lib.dsv'
[0.773s] INFO:colcon.colcon_core.shell:Creating environment hook '/home/ddon/ros2_ws_cpp/src/robocon2024/Odrive_CAN_Custom_Msg/install/odrive_custom_msg/share/odrive_custom_msg/hook/ld_library_path_lib.sh'
[0.774s] Level 1:colcon.colcon_core.environment:checking '/home/ddon/ros2_ws_cpp/src/robocon2024/Odrive_CAN_Custom_Msg/install/odrive_custom_msg/bin'
[0.774s] Level 1:colcon.colcon_core.environment:checking '/home/ddon/ros2_ws_cpp/src/robocon2024/Odrive_CAN_Custom_Msg/install/odrive_custom_msg/lib/pkgconfig/odrive_custom_msg.pc'
[0.774s] Level 1:colcon.colcon_core.environment:checking '/home/ddon/ros2_ws_cpp/src/robocon2024/Odrive_CAN_Custom_Msg/install/odrive_custom_msg/lib/python3.10/site-packages'
[0.774s] Level 1:colcon.colcon_core.environment:checking '/home/ddon/ros2_ws_cpp/src/robocon2024/Odrive_CAN_Custom_Msg/install/odrive_custom_msg/bin'
[0.774s] INFO:colcon.colcon_core.shell:Creating package script '/home/ddon/ros2_ws_cpp/src/robocon2024/Odrive_CAN_Custom_Msg/install/odrive_custom_msg/share/odrive_custom_msg/package.ps1'
[0.775s] INFO:colcon.colcon_core.shell:Creating package descriptor '/home/ddon/ros2_ws_cpp/src/robocon2024/Odrive_CAN_Custom_Msg/install/odrive_custom_msg/share/odrive_custom_msg/package.dsv'
[0.775s] INFO:colcon.colcon_core.shell:Creating package script '/home/ddon/ros2_ws_cpp/src/robocon2024/Odrive_CAN_Custom_Msg/install/odrive_custom_msg/share/odrive_custom_msg/package.sh'
[0.776s] INFO:colcon.colcon_core.shell:Creating package script '/home/ddon/ros2_ws_cpp/src/robocon2024/Odrive_CAN_Custom_Msg/install/odrive_custom_msg/share/odrive_custom_msg/package.bash'
[0.776s] INFO:colcon.colcon_core.shell:Creating package script '/home/ddon/ros2_ws_cpp/src/robocon2024/Odrive_CAN_Custom_Msg/install/odrive_custom_msg/share/odrive_custom_msg/package.zsh'
[0.776s] Level 1:colcon.colcon_core.environment:create_file_with_runtime_dependencies(/home/ddon/ros2_ws_cpp/src/robocon2024/Odrive_CAN_Custom_Msg/install/odrive_custom_msg/share/colcon-core/packages/odrive_custom_msg)
[0.777s] INFO:colcon.colcon_ros.task.ament_cmake.build:Building ROS package in '/home/ddon/ros2_ws_cpp/src/robocon2024/Odrive_CAN_Custom_Msg/can_control_package' with build type 'ament_cmake'
[0.777s] INFO:colcon.colcon_cmake.task.cmake.build:Building CMake package in '/home/ddon/ros2_ws_cpp/src/robocon2024/Odrive_CAN_Custom_Msg/can_control_package'
[0.777s] INFO:colcon.colcon_core.shell:Skip shell extension 'powershell' for command environment: Not usable outside of PowerShell
[0.777s] DEBUG:colcon.colcon_core.shell:Skip shell extension 'dsv' for command environment
[0.785s] DEBUG:colcon.colcon_core.event_handler.log_command:Invoking command in '/home/ddon/ros2_ws_cpp/src/robocon2024/Odrive_CAN_Custom_Msg/build/can_control_package': AMENT_PREFIX_PATH=/home/ddon/ros2_ws_cpp/src/robocon2024/Odrive_CAN_Custom_Msg/install/odrive_custom_msg:${AMENT_PREFIX_PATH} CMAKE_PREFIX_PATH=/home/ddon/ros2_ws_cpp/src/robocon2024/Odrive_CAN_Custom_Msg/install/odrive_custom_msg:/home/ddon/ros2_ws_cpp/install/can_control_package:/home/ddon/ros2_ws_cpp/install/odrive_custom_msg:/home/ddon/ros2_ws_cpp/install/odrive_can_cpp:/home/ddon/ros2_ws_cpp/install/cpp_pubsub:/home/ddon/ros2_ws/install/odrive_can:/home/ddon/ros2_ws/install/my_robot_controller:/home/ddon/ros2_ws/install/keyboard_listener:/opt/ros/humble CONDA_PROMPT_MODIFIER=(base) LD_LIBRARY_PATH=/home/ddon/ros2_ws_cpp/src/robocon2024/Odrive_CAN_Custom_Msg/install/odrive_custom_msg/lib:${LD_LIBRARY_PATH} PYTHONPATH=/home/ddon/ros2_ws_cpp/src/robocon2024/Odrive_CAN_Custom_Msg/install/odrive_custom_msg/lib/python3.12/site-packages:${PYTHONPATH} /usr/bin/cmake /home/ddon/ros2_ws_cpp/src/robocon2024/Odrive_CAN_Custom_Msg/can_control_package -DCMAKE_INSTALL_PREFIX=/home/ddon/ros2_ws_cpp/src/robocon2024/Odrive_CAN_Custom_Msg/install/can_control_package
[1.208s] DEBUG:colcon.colcon_core.event_handler.log_command:Invoked command in '/home/ddon/ros2_ws_cpp/src/robocon2024/Odrive_CAN_Custom_Msg/build/can_control_package' returned '0': AMENT_PREFIX_PATH=/home/ddon/ros2_ws_cpp/src/robocon2024/Odrive_CAN_Custom_Msg/install/odrive_custom_msg:${AMENT_PREFIX_PATH} CMAKE_PREFIX_PATH=/home/ddon/ros2_ws_cpp/src/robocon2024/Odrive_CAN_Custom_Msg/install/odrive_custom_msg:/home/ddon/ros2_ws_cpp/install/can_control_package:/home/ddon/ros2_ws_cpp/install/odrive_custom_msg:/home/ddon/ros2_ws_cpp/install/odrive_can_cpp:/home/ddon/ros2_ws_cpp/install/cpp_pubsub:/home/ddon/ros2_ws/install/odrive_can:/home/ddon/ros2_ws/install/my_robot_controller:/home/ddon/ros2_ws/install/keyboard_listener:/opt/ros/humble CONDA_PROMPT_MODIFIER=(base) LD_LIBRARY_PATH=/home/ddon/ros2_ws_cpp/src/robocon2024/Odrive_CAN_Custom_Msg/install/odrive_custom_msg/lib:${LD_LIBRARY_PATH} PYTHONPATH=/home/ddon/ros2_ws_cpp/src/robocon2024/Odrive_CAN_Custom_Msg/install/odrive_custom_msg/lib/python3.12/site-packages:${PYTHONPATH} /usr/bin/cmake /home/ddon/ros2_ws_cpp/src/robocon2024/Odrive_CAN_Custom_Msg/can_control_package -DCMAKE_INSTALL_PREFIX=/home/ddon/ros2_ws_cpp/src/robocon2024/Odrive_CAN_Custom_Msg/install/can_control_package
[1.209s] DEBUG:colcon.colcon_core.event_handler.log_command:Invoking command in '/home/ddon/ros2_ws_cpp/src/robocon2024/Odrive_CAN_Custom_Msg/build/can_control_package': AMENT_PREFIX_PATH=/home/ddon/ros2_ws_cpp/src/robocon2024/Odrive_CAN_Custom_Msg/install/odrive_custom_msg:${AMENT_PREFIX_PATH} CMAKE_PREFIX_PATH=/home/ddon/ros2_ws_cpp/src/robocon2024/Odrive_CAN_Custom_Msg/install/odrive_custom_msg:/home/ddon/ros2_ws_cpp/install/can_control_package:/home/ddon/ros2_ws_cpp/install/odrive_custom_msg:/home/ddon/ros2_ws_cpp/install/odrive_can_cpp:/home/ddon/ros2_ws_cpp/install/cpp_pubsub:/home/ddon/ros2_ws/install/odrive_can:/home/ddon/ros2_ws/install/my_robot_controller:/home/ddon/ros2_ws/install/keyboard_listener:/opt/ros/humble CONDA_PROMPT_MODIFIER=(base) LD_LIBRARY_PATH=/home/ddon/ros2_ws_cpp/src/robocon2024/Odrive_CAN_Custom_Msg/install/odrive_custom_msg/lib:${LD_LIBRARY_PATH} PYTHONPATH=/home/ddon/ros2_ws_cpp/src/robocon2024/Odrive_CAN_Custom_Msg/install/odrive_custom_msg/lib/python3.12/site-packages:${PYTHONPATH} /usr/bin/cmake --build /home/ddon/ros2_ws_cpp/src/robocon2024/Odrive_CAN_Custom_Msg/build/can_control_package -- -j8 -l8
[8.021s] DEBUG:colcon.colcon_core.event_handler.log_command:Invoked command in '/home/ddon/ros2_ws_cpp/src/robocon2024/Odrive_CAN_Custom_Msg/build/can_control_package' returned '2': AMENT_PREFIX_PATH=/home/ddon/ros2_ws_cpp/src/robocon2024/Odrive_CAN_Custom_Msg/install/odrive_custom_msg:${AMENT_PREFIX_PATH} CMAKE_PREFIX_PATH=/home/ddon/ros2_ws_cpp/src/robocon2024/Odrive_CAN_Custom_Msg/install/odrive_custom_msg:/home/ddon/ros2_ws_cpp/install/can_control_package:/home/ddon/ros2_ws_cpp/install/odrive_custom_msg:/home/ddon/ros2_ws_cpp/install/odrive_can_cpp:/home/ddon/ros2_ws_cpp/install/cpp_pubsub:/home/ddon/ros2_ws/install/odrive_can:/home/ddon/ros2_ws/install/my_robot_controller:/home/ddon/ros2_ws/install/keyboard_listener:/opt/ros/humble CONDA_PROMPT_MODIFIER=(base) LD_LIBRARY_PATH=/home/ddon/ros2_ws_cpp/src/robocon2024/Odrive_CAN_Custom_Msg/install/odrive_custom_msg/lib:${LD_LIBRARY_PATH} PYTHONPATH=/home/ddon/ros2_ws_cpp/src/robocon2024/Odrive_CAN_Custom_Msg/install/odrive_custom_msg/lib/python3.12/site-packages:${PYTHONPATH} /usr/bin/cmake --build /home/ddon/ros2_ws_cpp/src/robocon2024/Odrive_CAN_Custom_Msg/build/can_control_package -- -j8 -l8
[8.021s] Level 1:colcon.colcon_core.environment:create_environment_scripts_only(can_control_package)
[8.021s] Level 1:colcon.colcon_core.environment:checking '/home/ddon/ros2_ws_cpp/src/robocon2024/Odrive_CAN_Custom_Msg/install/can_control_package' for CMake module files
[8.022s] Level 1:colcon.colcon_core.environment:checking '/home/ddon/ros2_ws_cpp/src/robocon2024/Odrive_CAN_Custom_Msg/install/can_control_package' for CMake config files
[8.022s] Level 1:colcon.colcon_core.environment:checking '/home/ddon/ros2_ws_cpp/src/robocon2024/Odrive_CAN_Custom_Msg/install/can_control_package/bin'
[8.022s] Level 1:colcon.colcon_core.environment:checking '/home/ddon/ros2_ws_cpp/src/robocon2024/Odrive_CAN_Custom_Msg/install/can_control_package/lib/pkgconfig/can_control_package.pc'
[8.022s] Level 1:colcon.colcon_core.environment:checking '/home/ddon/ros2_ws_cpp/src/robocon2024/Odrive_CAN_Custom_Msg/install/can_control_package/lib/python3.10/site-packages'
[8.022s] Level 1:colcon.colcon_core.environment:checking '/home/ddon/ros2_ws_cpp/src/robocon2024/Odrive_CAN_Custom_Msg/install/can_control_package/bin'
[8.022s] INFO:colcon.colcon_core.shell:Creating package script '/home/ddon/ros2_ws_cpp/src/robocon2024/Odrive_CAN_Custom_Msg/install/can_control_package/share/can_control_package/package.ps1'
[8.023s] INFO:colcon.colcon_core.shell:Creating package descriptor '/home/ddon/ros2_ws_cpp/src/robocon2024/Odrive_CAN_Custom_Msg/install/can_control_package/share/can_control_package/package.dsv'
[8.023s] INFO:colcon.colcon_core.shell:Creating package script '/home/ddon/ros2_ws_cpp/src/robocon2024/Odrive_CAN_Custom_Msg/install/can_control_package/share/can_control_package/package.sh'
[8.023s] INFO:colcon.colcon_core.shell:Creating package script '/home/ddon/ros2_ws_cpp/src/robocon2024/Odrive_CAN_Custom_Msg/install/can_control_package/share/can_control_package/package.bash'
[8.024s] INFO:colcon.colcon_core.shell:Creating package script '/home/ddon/ros2_ws_cpp/src/robocon2024/Odrive_CAN_Custom_Msg/install/can_control_package/share/can_control_package/package.zsh'
[8.024s] Level 1:colcon.colcon_core.environment:create_file_with_runtime_dependencies(/home/ddon/ros2_ws_cpp/src/robocon2024/Odrive_CAN_Custom_Msg/install/can_control_package/share/colcon-core/packages/can_control_package)
[8.034s] DEBUG:colcon.colcon_parallel_executor.executor.parallel:closing loop
[8.035s] DEBUG:colcon.colcon_parallel_executor.executor.parallel:loop closed
[8.035s] DEBUG:colcon.colcon_parallel_executor.executor.parallel:run_until_complete finished with '2'
[8.035s] DEBUG:colcon.colcon_core.event_reactor:joining thread
[8.039s] INFO:colcon.colcon_core.plugin_system:Skipping extension 'colcon_notification.desktop_notification.terminal_notifier': Not used on non-Darwin systems
[8.039s] INFO:colcon.colcon_core.plugin_system:Skipping extension 'colcon_notification.desktop_notification.win32': Not used on non-Windows systems
[8.039s] INFO:colcon.colcon_notification.desktop_notification:Sending desktop notification using 'notify2'
[8.047s] DEBUG:colcon.colcon_core.event_reactor:joined thread
[8.047s] INFO:colcon.colcon_core.shell:Creating prefix script '/home/ddon/ros2_ws_cpp/src/robocon2024/Odrive_CAN_Custom_Msg/install/local_setup.ps1'
[8.048s] INFO:colcon.colcon_core.shell:Creating prefix util module '/home/ddon/ros2_ws_cpp/src/robocon2024/Odrive_CAN_Custom_Msg/install/_local_setup_util_ps1.py'
[8.049s] INFO:colcon.colcon_core.shell:Creating prefix chain script '/home/ddon/ros2_ws_cpp/src/robocon2024/Odrive_CAN_Custom_Msg/install/setup.ps1'
[8.051s] INFO:colcon.colcon_core.shell:Creating prefix script '/home/ddon/ros2_ws_cpp/src/robocon2024/Odrive_CAN_Custom_Msg/install/local_setup.sh'
[8.051s] INFO:colcon.colcon_core.shell:Creating prefix util module '/home/ddon/ros2_ws_cpp/src/robocon2024/Odrive_CAN_Custom_Msg/install/_local_setup_util_sh.py'
[8.052s] INFO:colcon.colcon_core.shell:Creating prefix chain script '/home/ddon/ros2_ws_cpp/src/robocon2024/Odrive_CAN_Custom_Msg/install/setup.sh'
[8.053s] INFO:colcon.colcon_core.shell:Creating prefix script '/home/ddon/ros2_ws_cpp/src/robocon2024/Odrive_CAN_Custom_Msg/install/local_setup.bash'
[8.053s] INFO:colcon.colcon_core.shell:Creating prefix chain script '/home/ddon/ros2_ws_cpp/src/robocon2024/Odrive_CAN_Custom_Msg/install/setup.bash'
[8.054s] INFO:colcon.colcon_core.shell:Creating prefix script '/home/ddon/ros2_ws_cpp/src/robocon2024/Odrive_CAN_Custom_Msg/install/local_setup.zsh'
[8.055s] INFO:colcon.colcon_core.shell:Creating prefix chain script '/home/ddon/ros2_ws_cpp/src/robocon2024/Odrive_CAN_Custom_Msg/install/setup.zsh'
