[0.014s] Invoking command in '/home/ddon/ros2_ws_cpp/src/robocon2024/Odrive_CAN_Custom_Msg/build/odrive_custom_msg': CMAKE_PREFIX_PATH=${CMAKE_PREFIX_PATH}:/home/ddon/ros2_ws/install/odrive_can:/home/ddon/ros2_ws/install/my_robot_controller:/home/ddon/ros2_ws/install/keyboard_listener:/opt/ros/humble CONDA_PROMPT_MODIFIER=(base) /usr/bin/cmake /home/ddon/ros2_ws_cpp/src/robocon2024/Odrive_CAN_Custom_Msg/odrive_custom_msg -DCMAKE_INSTALL_PREFIX=/home/ddon/ros2_ws_cpp/src/robocon2024/Odrive_CAN_Custom_Msg/install/odrive_custom_msg
[0.135s] -- The C compiler identification is GNU 11.4.0
[0.246s] -- The CXX compiler identification is GNU 11.4.0
[0.258s] -- Detecting C compiler ABI info
[0.344s] -- Detecting C compiler ABI info - done
[0.358s] -- Check for working C compiler: /usr/bin/cc - skipped
[0.358s] -- Detecting C compile features
[0.359s] -- Detecting C compile features - done
[0.364s] -- Detecting CXX compiler ABI info
[0.509s] -- Detecting CXX compiler ABI info - done
[0.526s] -- Check for working CXX compiler: /usr/bin/c++ - skipped
[0.527s] -- Detecting CXX compile features
[0.528s] -- Detecting CXX compile features - done
[0.544s] -- Found ament_cmake: 1.3.11 (/opt/ros/humble/share/ament_cmake/cmake)
[1.137s] -- Found Python3: /home/ddon/miniconda3/bin/python3 (found version "3.12.2") found components: Interpreter 
[1.274s] -- Found std_msgs: 4.2.4 (/opt/ros/humble/share/std_msgs/cmake)
[1.335s] -- Found rosidl_generator_c: 3.1.6 (/opt/ros/humble/share/rosidl_generator_c/cmake)
[1.356s] -- Found rosidl_adapter: 3.1.6 (/opt/ros/humble/share/rosidl_adapter/cmake)
[1.381s] -- Found rosidl_generator_cpp: 3.1.6 (/opt/ros/humble/share/rosidl_generator_cpp/cmake)
[1.403s] -- Using all available rosidl_typesupport_c: rosidl_typesupport_fastrtps_c;rosidl_typesupport_introspection_c
[1.428s] -- Using all available rosidl_typesupport_cpp: rosidl_typesupport_fastrtps_cpp;rosidl_typesupport_introspection_cpp
[1.468s] -- Found rosidl_default_generators: 1.2.0 (/opt/ros/humble/share/rosidl_default_generators/cmake)
[1.842s] -- Found ament_cmake_ros: 0.10.0 (/opt/ros/humble/share/ament_cmake_ros/cmake)
[2.277s] -- Using all available rosidl_typesupport_c: rosidl_typesupport_fastrtps_c;rosidl_typesupport_introspection_c
[2.493s] -- Using all available rosidl_typesupport_cpp: rosidl_typesupport_fastrtps_cpp;rosidl_typesupport_introspection_cpp
[2.528s] -- Found PythonInterp: /home/ddon/miniconda3/bin/python3 (found suitable version "3.12.2", minimum required is "3.6") 
[2.528s] -- Found python_cmake_module: 0.10.0 (/opt/ros/humble/share/python_cmake_module/cmake)
[2.564s] -- Found PythonLibs: /home/ddon/miniconda3/lib/libpython3.12.so (found suitable version "3.12.2", minimum required is "3.5") 
[2.566s] -- Using PYTHON_EXECUTABLE: /home/ddon/miniconda3/bin/python3
[2.567s] -- Using PYTHON_INCLUDE_DIRS: /home/ddon/miniconda3/include/python3.12
[2.567s] -- Using PYTHON_LIBRARIES: /home/ddon/miniconda3/lib/libpython3.12.so
[2.609s] -- Found PythonExtra: .so  
[2.984s] -- Using numpy include directory: /home/ddon/miniconda3/lib/python3.12/site-packages/numpy/core/include
[3.013s] -- Found ament_lint_auto: 0.12.11 (/opt/ros/humble/share/ament_lint_auto/cmake)
[3.066s] -- Added test 'lint_cmake' to check CMake code style
[3.069s] -- Added test 'xmllint' to check XML markup files
[3.075s] -- Configuring done
[3.142s] -- Generating done
[3.159s] -- Build files have been written to: /home/ddon/ros2_ws_cpp/src/robocon2024/Odrive_CAN_Custom_Msg/build/odrive_custom_msg
[3.167s] Invoked command in '/home/ddon/ros2_ws_cpp/src/robocon2024/Odrive_CAN_Custom_Msg/build/odrive_custom_msg' returned '0': CMAKE_PREFIX_PATH=${CMAKE_PREFIX_PATH}:/home/ddon/ros2_ws/install/odrive_can:/home/ddon/ros2_ws/install/my_robot_controller:/home/ddon/ros2_ws/install/keyboard_listener:/opt/ros/humble CONDA_PROMPT_MODIFIER=(base) /usr/bin/cmake /home/ddon/ros2_ws_cpp/src/robocon2024/Odrive_CAN_Custom_Msg/odrive_custom_msg -DCMAKE_INSTALL_PREFIX=/home/ddon/ros2_ws_cpp/src/robocon2024/Odrive_CAN_Custom_Msg/install/odrive_custom_msg
[3.171s] Invoking command in '/home/ddon/ros2_ws_cpp/src/robocon2024/Odrive_CAN_Custom_Msg/build/odrive_custom_msg': CMAKE_PREFIX_PATH=${CMAKE_PREFIX_PATH}:/home/ddon/ros2_ws/install/odrive_can:/home/ddon/ros2_ws/install/my_robot_controller:/home/ddon/ros2_ws/install/keyboard_listener:/opt/ros/humble CONDA_PROMPT_MODIFIER=(base) /usr/bin/cmake --build /home/ddon/ros2_ws_cpp/src/robocon2024/Odrive_CAN_Custom_Msg/build/odrive_custom_msg -- -j8 -l8
[3.220s] [  2%] [34m[1mGenerating C code for ROS interfaces[0m
[3.236s] [  5%] [34m[1mGenerating C++ code for ROS interfaces[0m
[3.244s] [  5%] Built target ament_cmake_python_copy_odrive_custom_msg
[3.707s] running egg_info
[3.708s] creating odrive_custom_msg.egg-info
[3.796s] writing odrive_custom_msg.egg-info/PKG-INFO
[3.797s] writing dependency_links to odrive_custom_msg.egg-info/dependency_links.txt
[3.798s] writing top-level names to odrive_custom_msg.egg-info/top_level.txt
[3.798s] writing manifest file 'odrive_custom_msg.egg-info/SOURCES.txt'
[3.854s] [  5%] Built target odrive_custom_msg__cpp
[3.887s] [ 10%] [34m[1mGenerating C++ type support dispatch for ROS interfaces[0m
[3.889s] [ 10%] [34m[1mGenerating C++ introspection for ROS interfaces[0m
[3.890s] [ 12%] [34m[1mGenerating C++ type support for eProsima Fast-RTPS[0m
[3.896s] [ 15%] [32mBuilding C object CMakeFiles/odrive_custom_msg__rosidl_generator_c.dir/rosidl_generator_c/odrive_custom_msg/msg/detail/control__functions.c.o[0m
[3.912s] [ 17%] [32mBuilding C object CMakeFiles/odrive_custom_msg__rosidl_generator_c.dir/rosidl_generator_c/odrive_custom_msg/msg/detail/ca_nmsg__functions.c.o[0m
[3.990s] reading manifest file 'odrive_custom_msg.egg-info/SOURCES.txt'
[3.992s] writing manifest file 'odrive_custom_msg.egg-info/SOURCES.txt'
[4.068s] [ 17%] Built target ament_cmake_python_build_odrive_custom_msg_egg
[4.075s] [ 20%] [32m[1mLinking C shared library libodrive_custom_msg__rosidl_generator_c.so[0m
[4.175s] [ 20%] Built target odrive_custom_msg__rosidl_generator_c
[4.195s] [ 23%] [34m[1mGenerating C type support for eProsima Fast-RTPS[0m
[4.202s] [ 25%] [34m[1mGenerating C introspection for ROS interfaces[0m
[4.206s] [ 28%] [34m[1mGenerating C type support dispatch for ROS interfaces[0m
[4.485s] [ 30%] [32mBuilding CXX object CMakeFiles/odrive_custom_msg__rosidl_typesupport_cpp.dir/rosidl_typesupport_cpp/odrive_custom_msg/msg/control__type_support.cpp.o[0m
[4.492s] [ 33%] [32mBuilding CXX object CMakeFiles/odrive_custom_msg__rosidl_typesupport_cpp.dir/rosidl_typesupport_cpp/odrive_custom_msg/msg/ca_nmsg__type_support.cpp.o[0m
[4.615s] [ 35%] [32mBuilding CXX object CMakeFiles/odrive_custom_msg__rosidl_typesupport_introspection_cpp.dir/rosidl_typesupport_introspection_cpp/odrive_custom_msg/msg/detail/ca_nmsg__type_support.cpp.o[0m
[4.623s] [ 38%] [32mBuilding CXX object CMakeFiles/odrive_custom_msg__rosidl_typesupport_introspection_cpp.dir/rosidl_typesupport_introspection_cpp/odrive_custom_msg/msg/detail/control__type_support.cpp.o[0m
[4.633s] [ 41%] [32mBuilding CXX object CMakeFiles/odrive_custom_msg__rosidl_typesupport_fastrtps_cpp.dir/rosidl_typesupport_fastrtps_cpp/odrive_custom_msg/msg/detail/dds_fastrtps/ca_nmsg__type_support.cpp.o[0m
[4.859s] [ 43%] [32mBuilding CXX object CMakeFiles/odrive_custom_msg__rosidl_typesupport_c.dir/rosidl_typesupport_c/odrive_custom_msg/msg/ca_nmsg__type_support.cpp.o[0m
[4.868s] [ 46%] [32mBuilding CXX object CMakeFiles/odrive_custom_msg__rosidl_typesupport_fastrtps_c.dir/rosidl_typesupport_fastrtps_c/odrive_custom_msg/msg/detail/ca_nmsg__type_support_c.cpp.o[0m
[4.926s] [ 48%] [32mBuilding C object CMakeFiles/odrive_custom_msg__rosidl_typesupport_introspection_c.dir/rosidl_typesupport_introspection_c/odrive_custom_msg/msg/detail/ca_nmsg__type_support.c.o[0m
[4.957s] [ 51%] [32mBuilding CXX object CMakeFiles/odrive_custom_msg__rosidl_typesupport_c.dir/rosidl_typesupport_c/odrive_custom_msg/msg/control__type_support.cpp.o[0m
[5.029s] [ 53%] [32m[1mLinking CXX shared library libodrive_custom_msg__rosidl_typesupport_c.so[0m
[5.068s] [ 56%] [32mBuilding C object CMakeFiles/odrive_custom_msg__rosidl_typesupport_introspection_c.dir/rosidl_typesupport_introspection_c/odrive_custom_msg/msg/detail/control__type_support.c.o[0m
[5.176s] [ 56%] Built target odrive_custom_msg__rosidl_typesupport_c
[5.195s] [ 58%] [32m[1mLinking C shared library libodrive_custom_msg__rosidl_typesupport_introspection_c.so[0m
[5.206s] [ 61%] [32mBuilding CXX object CMakeFiles/odrive_custom_msg__rosidl_typesupport_fastrtps_cpp.dir/rosidl_typesupport_fastrtps_cpp/odrive_custom_msg/msg/detail/dds_fastrtps/control__type_support.cpp.o[0m
[5.266s] [ 64%] [32mBuilding CXX object CMakeFiles/odrive_custom_msg__rosidl_typesupport_fastrtps_c.dir/rosidl_typesupport_fastrtps_c/odrive_custom_msg/msg/detail/control__type_support_c.cpp.o[0m
[5.282s] [ 64%] Built target odrive_custom_msg__rosidl_typesupport_introspection_c
[5.287s] [ 66%] [32m[1mLinking CXX shared library libodrive_custom_msg__rosidl_typesupport_cpp.so[0m
[5.384s] [ 66%] Built target odrive_custom_msg__rosidl_typesupport_cpp
[6.044s] [ 69%] [32m[1mLinking CXX shared library libodrive_custom_msg__rosidl_typesupport_introspection_cpp.so[0m
[6.115s] [ 71%] [32m[1mLinking CXX shared library libodrive_custom_msg__rosidl_typesupport_fastrtps_cpp.so[0m
[6.216s] [ 71%] Built target odrive_custom_msg__rosidl_typesupport_introspection_cpp
[6.296s] [ 74%] [32m[1mLinking CXX shared library libodrive_custom_msg__rosidl_typesupport_fastrtps_c.so[0m
[6.312s] [ 74%] Built target odrive_custom_msg__rosidl_typesupport_fastrtps_cpp
[6.458s] [ 74%] Built target odrive_custom_msg__rosidl_typesupport_fastrtps_c
[6.483s] [ 74%] Built target odrive_custom_msg
[6.534s] [ 76%] [34m[1mGenerating Python code for ROS interfaces[0m
[7.262s] [ 76%] Built target odrive_custom_msg__py
[7.287s] [ 79%] [32mBuilding C object CMakeFiles/odrive_custom_msg__rosidl_generator_py.dir/rosidl_generator_py/odrive_custom_msg/msg/_ca_nmsg_s.c.o[0m
[7.288s] [ 82%] [32mBuilding C object CMakeFiles/odrive_custom_msg__rosidl_generator_py.dir/rosidl_generator_py/odrive_custom_msg/msg/_control_s.c.o[0m
[7.591s] [ 84%] [32m[1mLinking C shared library rosidl_generator_py/odrive_custom_msg/libodrive_custom_msg__rosidl_generator_py.so[0m
[7.711s] [ 84%] Built target odrive_custom_msg__rosidl_generator_py
[7.749s] [ 87%] [32mBuilding C object CMakeFiles/odrive_custom_msg__rosidl_typesupport_introspection_c__pyext.dir/rosidl_generator_py/odrive_custom_msg/_odrive_custom_msg_s.ep.rosidl_typesupport_introspection_c.c.o[0m
[7.750s] [ 89%] [32mBuilding C object CMakeFiles/odrive_custom_msg__rosidl_typesupport_fastrtps_c__pyext.dir/rosidl_generator_py/odrive_custom_msg/_odrive_custom_msg_s.ep.rosidl_typesupport_fastrtps_c.c.o[0m
[7.761s] [ 92%] [32mBuilding C object CMakeFiles/odrive_custom_msg__rosidl_typesupport_c__pyext.dir/rosidl_generator_py/odrive_custom_msg/_odrive_custom_msg_s.ep.rosidl_typesupport_c.c.o[0m
[7.930s] [ 94%] [32m[1mLinking C shared library rosidl_generator_py/odrive_custom_msg/odrive_custom_msg_s__rosidl_typesupport_c.cpython-312-x86_64-linux-gnu.so[0m
[7.944s] [ 97%] [32m[1mLinking C shared library rosidl_generator_py/odrive_custom_msg/odrive_custom_msg_s__rosidl_typesupport_fastrtps_c.cpython-312-x86_64-linux-gnu.so[0m
[7.973s] [100%] [32m[1mLinking C shared library rosidl_generator_py/odrive_custom_msg/odrive_custom_msg_s__rosidl_typesupport_introspection_c.cpython-312-x86_64-linux-gnu.so[0m
[7.985s] [100%] Built target odrive_custom_msg__rosidl_typesupport_c__pyext
[7.996s] [100%] Built target odrive_custom_msg__rosidl_typesupport_fastrtps_c__pyext
[8.018s] [100%] Built target odrive_custom_msg__rosidl_typesupport_introspection_c__pyext
[8.030s] Invoked command in '/home/ddon/ros2_ws_cpp/src/robocon2024/Odrive_CAN_Custom_Msg/build/odrive_custom_msg' returned '0': CMAKE_PREFIX_PATH=${CMAKE_PREFIX_PATH}:/home/ddon/ros2_ws/install/odrive_can:/home/ddon/ros2_ws/install/my_robot_controller:/home/ddon/ros2_ws/install/keyboard_listener:/opt/ros/humble CONDA_PROMPT_MODIFIER=(base) /usr/bin/cmake --build /home/ddon/ros2_ws_cpp/src/robocon2024/Odrive_CAN_Custom_Msg/build/odrive_custom_msg -- -j8 -l8
[8.041s] Invoking command in '/home/ddon/ros2_ws_cpp/src/robocon2024/Odrive_CAN_Custom_Msg/build/odrive_custom_msg': CMAKE_PREFIX_PATH=${CMAKE_PREFIX_PATH}:/home/ddon/ros2_ws/install/odrive_can:/home/ddon/ros2_ws/install/my_robot_controller:/home/ddon/ros2_ws/install/keyboard_listener:/opt/ros/humble CONDA_PROMPT_MODIFIER=(base) /usr/bin/cmake --install /home/ddon/ros2_ws_cpp/src/robocon2024/Odrive_CAN_Custom_Msg/build/odrive_custom_msg
[8.050s] -- Install configuration: ""
[8.050s] -- Installing: /home/ddon/ros2_ws_cpp/src/robocon2024/Odrive_CAN_Custom_Msg/install/odrive_custom_msg/share/ament_index/resource_index/rosidl_interfaces/odrive_custom_msg
[8.051s] -- Installing: /home/ddon/ros2_ws_cpp/src/robocon2024/Odrive_CAN_Custom_Msg/install/odrive_custom_msg/include/odrive_custom_msg/odrive_custom_msg
[8.051s] -- Installing: /home/ddon/ros2_ws_cpp/src/robocon2024/Odrive_CAN_Custom_Msg/install/odrive_custom_msg/include/odrive_custom_msg/odrive_custom_msg/msg
[8.051s] -- Installing: /home/ddon/ros2_ws_cpp/src/robocon2024/Odrive_CAN_Custom_Msg/install/odrive_custom_msg/include/odrive_custom_msg/odrive_custom_msg/msg/detail
[8.051s] -- Installing: /home/ddon/ros2_ws_cpp/src/robocon2024/Odrive_CAN_Custom_Msg/install/odrive_custom_msg/include/odrive_custom_msg/odrive_custom_msg/msg/detail/control__type_support.h
[8.051s] -- Installing: /home/ddon/ros2_ws_cpp/src/robocon2024/Odrive_CAN_Custom_Msg/install/odrive_custom_msg/include/odrive_custom_msg/odrive_custom_msg/msg/detail/control__functions.c
[8.051s] -- Installing: /home/ddon/ros2_ws_cpp/src/robocon2024/Odrive_CAN_Custom_Msg/install/odrive_custom_msg/include/odrive_custom_msg/odrive_custom_msg/msg/detail/control__functions.h
[8.052s] -- Installing: /home/ddon/ros2_ws_cpp/src/robocon2024/Odrive_CAN_Custom_Msg/install/odrive_custom_msg/include/odrive_custom_msg/odrive_custom_msg/msg/detail/ca_nmsg__struct.h
[8.052s] -- Installing: /home/ddon/ros2_ws_cpp/src/robocon2024/Odrive_CAN_Custom_Msg/install/odrive_custom_msg/include/odrive_custom_msg/odrive_custom_msg/msg/detail/control__struct.h
[8.052s] -- Installing: /home/ddon/ros2_ws_cpp/src/robocon2024/Odrive_CAN_Custom_Msg/install/odrive_custom_msg/include/odrive_custom_msg/odrive_custom_msg/msg/detail/ca_nmsg__functions.h
[8.052s] -- Installing: /home/ddon/ros2_ws_cpp/src/robocon2024/Odrive_CAN_Custom_Msg/install/odrive_custom_msg/include/odrive_custom_msg/odrive_custom_msg/msg/detail/ca_nmsg__functions.c
[8.052s] -- Installing: /home/ddon/ros2_ws_cpp/src/robocon2024/Odrive_CAN_Custom_Msg/install/odrive_custom_msg/include/odrive_custom_msg/odrive_custom_msg/msg/detail/ca_nmsg__type_support.h
[8.053s] -- Installing: /home/ddon/ros2_ws_cpp/src/robocon2024/Odrive_CAN_Custom_Msg/install/odrive_custom_msg/include/odrive_custom_msg/odrive_custom_msg/msg/control.h
[8.053s] -- Installing: /home/ddon/ros2_ws_cpp/src/robocon2024/Odrive_CAN_Custom_Msg/install/odrive_custom_msg/include/odrive_custom_msg/odrive_custom_msg/msg/ca_nmsg.h
[8.053s] -- Installing: /home/ddon/ros2_ws_cpp/src/robocon2024/Odrive_CAN_Custom_Msg/install/odrive_custom_msg/include/odrive_custom_msg/odrive_custom_msg/msg/rosidl_generator_c__visibility_control.h
[8.053s] -- Installing: /home/ddon/ros2_ws_cpp/src/robocon2024/Odrive_CAN_Custom_Msg/install/odrive_custom_msg/share/odrive_custom_msg/environment/library_path.sh
[8.053s] -- Installing: /home/ddon/ros2_ws_cpp/src/robocon2024/Odrive_CAN_Custom_Msg/install/odrive_custom_msg/share/odrive_custom_msg/environment/library_path.dsv
[8.054s] -- Installing: /home/ddon/ros2_ws_cpp/src/robocon2024/Odrive_CAN_Custom_Msg/install/odrive_custom_msg/lib/libodrive_custom_msg__rosidl_generator_c.so
[8.054s] -- Set runtime path of "/home/ddon/ros2_ws_cpp/src/robocon2024/Odrive_CAN_Custom_Msg/install/odrive_custom_msg/lib/libodrive_custom_msg__rosidl_generator_c.so" to ""
[8.054s] -- Up-to-date: /home/ddon/ros2_ws_cpp/src/robocon2024/Odrive_CAN_Custom_Msg/install/odrive_custom_msg/include/odrive_custom_msg/odrive_custom_msg
[8.055s] -- Up-to-date: /home/ddon/ros2_ws_cpp/src/robocon2024/Odrive_CAN_Custom_Msg/install/odrive_custom_msg/include/odrive_custom_msg/odrive_custom_msg/msg
[8.055s] -- Installing: /home/ddon/ros2_ws_cpp/src/robocon2024/Odrive_CAN_Custom_Msg/install/odrive_custom_msg/include/odrive_custom_msg/odrive_custom_msg/msg/rosidl_typesupport_fastrtps_c__visibility_control.h
[8.056s] -- Up-to-date: /home/ddon/ros2_ws_cpp/src/robocon2024/Odrive_CAN_Custom_Msg/install/odrive_custom_msg/include/odrive_custom_msg/odrive_custom_msg/msg/detail
[8.056s] -- Installing: /home/ddon/ros2_ws_cpp/src/robocon2024/Odrive_CAN_Custom_Msg/install/odrive_custom_msg/include/odrive_custom_msg/odrive_custom_msg/msg/detail/ca_nmsg__rosidl_typesupport_fastrtps_c.h
[8.056s] -- Installing: /home/ddon/ros2_ws_cpp/src/robocon2024/Odrive_CAN_Custom_Msg/install/odrive_custom_msg/include/odrive_custom_msg/odrive_custom_msg/msg/detail/control__rosidl_typesupport_fastrtps_c.h
[8.056s] -- Installing: /home/ddon/ros2_ws_cpp/src/robocon2024/Odrive_CAN_Custom_Msg/install/odrive_custom_msg/lib/libodrive_custom_msg__rosidl_typesupport_fastrtps_c.so
[8.056s] -- Set runtime path of "/home/ddon/ros2_ws_cpp/src/robocon2024/Odrive_CAN_Custom_Msg/install/odrive_custom_msg/lib/libodrive_custom_msg__rosidl_typesupport_fastrtps_c.so" to ""
[8.056s] -- Up-to-date: /home/ddon/ros2_ws_cpp/src/robocon2024/Odrive_CAN_Custom_Msg/install/odrive_custom_msg/include/odrive_custom_msg/odrive_custom_msg
[8.057s] -- Up-to-date: /home/ddon/ros2_ws_cpp/src/robocon2024/Odrive_CAN_Custom_Msg/install/odrive_custom_msg/include/odrive_custom_msg/odrive_custom_msg/msg
[8.057s] -- Up-to-date: /home/ddon/ros2_ws_cpp/src/robocon2024/Odrive_CAN_Custom_Msg/install/odrive_custom_msg/include/odrive_custom_msg/odrive_custom_msg/msg/detail
[8.058s] -- Installing: /home/ddon/ros2_ws_cpp/src/robocon2024/Odrive_CAN_Custom_Msg/install/odrive_custom_msg/include/odrive_custom_msg/odrive_custom_msg/msg/detail/control__traits.hpp
[8.058s] -- Installing: /home/ddon/ros2_ws_cpp/src/robocon2024/Odrive_CAN_Custom_Msg/install/odrive_custom_msg/include/odrive_custom_msg/odrive_custom_msg/msg/detail/ca_nmsg__struct.hpp
[8.058s] -- Installing: /home/ddon/ros2_ws_cpp/src/robocon2024/Odrive_CAN_Custom_Msg/install/odrive_custom_msg/include/odrive_custom_msg/odrive_custom_msg/msg/detail/control__builder.hpp
[8.058s] -- Installing: /home/ddon/ros2_ws_cpp/src/robocon2024/Odrive_CAN_Custom_Msg/install/odrive_custom_msg/include/odrive_custom_msg/odrive_custom_msg/msg/detail/control__struct.hpp
[8.058s] -- Installing: /home/ddon/ros2_ws_cpp/src/robocon2024/Odrive_CAN_Custom_Msg/install/odrive_custom_msg/include/odrive_custom_msg/odrive_custom_msg/msg/detail/control__type_support.hpp
[8.059s] -- Installing: /home/ddon/ros2_ws_cpp/src/robocon2024/Odrive_CAN_Custom_Msg/install/odrive_custom_msg/include/odrive_custom_msg/odrive_custom_msg/msg/detail/ca_nmsg__type_support.hpp
[8.059s] -- Installing: /home/ddon/ros2_ws_cpp/src/robocon2024/Odrive_CAN_Custom_Msg/install/odrive_custom_msg/include/odrive_custom_msg/odrive_custom_msg/msg/detail/ca_nmsg__traits.hpp
[8.059s] -- Installing: /home/ddon/ros2_ws_cpp/src/robocon2024/Odrive_CAN_Custom_Msg/install/odrive_custom_msg/include/odrive_custom_msg/odrive_custom_msg/msg/detail/ca_nmsg__builder.hpp
[8.059s] -- Installing: /home/ddon/ros2_ws_cpp/src/robocon2024/Odrive_CAN_Custom_Msg/install/odrive_custom_msg/include/odrive_custom_msg/odrive_custom_msg/msg/ca_nmsg.hpp
[8.059s] -- Installing: /home/ddon/ros2_ws_cpp/src/robocon2024/Odrive_CAN_Custom_Msg/install/odrive_custom_msg/include/odrive_custom_msg/odrive_custom_msg/msg/control.hpp
[8.059s] -- Installing: /home/ddon/ros2_ws_cpp/src/robocon2024/Odrive_CAN_Custom_Msg/install/odrive_custom_msg/include/odrive_custom_msg/odrive_custom_msg/msg/rosidl_generator_cpp__visibility_control.hpp
[8.059s] -- Up-to-date: /home/ddon/ros2_ws_cpp/src/robocon2024/Odrive_CAN_Custom_Msg/install/odrive_custom_msg/include/odrive_custom_msg/odrive_custom_msg
[8.059s] -- Up-to-date: /home/ddon/ros2_ws_cpp/src/robocon2024/Odrive_CAN_Custom_Msg/install/odrive_custom_msg/include/odrive_custom_msg/odrive_custom_msg/msg
[8.059s] -- Up-to-date: /home/ddon/ros2_ws_cpp/src/robocon2024/Odrive_CAN_Custom_Msg/install/odrive_custom_msg/include/odrive_custom_msg/odrive_custom_msg/msg/detail
[8.060s] -- Installing: /home/ddon/ros2_ws_cpp/src/robocon2024/Odrive_CAN_Custom_Msg/install/odrive_custom_msg/include/odrive_custom_msg/odrive_custom_msg/msg/detail/control__rosidl_typesupport_fastrtps_cpp.hpp
[8.060s] -- Installing: /home/ddon/ros2_ws_cpp/src/robocon2024/Odrive_CAN_Custom_Msg/install/odrive_custom_msg/include/odrive_custom_msg/odrive_custom_msg/msg/detail/ca_nmsg__rosidl_typesupport_fastrtps_cpp.hpp
[8.060s] -- Installing: /home/ddon/ros2_ws_cpp/src/robocon2024/Odrive_CAN_Custom_Msg/install/odrive_custom_msg/include/odrive_custom_msg/odrive_custom_msg/msg/detail/dds_fastrtps
[8.060s] -- Installing: /home/ddon/ros2_ws_cpp/src/robocon2024/Odrive_CAN_Custom_Msg/install/odrive_custom_msg/include/odrive_custom_msg/odrive_custom_msg/msg/rosidl_typesupport_fastrtps_cpp__visibility_control.h
[8.060s] -- Installing: /home/ddon/ros2_ws_cpp/src/robocon2024/Odrive_CAN_Custom_Msg/install/odrive_custom_msg/lib/libodrive_custom_msg__rosidl_typesupport_fastrtps_cpp.so
[8.061s] -- Set runtime path of "/home/ddon/ros2_ws_cpp/src/robocon2024/Odrive_CAN_Custom_Msg/install/odrive_custom_msg/lib/libodrive_custom_msg__rosidl_typesupport_fastrtps_cpp.so" to ""
[8.061s] -- Up-to-date: /home/ddon/ros2_ws_cpp/src/robocon2024/Odrive_CAN_Custom_Msg/install/odrive_custom_msg/include/odrive_custom_msg/odrive_custom_msg
[8.061s] -- Up-to-date: /home/ddon/ros2_ws_cpp/src/robocon2024/Odrive_CAN_Custom_Msg/install/odrive_custom_msg/include/odrive_custom_msg/odrive_custom_msg/msg
[8.061s] -- Up-to-date: /home/ddon/ros2_ws_cpp/src/robocon2024/Odrive_CAN_Custom_Msg/install/odrive_custom_msg/include/odrive_custom_msg/odrive_custom_msg/msg/detail
[8.061s] -- Installing: /home/ddon/ros2_ws_cpp/src/robocon2024/Odrive_CAN_Custom_Msg/install/odrive_custom_msg/include/odrive_custom_msg/odrive_custom_msg/msg/detail/control__type_support.c
[8.062s] -- Installing: /home/ddon/ros2_ws_cpp/src/robocon2024/Odrive_CAN_Custom_Msg/install/odrive_custom_msg/include/odrive_custom_msg/odrive_custom_msg/msg/detail/ca_nmsg__rosidl_typesupport_introspection_c.h
[8.062s] -- Installing: /home/ddon/ros2_ws_cpp/src/robocon2024/Odrive_CAN_Custom_Msg/install/odrive_custom_msg/include/odrive_custom_msg/odrive_custom_msg/msg/detail/ca_nmsg__type_support.c
[8.063s] -- Installing: /home/ddon/ros2_ws_cpp/src/robocon2024/Odrive_CAN_Custom_Msg/install/odrive_custom_msg/include/odrive_custom_msg/odrive_custom_msg/msg/detail/control__rosidl_typesupport_introspection_c.h
[8.063s] -- Installing: /home/ddon/ros2_ws_cpp/src/robocon2024/Odrive_CAN_Custom_Msg/install/odrive_custom_msg/include/odrive_custom_msg/odrive_custom_msg/msg/rosidl_typesupport_introspection_c__visibility_control.h
[8.063s] -- Installing: /home/ddon/ros2_ws_cpp/src/robocon2024/Odrive_CAN_Custom_Msg/install/odrive_custom_msg/lib/libodrive_custom_msg__rosidl_typesupport_introspection_c.so
[8.063s] -- Set runtime path of "/home/ddon/ros2_ws_cpp/src/robocon2024/Odrive_CAN_Custom_Msg/install/odrive_custom_msg/lib/libodrive_custom_msg__rosidl_typesupport_introspection_c.so" to ""
[8.063s] -- Installing: /home/ddon/ros2_ws_cpp/src/robocon2024/Odrive_CAN_Custom_Msg/install/odrive_custom_msg/lib/libodrive_custom_msg__rosidl_typesupport_c.so
[8.063s] -- Set runtime path of "/home/ddon/ros2_ws_cpp/src/robocon2024/Odrive_CAN_Custom_Msg/install/odrive_custom_msg/lib/libodrive_custom_msg__rosidl_typesupport_c.so" to ""
[8.063s] -- Up-to-date: /home/ddon/ros2_ws_cpp/src/robocon2024/Odrive_CAN_Custom_Msg/install/odrive_custom_msg/include/odrive_custom_msg/odrive_custom_msg
[8.063s] -- Up-to-date: /home/ddon/ros2_ws_cpp/src/robocon2024/Odrive_CAN_Custom_Msg/install/odrive_custom_msg/include/odrive_custom_msg/odrive_custom_msg/msg
[8.064s] -- Up-to-date: /home/ddon/ros2_ws_cpp/src/robocon2024/Odrive_CAN_Custom_Msg/install/odrive_custom_msg/include/odrive_custom_msg/odrive_custom_msg/msg/detail
[8.064s] -- Installing: /home/ddon/ros2_ws_cpp/src/robocon2024/Odrive_CAN_Custom_Msg/install/odrive_custom_msg/include/odrive_custom_msg/odrive_custom_msg/msg/detail/ca_nmsg__rosidl_typesupport_introspection_cpp.hpp
[8.064s] -- Installing: /home/ddon/ros2_ws_cpp/src/robocon2024/Odrive_CAN_Custom_Msg/install/odrive_custom_msg/include/odrive_custom_msg/odrive_custom_msg/msg/detail/ca_nmsg__type_support.cpp
[8.064s] -- Installing: /home/ddon/ros2_ws_cpp/src/robocon2024/Odrive_CAN_Custom_Msg/install/odrive_custom_msg/include/odrive_custom_msg/odrive_custom_msg/msg/detail/control__type_support.cpp
[8.064s] -- Installing: /home/ddon/ros2_ws_cpp/src/robocon2024/Odrive_CAN_Custom_Msg/install/odrive_custom_msg/include/odrive_custom_msg/odrive_custom_msg/msg/detail/control__rosidl_typesupport_introspection_cpp.hpp
[8.064s] -- Installing: /home/ddon/ros2_ws_cpp/src/robocon2024/Odrive_CAN_Custom_Msg/install/odrive_custom_msg/lib/libodrive_custom_msg__rosidl_typesupport_introspection_cpp.so
[8.064s] -- Set runtime path of "/home/ddon/ros2_ws_cpp/src/robocon2024/Odrive_CAN_Custom_Msg/install/odrive_custom_msg/lib/libodrive_custom_msg__rosidl_typesupport_introspection_cpp.so" to ""
[8.064s] -- Installing: /home/ddon/ros2_ws_cpp/src/robocon2024/Odrive_CAN_Custom_Msg/install/odrive_custom_msg/lib/libodrive_custom_msg__rosidl_typesupport_cpp.so
[8.065s] -- Set runtime path of "/home/ddon/ros2_ws_cpp/src/robocon2024/Odrive_CAN_Custom_Msg/install/odrive_custom_msg/lib/libodrive_custom_msg__rosidl_typesupport_cpp.so" to ""
[8.065s] -- Installing: /home/ddon/ros2_ws_cpp/src/robocon2024/Odrive_CAN_Custom_Msg/install/odrive_custom_msg/share/odrive_custom_msg/environment/pythonpath.sh
[8.065s] -- Installing: /home/ddon/ros2_ws_cpp/src/robocon2024/Odrive_CAN_Custom_Msg/install/odrive_custom_msg/share/odrive_custom_msg/environment/pythonpath.dsv
[8.065s] -- Installing: /home/ddon/ros2_ws_cpp/src/robocon2024/Odrive_CAN_Custom_Msg/install/odrive_custom_msg/lib/python3.12/site-packages/odrive_custom_msg-0.0.0-py3.12.egg-info
[8.065s] -- Installing: /home/ddon/ros2_ws_cpp/src/robocon2024/Odrive_CAN_Custom_Msg/install/odrive_custom_msg/lib/python3.12/site-packages/odrive_custom_msg-0.0.0-py3.12.egg-info/dependency_links.txt
[8.066s] -- Installing: /home/ddon/ros2_ws_cpp/src/robocon2024/Odrive_CAN_Custom_Msg/install/odrive_custom_msg/lib/python3.12/site-packages/odrive_custom_msg-0.0.0-py3.12.egg-info/PKG-INFO
[8.066s] -- Installing: /home/ddon/ros2_ws_cpp/src/robocon2024/Odrive_CAN_Custom_Msg/install/odrive_custom_msg/lib/python3.12/site-packages/odrive_custom_msg-0.0.0-py3.12.egg-info/top_level.txt
[8.066s] -- Installing: /home/ddon/ros2_ws_cpp/src/robocon2024/Odrive_CAN_Custom_Msg/install/odrive_custom_msg/lib/python3.12/site-packages/odrive_custom_msg-0.0.0-py3.12.egg-info/SOURCES.txt
[8.067s] -- Installing: /home/ddon/ros2_ws_cpp/src/robocon2024/Odrive_CAN_Custom_Msg/install/odrive_custom_msg/lib/python3.12/site-packages/odrive_custom_msg
[8.067s] -- Installing: /home/ddon/ros2_ws_cpp/src/robocon2024/Odrive_CAN_Custom_Msg/install/odrive_custom_msg/lib/python3.12/site-packages/odrive_custom_msg/msg
[8.067s] -- Installing: /home/ddon/ros2_ws_cpp/src/robocon2024/Odrive_CAN_Custom_Msg/install/odrive_custom_msg/lib/python3.12/site-packages/odrive_custom_msg/msg/_ca_nmsg_s.c
[8.068s] -- Installing: /home/ddon/ros2_ws_cpp/src/robocon2024/Odrive_CAN_Custom_Msg/install/odrive_custom_msg/lib/python3.12/site-packages/odrive_custom_msg/msg/_control_s.c
[8.068s] -- Installing: /home/ddon/ros2_ws_cpp/src/robocon2024/Odrive_CAN_Custom_Msg/install/odrive_custom_msg/lib/python3.12/site-packages/odrive_custom_msg/msg/_ca_nmsg.py
[8.068s] -- Installing: /home/ddon/ros2_ws_cpp/src/robocon2024/Odrive_CAN_Custom_Msg/install/odrive_custom_msg/lib/python3.12/site-packages/odrive_custom_msg/msg/_control.py
[8.068s] -- Installing: /home/ddon/ros2_ws_cpp/src/robocon2024/Odrive_CAN_Custom_Msg/install/odrive_custom_msg/lib/python3.12/site-packages/odrive_custom_msg/msg/__init__.py
[8.068s] -- Installing: /home/ddon/ros2_ws_cpp/src/robocon2024/Odrive_CAN_Custom_Msg/install/odrive_custom_msg/lib/python3.12/site-packages/odrive_custom_msg/odrive_custom_msg_s__rosidl_typesupport_introspection_c.cpython-312-x86_64-linux-gnu.so
[8.069s] -- Installing: /home/ddon/ros2_ws_cpp/src/robocon2024/Odrive_CAN_Custom_Msg/install/odrive_custom_msg/lib/python3.12/site-packages/odrive_custom_msg/odrive_custom_msg_s__rosidl_typesupport_fastrtps_c.cpython-312-x86_64-linux-gnu.so
[8.069s] -- Installing: /home/ddon/ros2_ws_cpp/src/robocon2024/Odrive_CAN_Custom_Msg/install/odrive_custom_msg/lib/python3.12/site-packages/odrive_custom_msg/_odrive_custom_msg_s.ep.rosidl_typesupport_c.c
[8.069s] -- Installing: /home/ddon/ros2_ws_cpp/src/robocon2024/Odrive_CAN_Custom_Msg/install/odrive_custom_msg/lib/python3.12/site-packages/odrive_custom_msg/_odrive_custom_msg_s.ep.rosidl_typesupport_introspection_c.c
[8.069s] -- Installing: /home/ddon/ros2_ws_cpp/src/robocon2024/Odrive_CAN_Custom_Msg/install/odrive_custom_msg/lib/python3.12/site-packages/odrive_custom_msg/odrive_custom_msg_s__rosidl_typesupport_c.cpython-312-x86_64-linux-gnu.so
[8.069s] -- Installing: /home/ddon/ros2_ws_cpp/src/robocon2024/Odrive_CAN_Custom_Msg/install/odrive_custom_msg/lib/python3.12/site-packages/odrive_custom_msg/_odrive_custom_msg_s.ep.rosidl_typesupport_fastrtps_c.c
[8.069s] -- Installing: /home/ddon/ros2_ws_cpp/src/robocon2024/Odrive_CAN_Custom_Msg/install/odrive_custom_msg/lib/python3.12/site-packages/odrive_custom_msg/__init__.py
[8.070s] -- Installing: /home/ddon/ros2_ws_cpp/src/robocon2024/Odrive_CAN_Custom_Msg/install/odrive_custom_msg/lib/python3.12/site-packages/odrive_custom_msg/libodrive_custom_msg__rosidl_generator_py.so
[8.131s] Listing '/home/ddon/ros2_ws_cpp/src/robocon2024/Odrive_CAN_Custom_Msg/install/odrive_custom_msg/lib/python3.12/site-packages/odrive_custom_msg'...
[8.131s] Compiling '/home/ddon/ros2_ws_cpp/src/robocon2024/Odrive_CAN_Custom_Msg/install/odrive_custom_msg/lib/python3.12/site-packages/odrive_custom_msg/__init__.py'...
[8.131s] Listing '/home/ddon/ros2_ws_cpp/src/robocon2024/Odrive_CAN_Custom_Msg/install/odrive_custom_msg/lib/python3.12/site-packages/odrive_custom_msg/msg'...
[8.131s] Compiling '/home/ddon/ros2_ws_cpp/src/robocon2024/Odrive_CAN_Custom_Msg/install/odrive_custom_msg/lib/python3.12/site-packages/odrive_custom_msg/msg/__init__.py'...
[8.131s] Compiling '/home/ddon/ros2_ws_cpp/src/robocon2024/Odrive_CAN_Custom_Msg/install/odrive_custom_msg/lib/python3.12/site-packages/odrive_custom_msg/msg/_ca_nmsg.py'...
[8.131s] Compiling '/home/ddon/ros2_ws_cpp/src/robocon2024/Odrive_CAN_Custom_Msg/install/odrive_custom_msg/lib/python3.12/site-packages/odrive_custom_msg/msg/_control.py'...
[8.141s] -- Installing: /home/ddon/ros2_ws_cpp/src/robocon2024/Odrive_CAN_Custom_Msg/install/odrive_custom_msg/lib/python3.12/site-packages/odrive_custom_msg/odrive_custom_msg_s__rosidl_typesupport_fastrtps_c.cpython-312-x86_64-linux-gnu.so
[8.141s] -- Set runtime path of "/home/ddon/ros2_ws_cpp/src/robocon2024/Odrive_CAN_Custom_Msg/install/odrive_custom_msg/lib/python3.12/site-packages/odrive_custom_msg/odrive_custom_msg_s__rosidl_typesupport_fastrtps_c.cpython-312-x86_64-linux-gnu.so" to ""
[8.141s] -- Installing: /home/ddon/ros2_ws_cpp/src/robocon2024/Odrive_CAN_Custom_Msg/install/odrive_custom_msg/lib/python3.12/site-packages/odrive_custom_msg/odrive_custom_msg_s__rosidl_typesupport_introspection_c.cpython-312-x86_64-linux-gnu.so
[8.142s] -- Set runtime path of "/home/ddon/ros2_ws_cpp/src/robocon2024/Odrive_CAN_Custom_Msg/install/odrive_custom_msg/lib/python3.12/site-packages/odrive_custom_msg/odrive_custom_msg_s__rosidl_typesupport_introspection_c.cpython-312-x86_64-linux-gnu.so" to ""
[8.142s] -- Installing: /home/ddon/ros2_ws_cpp/src/robocon2024/Odrive_CAN_Custom_Msg/install/odrive_custom_msg/lib/python3.12/site-packages/odrive_custom_msg/odrive_custom_msg_s__rosidl_typesupport_c.cpython-312-x86_64-linux-gnu.so
[8.142s] -- Set runtime path of "/home/ddon/ros2_ws_cpp/src/robocon2024/Odrive_CAN_Custom_Msg/install/odrive_custom_msg/lib/python3.12/site-packages/odrive_custom_msg/odrive_custom_msg_s__rosidl_typesupport_c.cpython-312-x86_64-linux-gnu.so" to ""
[8.142s] -- Installing: /home/ddon/ros2_ws_cpp/src/robocon2024/Odrive_CAN_Custom_Msg/install/odrive_custom_msg/lib/libodrive_custom_msg__rosidl_generator_py.so
[8.143s] -- Set runtime path of "/home/ddon/ros2_ws_cpp/src/robocon2024/Odrive_CAN_Custom_Msg/install/odrive_custom_msg/lib/libodrive_custom_msg__rosidl_generator_py.so" to ""
[8.143s] -- Installing: /home/ddon/ros2_ws_cpp/src/robocon2024/Odrive_CAN_Custom_Msg/install/odrive_custom_msg/share/odrive_custom_msg/msg/CANmsg.idl
[8.143s] -- Installing: /home/ddon/ros2_ws_cpp/src/robocon2024/Odrive_CAN_Custom_Msg/install/odrive_custom_msg/share/odrive_custom_msg/msg/Control.idl
[8.143s] -- Installing: /home/ddon/ros2_ws_cpp/src/robocon2024/Odrive_CAN_Custom_Msg/install/odrive_custom_msg/share/odrive_custom_msg/msg/CANmsg.msg
[8.144s] -- Installing: /home/ddon/ros2_ws_cpp/src/robocon2024/Odrive_CAN_Custom_Msg/install/odrive_custom_msg/share/odrive_custom_msg/msg/Control.msg
[8.144s] -- Installing: /home/ddon/ros2_ws_cpp/src/robocon2024/Odrive_CAN_Custom_Msg/install/odrive_custom_msg/share/ament_index/resource_index/package_run_dependencies/odrive_custom_msg
[8.144s] -- Installing: /home/ddon/ros2_ws_cpp/src/robocon2024/Odrive_CAN_Custom_Msg/install/odrive_custom_msg/share/ament_index/resource_index/parent_prefix_path/odrive_custom_msg
[8.144s] -- Installing: /home/ddon/ros2_ws_cpp/src/robocon2024/Odrive_CAN_Custom_Msg/install/odrive_custom_msg/share/odrive_custom_msg/environment/ament_prefix_path.sh
[8.144s] -- Installing: /home/ddon/ros2_ws_cpp/src/robocon2024/Odrive_CAN_Custom_Msg/install/odrive_custom_msg/share/odrive_custom_msg/environment/ament_prefix_path.dsv
[8.145s] -- Installing: /home/ddon/ros2_ws_cpp/src/robocon2024/Odrive_CAN_Custom_Msg/install/odrive_custom_msg/share/odrive_custom_msg/environment/path.sh
[8.145s] -- Installing: /home/ddon/ros2_ws_cpp/src/robocon2024/Odrive_CAN_Custom_Msg/install/odrive_custom_msg/share/odrive_custom_msg/environment/path.dsv
[8.145s] -- Installing: /home/ddon/ros2_ws_cpp/src/robocon2024/Odrive_CAN_Custom_Msg/install/odrive_custom_msg/share/odrive_custom_msg/local_setup.bash
[8.145s] -- Installing: /home/ddon/ros2_ws_cpp/src/robocon2024/Odrive_CAN_Custom_Msg/install/odrive_custom_msg/share/odrive_custom_msg/local_setup.sh
[8.145s] -- Installing: /home/ddon/ros2_ws_cpp/src/robocon2024/Odrive_CAN_Custom_Msg/install/odrive_custom_msg/share/odrive_custom_msg/local_setup.zsh
[8.145s] -- Installing: /home/ddon/ros2_ws_cpp/src/robocon2024/Odrive_CAN_Custom_Msg/install/odrive_custom_msg/share/odrive_custom_msg/local_setup.dsv
[8.145s] -- Installing: /home/ddon/ros2_ws_cpp/src/robocon2024/Odrive_CAN_Custom_Msg/install/odrive_custom_msg/share/odrive_custom_msg/package.dsv
[8.146s] -- Installing: /home/ddon/ros2_ws_cpp/src/robocon2024/Odrive_CAN_Custom_Msg/install/odrive_custom_msg/share/ament_index/resource_index/packages/odrive_custom_msg
[8.146s] -- Installing: /home/ddon/ros2_ws_cpp/src/robocon2024/Odrive_CAN_Custom_Msg/install/odrive_custom_msg/share/odrive_custom_msg/cmake/export_odrive_custom_msg__rosidl_generator_cExport.cmake
[8.147s] -- Installing: /home/ddon/ros2_ws_cpp/src/robocon2024/Odrive_CAN_Custom_Msg/install/odrive_custom_msg/share/odrive_custom_msg/cmake/export_odrive_custom_msg__rosidl_generator_cExport-noconfig.cmake
[8.147s] -- Installing: /home/ddon/ros2_ws_cpp/src/robocon2024/Odrive_CAN_Custom_Msg/install/odrive_custom_msg/share/odrive_custom_msg/cmake/export_odrive_custom_msg__rosidl_typesupport_fastrtps_cExport.cmake
[8.147s] -- Installing: /home/ddon/ros2_ws_cpp/src/robocon2024/Odrive_CAN_Custom_Msg/install/odrive_custom_msg/share/odrive_custom_msg/cmake/export_odrive_custom_msg__rosidl_typesupport_fastrtps_cExport-noconfig.cmake
[8.147s] -- Installing: /home/ddon/ros2_ws_cpp/src/robocon2024/Odrive_CAN_Custom_Msg/install/odrive_custom_msg/share/odrive_custom_msg/cmake/export_odrive_custom_msg__rosidl_generator_cppExport.cmake
[8.148s] -- Installing: /home/ddon/ros2_ws_cpp/src/robocon2024/Odrive_CAN_Custom_Msg/install/odrive_custom_msg/share/odrive_custom_msg/cmake/export_odrive_custom_msg__rosidl_typesupport_fastrtps_cppExport.cmake
[8.148s] -- Installing: /home/ddon/ros2_ws_cpp/src/robocon2024/Odrive_CAN_Custom_Msg/install/odrive_custom_msg/share/odrive_custom_msg/cmake/export_odrive_custom_msg__rosidl_typesupport_fastrtps_cppExport-noconfig.cmake
[8.148s] -- Installing: /home/ddon/ros2_ws_cpp/src/robocon2024/Odrive_CAN_Custom_Msg/install/odrive_custom_msg/share/odrive_custom_msg/cmake/odrive_custom_msg__rosidl_typesupport_introspection_cExport.cmake
[8.148s] -- Installing: /home/ddon/ros2_ws_cpp/src/robocon2024/Odrive_CAN_Custom_Msg/install/odrive_custom_msg/share/odrive_custom_msg/cmake/odrive_custom_msg__rosidl_typesupport_introspection_cExport-noconfig.cmake
[8.149s] -- Installing: /home/ddon/ros2_ws_cpp/src/robocon2024/Odrive_CAN_Custom_Msg/install/odrive_custom_msg/share/odrive_custom_msg/cmake/odrive_custom_msg__rosidl_typesupport_cExport.cmake
[8.149s] -- Installing: /home/ddon/ros2_ws_cpp/src/robocon2024/Odrive_CAN_Custom_Msg/install/odrive_custom_msg/share/odrive_custom_msg/cmake/odrive_custom_msg__rosidl_typesupport_cExport-noconfig.cmake
[8.149s] -- Installing: /home/ddon/ros2_ws_cpp/src/robocon2024/Odrive_CAN_Custom_Msg/install/odrive_custom_msg/share/odrive_custom_msg/cmake/odrive_custom_msg__rosidl_typesupport_introspection_cppExport.cmake
[8.150s] -- Installing: /home/ddon/ros2_ws_cpp/src/robocon2024/Odrive_CAN_Custom_Msg/install/odrive_custom_msg/share/odrive_custom_msg/cmake/odrive_custom_msg__rosidl_typesupport_introspection_cppExport-noconfig.cmake
[8.150s] -- Installing: /home/ddon/ros2_ws_cpp/src/robocon2024/Odrive_CAN_Custom_Msg/install/odrive_custom_msg/share/odrive_custom_msg/cmake/odrive_custom_msg__rosidl_typesupport_cppExport.cmake
[8.150s] -- Installing: /home/ddon/ros2_ws_cpp/src/robocon2024/Odrive_CAN_Custom_Msg/install/odrive_custom_msg/share/odrive_custom_msg/cmake/odrive_custom_msg__rosidl_typesupport_cppExport-noconfig.cmake
[8.150s] -- Installing: /home/ddon/ros2_ws_cpp/src/robocon2024/Odrive_CAN_Custom_Msg/install/odrive_custom_msg/share/odrive_custom_msg/cmake/export_odrive_custom_msg__rosidl_generator_pyExport.cmake
[8.150s] -- Installing: /home/ddon/ros2_ws_cpp/src/robocon2024/Odrive_CAN_Custom_Msg/install/odrive_custom_msg/share/odrive_custom_msg/cmake/export_odrive_custom_msg__rosidl_generator_pyExport-noconfig.cmake
[8.150s] -- Installing: /home/ddon/ros2_ws_cpp/src/robocon2024/Odrive_CAN_Custom_Msg/install/odrive_custom_msg/share/odrive_custom_msg/cmake/rosidl_cmake-extras.cmake
[8.151s] -- Installing: /home/ddon/ros2_ws_cpp/src/robocon2024/Odrive_CAN_Custom_Msg/install/odrive_custom_msg/share/odrive_custom_msg/cmake/ament_cmake_export_dependencies-extras.cmake
[8.151s] -- Installing: /home/ddon/ros2_ws_cpp/src/robocon2024/Odrive_CAN_Custom_Msg/install/odrive_custom_msg/share/odrive_custom_msg/cmake/ament_cmake_export_include_directories-extras.cmake
[8.151s] -- Installing: /home/ddon/ros2_ws_cpp/src/robocon2024/Odrive_CAN_Custom_Msg/install/odrive_custom_msg/share/odrive_custom_msg/cmake/ament_cmake_export_libraries-extras.cmake
[8.151s] -- Installing: /home/ddon/ros2_ws_cpp/src/robocon2024/Odrive_CAN_Custom_Msg/install/odrive_custom_msg/share/odrive_custom_msg/cmake/ament_cmake_export_targets-extras.cmake
[8.151s] -- Installing: /home/ddon/ros2_ws_cpp/src/robocon2024/Odrive_CAN_Custom_Msg/install/odrive_custom_msg/share/odrive_custom_msg/cmake/rosidl_cmake_export_typesupport_targets-extras.cmake
[8.152s] -- Installing: /home/ddon/ros2_ws_cpp/src/robocon2024/Odrive_CAN_Custom_Msg/install/odrive_custom_msg/share/odrive_custom_msg/cmake/rosidl_cmake_export_typesupport_libraries-extras.cmake
[8.152s] -- Installing: /home/ddon/ros2_ws_cpp/src/robocon2024/Odrive_CAN_Custom_Msg/install/odrive_custom_msg/share/odrive_custom_msg/cmake/odrive_custom_msgConfig.cmake
[8.152s] -- Installing: /home/ddon/ros2_ws_cpp/src/robocon2024/Odrive_CAN_Custom_Msg/install/odrive_custom_msg/share/odrive_custom_msg/cmake/odrive_custom_msgConfig-version.cmake
[8.152s] -- Installing: /home/ddon/ros2_ws_cpp/src/robocon2024/Odrive_CAN_Custom_Msg/install/odrive_custom_msg/share/odrive_custom_msg/package.xml
[8.156s] Invoked command in '/home/ddon/ros2_ws_cpp/src/robocon2024/Odrive_CAN_Custom_Msg/build/odrive_custom_msg' returned '0': CMAKE_PREFIX_PATH=${CMAKE_PREFIX_PATH}:/home/ddon/ros2_ws/install/odrive_can:/home/ddon/ros2_ws/install/my_robot_controller:/home/ddon/ros2_ws/install/keyboard_listener:/opt/ros/humble CONDA_PROMPT_MODIFIER=(base) /usr/bin/cmake --install /home/ddon/ros2_ws_cpp/src/robocon2024/Odrive_CAN_Custom_Msg/build/odrive_custom_msg
