[0.087s] DEBUG:colcon:Command line arguments: ['/usr/bin/colcon', 'build']
[0.088s] DEBUG:colcon:Parsed command line arguments: Namespace(log_base=None, log_level=None, verb_name='build', build_base='build', install_base='install', merge_install=False, symlink_install=False, test_result_base=None, continue_on_error=False, executor='parallel', parallel_workers=8, event_handlers=None, ignore_user_meta=False, metas=['./colcon.meta'], base_paths=['.'], packages_ignore=None, packages_ignore_regex=None, paths=None, packages_up_to=None, packages_up_to_regex=None, packages_above=None, packages_above_and_dependencies=None, packages_above_depth=None, packages_select_by_dep=None, packages_skip_by_dep=None, packages_skip_up_to=None, packages_select_build_failed=False, packages_skip_build_finished=False, packages_select_test_failures=False, packages_skip_test_passed=False, packages_select=None, packages_skip=None, packages_select_regex=None, packages_skip_regex=None, packages_start=None, packages_end=None, allow_overriding=[], cmake_args=None, cmake_target=None, cmake_target_skip_unavailable=False, cmake_clean_cache=False, cmake_clean_first=False, cmake_force_configure=False, ament_cmake_args=None, catkin_cmake_args=None, catkin_skip_building_tests=False, mixin_files=None, mixin=None, verb_parser=<colcon_mixin.mixin.mixin_argument.MixinArgumentDecorator object at 0x76d8117629e0>, verb_extension=<colcon_core.verb.build.BuildVerb object at 0x76d811762530>, main=<bound method BuildVerb.main of <colcon_core.verb.build.BuildVerb object at 0x76d811762530>>, mixin_verb=('build',))
[0.247s] Level 1:colcon.colcon_core.package_discovery:discover_packages(colcon_meta) check parameters
[0.247s] Level 1:colcon.colcon_core.package_discovery:discover_packages(recursive) check parameters
[0.247s] Level 1:colcon.colcon_core.package_discovery:discover_packages(ignore) check parameters
[0.247s] Level 1:colcon.colcon_core.package_discovery:discover_packages(path) check parameters
[0.247s] Level 1:colcon.colcon_core.package_discovery:discover_packages(colcon_meta) discover
[0.247s] Level 1:colcon.colcon_core.package_discovery:discover_packages(recursive) discover
[0.247s] INFO:colcon.colcon_core.package_discovery:Crawling recursively for packages in '/home/ddon/ros2_ws_cpp/src/robocon2024/Odrive_CAN_Custom_Msg'
[0.247s] Level 1:colcon.colcon_core.package_identification:_identify(.) by extensions ['ignore', 'ignore_ament_install']
[0.247s] Level 1:colcon.colcon_core.package_identification:_identify(.) by extension 'ignore'
[0.247s] Level 1:colcon.colcon_core.package_identification:_identify(.) by extension 'ignore_ament_install'
[0.247s] Level 1:colcon.colcon_core.package_identification:_identify(.) by extensions ['colcon_pkg']
[0.247s] Level 1:colcon.colcon_core.package_identification:_identify(.) by extension 'colcon_pkg'
[0.247s] Level 1:colcon.colcon_core.package_identification:_identify(.) by extensions ['colcon_meta']
[0.247s] Level 1:colcon.colcon_core.package_identification:_identify(.) by extension 'colcon_meta'
[0.247s] Level 1:colcon.colcon_core.package_identification:_identify(.) by extensions ['ros']
[0.247s] Level 1:colcon.colcon_core.package_identification:_identify(.) by extension 'ros'
[0.257s] Level 1:colcon.colcon_core.package_identification:_identify(.) by extensions ['cmake', 'python']
[0.257s] Level 1:colcon.colcon_core.package_identification:_identify(.) by extension 'cmake'
[0.257s] Level 1:colcon.colcon_core.package_identification:_identify(.) by extension 'python'
[0.257s] Level 1:colcon.colcon_core.package_identification:_identify(.) by extensions ['python_setup_py']
[0.257s] Level 1:colcon.colcon_core.package_identification:_identify(.) by extension 'python_setup_py'
[0.257s] Level 1:colcon.colcon_core.package_identification:_identify(build) by extensions ['ignore', 'ignore_ament_install']
[0.257s] Level 1:colcon.colcon_core.package_identification:_identify(build) by extension 'ignore'
[0.257s] Level 1:colcon.colcon_core.package_identification:_identify(build) ignored
[0.257s] Level 1:colcon.colcon_core.package_identification:_identify(can_control_package) by extensions ['ignore', 'ignore_ament_install']
[0.257s] Level 1:colcon.colcon_core.package_identification:_identify(can_control_package) by extension 'ignore'
[0.257s] Level 1:colcon.colcon_core.package_identification:_identify(can_control_package) by extension 'ignore_ament_install'
[0.257s] Level 1:colcon.colcon_core.package_identification:_identify(can_control_package) by extensions ['colcon_pkg']
[0.257s] Level 1:colcon.colcon_core.package_identification:_identify(can_control_package) by extension 'colcon_pkg'
[0.258s] Level 1:colcon.colcon_core.package_identification:_identify(can_control_package) by extensions ['colcon_meta']
[0.258s] Level 1:colcon.colcon_core.package_identification:_identify(can_control_package) by extension 'colcon_meta'
[0.258s] Level 1:colcon.colcon_core.package_identification:_identify(can_control_package) by extensions ['ros']
[0.258s] Level 1:colcon.colcon_core.package_identification:_identify(can_control_package) by extension 'ros'
[0.266s] DEBUG:colcon.colcon_core.package_identification:Package 'can_control_package' with type 'ros.ament_cmake' and name 'can_control_package'
[0.266s] Level 1:colcon.colcon_core.package_identification:_identify(install) by extensions ['ignore', 'ignore_ament_install']
[0.267s] Level 1:colcon.colcon_core.package_identification:_identify(install) by extension 'ignore'
[0.267s] Level 1:colcon.colcon_core.package_identification:_identify(install) ignored
[0.267s] Level 1:colcon.colcon_core.package_identification:_identify(log) by extensions ['ignore', 'ignore_ament_install']
[0.267s] Level 1:colcon.colcon_core.package_identification:_identify(log) by extension 'ignore'
[0.267s] Level 1:colcon.colcon_core.package_identification:_identify(log) ignored
[0.267s] Level 1:colcon.colcon_core.package_identification:_identify(odrive_custom_msg) by extensions ['ignore', 'ignore_ament_install']
[0.267s] Level 1:colcon.colcon_core.package_identification:_identify(odrive_custom_msg) by extension 'ignore'
[0.267s] Level 1:colcon.colcon_core.package_identification:_identify(odrive_custom_msg) by extension 'ignore_ament_install'
[0.267s] Level 1:colcon.colcon_core.package_identification:_identify(odrive_custom_msg) by extensions ['colcon_pkg']
[0.267s] Level 1:colcon.colcon_core.package_identification:_identify(odrive_custom_msg) by extension 'colcon_pkg'
[0.267s] Level 1:colcon.colcon_core.package_identification:_identify(odrive_custom_msg) by extensions ['colcon_meta']
[0.267s] Level 1:colcon.colcon_core.package_identification:_identify(odrive_custom_msg) by extension 'colcon_meta'
[0.267s] Level 1:colcon.colcon_core.package_identification:_identify(odrive_custom_msg) by extensions ['ros']
[0.267s] Level 1:colcon.colcon_core.package_identification:_identify(odrive_custom_msg) by extension 'ros'
[0.268s] DEBUG:colcon.colcon_core.package_identification:Package 'odrive_custom_msg' with type 'ros.ament_cmake' and name 'odrive_custom_msg'
[0.268s] Level 1:colcon.colcon_core.package_discovery:discover_packages(recursive) using defaults
[0.268s] Level 1:colcon.colcon_core.package_discovery:discover_packages(ignore) discover
[0.268s] Level 1:colcon.colcon_core.package_discovery:discover_packages(ignore) using defaults
[0.268s] Level 1:colcon.colcon_core.package_discovery:discover_packages(path) discover
[0.268s] Level 1:colcon.colcon_core.package_discovery:discover_packages(path) using defaults
[0.284s] Level 1:colcon.colcon_core.package_discovery:discover_packages(prefix_path) check parameters
[0.284s] Level 1:colcon.colcon_core.package_discovery:discover_packages(prefix_path) discover
[0.285s] DEBUG:colcon.colcon_installed_package_information.package_discovery:Found 4 installed packages in /home/ddon/ros2_ws_cpp/install
[0.286s] DEBUG:colcon.colcon_installed_package_information.package_discovery:Found 3 installed packages in /home/ddon/ros2_ws/install
[0.287s] DEBUG:colcon.colcon_installed_package_information.package_discovery:Found 270 installed packages in /opt/ros/humble
[0.288s] Level 1:colcon.colcon_core.package_discovery:discover_packages(prefix_path) using defaults
[0.319s] Level 5:colcon.colcon_core.verb:set package 'odrive_custom_msg' build argument 'cmake_args' from command line to 'None'
[0.319s] Level 5:colcon.colcon_core.verb:set package 'odrive_custom_msg' build argument 'cmake_target' from command line to 'None'
[0.319s] Level 5:colcon.colcon_core.verb:set package 'odrive_custom_msg' build argument 'cmake_target_skip_unavailable' from command line to 'False'
[0.319s] Level 5:colcon.colcon_core.verb:set package 'odrive_custom_msg' build argument 'cmake_clean_cache' from command line to 'False'
[0.319s] Level 5:colcon.colcon_core.verb:set package 'odrive_custom_msg' build argument 'cmake_clean_first' from command line to 'False'
[0.319s] Level 5:colcon.colcon_core.verb:set package 'odrive_custom_msg' build argument 'cmake_force_configure' from command line to 'False'
[0.319s] Level 5:colcon.colcon_core.verb:set package 'odrive_custom_msg' build argument 'ament_cmake_args' from command line to 'None'
[0.319s] Level 5:colcon.colcon_core.verb:set package 'odrive_custom_msg' build argument 'catkin_cmake_args' from command line to 'None'
[0.319s] Level 5:colcon.colcon_core.verb:set package 'odrive_custom_msg' build argument 'catkin_skip_building_tests' from command line to 'False'
[0.319s] DEBUG:colcon.colcon_core.verb:Building package 'odrive_custom_msg' with the following arguments: {'ament_cmake_args': None, 'build_base': '/home/ddon/ros2_ws_cpp/src/robocon2024/Odrive_CAN_Custom_Msg/build/odrive_custom_msg', 'catkin_cmake_args': None, 'catkin_skip_building_tests': False, 'cmake_args': None, 'cmake_clean_cache': False, 'cmake_clean_first': False, 'cmake_force_configure': False, 'cmake_target': None, 'cmake_target_skip_unavailable': False, 'install_base': '/home/ddon/ros2_ws_cpp/src/robocon2024/Odrive_CAN_Custom_Msg/install/odrive_custom_msg', 'merge_install': False, 'path': '/home/ddon/ros2_ws_cpp/src/robocon2024/Odrive_CAN_Custom_Msg/odrive_custom_msg', 'symlink_install': False, 'test_result_base': None}
[0.320s] Level 5:colcon.colcon_core.verb:set package 'can_control_package' build argument 'cmake_args' from command line to 'None'
[0.320s] Level 5:colcon.colcon_core.verb:set package 'can_control_package' build argument 'cmake_target' from command line to 'None'
[0.320s] Level 5:colcon.colcon_core.verb:set package 'can_control_package' build argument 'cmake_target_skip_unavailable' from command line to 'False'
[0.320s] Level 5:colcon.colcon_core.verb:set package 'can_control_package' build argument 'cmake_clean_cache' from command line to 'False'
[0.320s] Level 5:colcon.colcon_core.verb:set package 'can_control_package' build argument 'cmake_clean_first' from command line to 'False'
[0.320s] Level 5:colcon.colcon_core.verb:set package 'can_control_package' build argument 'cmake_force_configure' from command line to 'False'
[0.320s] Level 5:colcon.colcon_core.verb:set package 'can_control_package' build argument 'ament_cmake_args' from command line to 'None'
[0.320s] Level 5:colcon.colcon_core.verb:set package 'can_control_package' build argument 'catkin_cmake_args' from command line to 'None'
[0.320s] Level 5:colcon.colcon_core.verb:set package 'can_control_package' build argument 'catkin_skip_building_tests' from command line to 'False'
[0.320s] DEBUG:colcon.colcon_core.verb:Building package 'can_control_package' with the following arguments: {'ament_cmake_args': None, 'build_base': '/home/ddon/ros2_ws_cpp/src/robocon2024/Odrive_CAN_Custom_Msg/build/can_control_package', 'catkin_cmake_args': None, 'catkin_skip_building_tests': False, 'cmake_args': None, 'cmake_clean_cache': False, 'cmake_clean_first': False, 'cmake_force_configure': False, 'cmake_target': None, 'cmake_target_skip_unavailable': False, 'install_base': '/home/ddon/ros2_ws_cpp/src/robocon2024/Odrive_CAN_Custom_Msg/install/can_control_package', 'merge_install': False, 'path': '/home/ddon/ros2_ws_cpp/src/robocon2024/Odrive_CAN_Custom_Msg/can_control_package', 'symlink_install': False, 'test_result_base': None}
[0.320s] INFO:colcon.colcon_core.executor:Executing jobs using 'parallel' executor
[0.322s] DEBUG:colcon.colcon_parallel_executor.executor.parallel:run_until_complete
[0.322s] INFO:colcon.colcon_ros.task.ament_cmake.build:Building ROS package in '/home/ddon/ros2_ws_cpp/src/robocon2024/Odrive_CAN_Custom_Msg/odrive_custom_msg' with build type 'ament_cmake'
[0.322s] INFO:colcon.colcon_cmake.task.cmake.build:Building CMake package in '/home/ddon/ros2_ws_cpp/src/robocon2024/Odrive_CAN_Custom_Msg/odrive_custom_msg'
[0.325s] INFO:colcon.colcon_core.plugin_system:Skipping extension 'colcon_core.shell.bat': Not used on non-Windows systems
[0.325s] INFO:colcon.colcon_core.shell:Skip shell extension 'powershell' for command environment: Not usable outside of PowerShell
[0.325s] DEBUG:colcon.colcon_core.shell:Skip shell extension 'dsv' for command environment
[0.336s] DEBUG:colcon.colcon_core.event_handler.log_command:Invoking command in '/home/ddon/ros2_ws_cpp/src/robocon2024/Odrive_CAN_Custom_Msg/build/odrive_custom_msg': CMAKE_PREFIX_PATH=${CMAKE_PREFIX_PATH}:/home/ddon/ros2_ws/install/odrive_can:/home/ddon/ros2_ws/install/my_robot_controller:/home/ddon/ros2_ws/install/keyboard_listener:/opt/ros/humble CONDA_PROMPT_MODIFIER=(base) /usr/bin/cmake --build /home/ddon/ros2_ws_cpp/src/robocon2024/Odrive_CAN_Custom_Msg/build/odrive_custom_msg -- -j8 -l8
[0.736s] DEBUG:colcon.colcon_core.event_handler.log_command:Invoked command in '/home/ddon/ros2_ws_cpp/src/robocon2024/Odrive_CAN_Custom_Msg/build/odrive_custom_msg' returned '0': CMAKE_PREFIX_PATH=${CMAKE_PREFIX_PATH}:/home/ddon/ros2_ws/install/odrive_can:/home/ddon/ros2_ws/install/my_robot_controller:/home/ddon/ros2_ws/install/keyboard_listener:/opt/ros/humble CONDA_PROMPT_MODIFIER=(base) /usr/bin/cmake --build /home/ddon/ros2_ws_cpp/src/robocon2024/Odrive_CAN_Custom_Msg/build/odrive_custom_msg -- -j8 -l8
[0.744s] DEBUG:colcon.colcon_core.event_handler.log_command:Invoking command in '/home/ddon/ros2_ws_cpp/src/robocon2024/Odrive_CAN_Custom_Msg/build/odrive_custom_msg': CMAKE_PREFIX_PATH=${CMAKE_PREFIX_PATH}:/home/ddon/ros2_ws/install/odrive_can:/home/ddon/ros2_ws/install/my_robot_controller:/home/ddon/ros2_ws/install/keyboard_listener:/opt/ros/humble CONDA_PROMPT_MODIFIER=(base) /usr/bin/cmake --install /home/ddon/ros2_ws_cpp/src/robocon2024/Odrive_CAN_Custom_Msg/build/odrive_custom_msg
[0.797s] Level 1:colcon.colcon_core.environment:create_environment_scripts_only(odrive_custom_msg)
[0.798s] DEBUG:colcon.colcon_core.event_handler.log_command:Invoked command in '/home/ddon/ros2_ws_cpp/src/robocon2024/Odrive_CAN_Custom_Msg/build/odrive_custom_msg' returned '0': CMAKE_PREFIX_PATH=${CMAKE_PREFIX_PATH}:/home/ddon/ros2_ws/install/odrive_can:/home/ddon/ros2_ws/install/my_robot_controller:/home/ddon/ros2_ws/install/keyboard_listener:/opt/ros/humble CONDA_PROMPT_MODIFIER=(base) /usr/bin/cmake --install /home/ddon/ros2_ws_cpp/src/robocon2024/Odrive_CAN_Custom_Msg/build/odrive_custom_msg
[0.800s] Level 1:colcon.colcon_core.environment:checking '/home/ddon/ros2_ws_cpp/src/robocon2024/Odrive_CAN_Custom_Msg/install/odrive_custom_msg' for CMake module files
[0.800s] Level 1:colcon.colcon_core.environment:checking '/home/ddon/ros2_ws_cpp/src/robocon2024/Odrive_CAN_Custom_Msg/install/odrive_custom_msg' for CMake config files
[0.800s] Level 1:colcon.colcon_core.shell:create_environment_hook('odrive_custom_msg', 'cmake_prefix_path')
[0.801s] INFO:colcon.colcon_core.shell:Creating environment hook '/home/ddon/ros2_ws_cpp/src/robocon2024/Odrive_CAN_Custom_Msg/install/odrive_custom_msg/share/odrive_custom_msg/hook/cmake_prefix_path.ps1'
[0.801s] INFO:colcon.colcon_core.shell:Creating environment descriptor '/home/ddon/ros2_ws_cpp/src/robocon2024/Odrive_CAN_Custom_Msg/install/odrive_custom_msg/share/odrive_custom_msg/hook/cmake_prefix_path.dsv'
[0.802s] INFO:colcon.colcon_core.shell:Creating environment hook '/home/ddon/ros2_ws_cpp/src/robocon2024/Odrive_CAN_Custom_Msg/install/odrive_custom_msg/share/odrive_custom_msg/hook/cmake_prefix_path.sh'
[0.802s] Level 1:colcon.colcon_core.environment:checking '/home/ddon/ros2_ws_cpp/src/robocon2024/Odrive_CAN_Custom_Msg/install/odrive_custom_msg/lib'
[0.802s] Level 1:colcon.colcon_core.shell:create_environment_hook('odrive_custom_msg', 'ld_library_path_lib')
[0.803s] INFO:colcon.colcon_core.shell:Creating environment hook '/home/ddon/ros2_ws_cpp/src/robocon2024/Odrive_CAN_Custom_Msg/install/odrive_custom_msg/share/odrive_custom_msg/hook/ld_library_path_lib.ps1'
[0.803s] INFO:colcon.colcon_core.shell:Creating environment descriptor '/home/ddon/ros2_ws_cpp/src/robocon2024/Odrive_CAN_Custom_Msg/install/odrive_custom_msg/share/odrive_custom_msg/hook/ld_library_path_lib.dsv'
[0.803s] INFO:colcon.colcon_core.shell:Creating environment hook '/home/ddon/ros2_ws_cpp/src/robocon2024/Odrive_CAN_Custom_Msg/install/odrive_custom_msg/share/odrive_custom_msg/hook/ld_library_path_lib.sh'
[0.803s] Level 1:colcon.colcon_core.environment:checking '/home/ddon/ros2_ws_cpp/src/robocon2024/Odrive_CAN_Custom_Msg/install/odrive_custom_msg/bin'
[0.804s] Level 1:colcon.colcon_core.environment:checking '/home/ddon/ros2_ws_cpp/src/robocon2024/Odrive_CAN_Custom_Msg/install/odrive_custom_msg/lib/pkgconfig/odrive_custom_msg.pc'
[0.804s] Level 1:colcon.colcon_core.environment:checking '/home/ddon/ros2_ws_cpp/src/robocon2024/Odrive_CAN_Custom_Msg/install/odrive_custom_msg/lib/python3.10/site-packages'
[0.804s] Level 1:colcon.colcon_core.environment:checking '/home/ddon/ros2_ws_cpp/src/robocon2024/Odrive_CAN_Custom_Msg/install/odrive_custom_msg/bin'
[0.804s] INFO:colcon.colcon_core.shell:Creating package script '/home/ddon/ros2_ws_cpp/src/robocon2024/Odrive_CAN_Custom_Msg/install/odrive_custom_msg/share/odrive_custom_msg/package.ps1'
[0.805s] INFO:colcon.colcon_core.shell:Creating package descriptor '/home/ddon/ros2_ws_cpp/src/robocon2024/Odrive_CAN_Custom_Msg/install/odrive_custom_msg/share/odrive_custom_msg/package.dsv'
[0.805s] INFO:colcon.colcon_core.shell:Creating package script '/home/ddon/ros2_ws_cpp/src/robocon2024/Odrive_CAN_Custom_Msg/install/odrive_custom_msg/share/odrive_custom_msg/package.sh'
[0.806s] INFO:colcon.colcon_core.shell:Creating package script '/home/ddon/ros2_ws_cpp/src/robocon2024/Odrive_CAN_Custom_Msg/install/odrive_custom_msg/share/odrive_custom_msg/package.bash'
[0.807s] INFO:colcon.colcon_core.shell:Creating package script '/home/ddon/ros2_ws_cpp/src/robocon2024/Odrive_CAN_Custom_Msg/install/odrive_custom_msg/share/odrive_custom_msg/package.zsh'
[0.807s] Level 1:colcon.colcon_core.environment:create_file_with_runtime_dependencies(/home/ddon/ros2_ws_cpp/src/robocon2024/Odrive_CAN_Custom_Msg/install/odrive_custom_msg/share/colcon-core/packages/odrive_custom_msg)
[0.808s] Level 1:colcon.colcon_core.environment:create_environment_scripts_only(odrive_custom_msg)
[0.808s] Level 1:colcon.colcon_core.environment:checking '/home/ddon/ros2_ws_cpp/src/robocon2024/Odrive_CAN_Custom_Msg/install/odrive_custom_msg' for CMake module files
[0.808s] Level 1:colcon.colcon_core.environment:checking '/home/ddon/ros2_ws_cpp/src/robocon2024/Odrive_CAN_Custom_Msg/install/odrive_custom_msg' for CMake config files
[0.809s] Level 1:colcon.colcon_core.shell:create_environment_hook('odrive_custom_msg', 'cmake_prefix_path')
[0.809s] INFO:colcon.colcon_core.shell:Creating environment hook '/home/ddon/ros2_ws_cpp/src/robocon2024/Odrive_CAN_Custom_Msg/install/odrive_custom_msg/share/odrive_custom_msg/hook/cmake_prefix_path.ps1'
[0.809s] INFO:colcon.colcon_core.shell:Creating environment descriptor '/home/ddon/ros2_ws_cpp/src/robocon2024/Odrive_CAN_Custom_Msg/install/odrive_custom_msg/share/odrive_custom_msg/hook/cmake_prefix_path.dsv'
[0.809s] INFO:colcon.colcon_core.shell:Creating environment hook '/home/ddon/ros2_ws_cpp/src/robocon2024/Odrive_CAN_Custom_Msg/install/odrive_custom_msg/share/odrive_custom_msg/hook/cmake_prefix_path.sh'
[0.810s] Level 1:colcon.colcon_core.environment:checking '/home/ddon/ros2_ws_cpp/src/robocon2024/Odrive_CAN_Custom_Msg/install/odrive_custom_msg/lib'
[0.810s] Level 1:colcon.colcon_core.shell:create_environment_hook('odrive_custom_msg', 'ld_library_path_lib')
[0.810s] INFO:colcon.colcon_core.shell:Creating environment hook '/home/ddon/ros2_ws_cpp/src/robocon2024/Odrive_CAN_Custom_Msg/install/odrive_custom_msg/share/odrive_custom_msg/hook/ld_library_path_lib.ps1'
[0.810s] INFO:colcon.colcon_core.shell:Creating environment descriptor '/home/ddon/ros2_ws_cpp/src/robocon2024/Odrive_CAN_Custom_Msg/install/odrive_custom_msg/share/odrive_custom_msg/hook/ld_library_path_lib.dsv'
[0.811s] INFO:colcon.colcon_core.shell:Creating environment hook '/home/ddon/ros2_ws_cpp/src/robocon2024/Odrive_CAN_Custom_Msg/install/odrive_custom_msg/share/odrive_custom_msg/hook/ld_library_path_lib.sh'
[0.811s] Level 1:colcon.colcon_core.environment:checking '/home/ddon/ros2_ws_cpp/src/robocon2024/Odrive_CAN_Custom_Msg/install/odrive_custom_msg/bin'
[0.811s] Level 1:colcon.colcon_core.environment:checking '/home/ddon/ros2_ws_cpp/src/robocon2024/Odrive_CAN_Custom_Msg/install/odrive_custom_msg/lib/pkgconfig/odrive_custom_msg.pc'
[0.811s] Level 1:colcon.colcon_core.environment:checking '/home/ddon/ros2_ws_cpp/src/robocon2024/Odrive_CAN_Custom_Msg/install/odrive_custom_msg/lib/python3.10/site-packages'
[0.811s] Level 1:colcon.colcon_core.environment:checking '/home/ddon/ros2_ws_cpp/src/robocon2024/Odrive_CAN_Custom_Msg/install/odrive_custom_msg/bin'
[0.812s] INFO:colcon.colcon_core.shell:Creating package script '/home/ddon/ros2_ws_cpp/src/robocon2024/Odrive_CAN_Custom_Msg/install/odrive_custom_msg/share/odrive_custom_msg/package.ps1'
[0.812s] INFO:colcon.colcon_core.shell:Creating package descriptor '/home/ddon/ros2_ws_cpp/src/robocon2024/Odrive_CAN_Custom_Msg/install/odrive_custom_msg/share/odrive_custom_msg/package.dsv'
[0.812s] INFO:colcon.colcon_core.shell:Creating package script '/home/ddon/ros2_ws_cpp/src/robocon2024/Odrive_CAN_Custom_Msg/install/odrive_custom_msg/share/odrive_custom_msg/package.sh'
[0.813s] INFO:colcon.colcon_core.shell:Creating package script '/home/ddon/ros2_ws_cpp/src/robocon2024/Odrive_CAN_Custom_Msg/install/odrive_custom_msg/share/odrive_custom_msg/package.bash'
[0.813s] INFO:colcon.colcon_core.shell:Creating package script '/home/ddon/ros2_ws_cpp/src/robocon2024/Odrive_CAN_Custom_Msg/install/odrive_custom_msg/share/odrive_custom_msg/package.zsh'
[0.813s] Level 1:colcon.colcon_core.environment:create_file_with_runtime_dependencies(/home/ddon/ros2_ws_cpp/src/robocon2024/Odrive_CAN_Custom_Msg/install/odrive_custom_msg/share/colcon-core/packages/odrive_custom_msg)
[0.814s] INFO:colcon.colcon_ros.task.ament_cmake.build:Building ROS package in '/home/ddon/ros2_ws_cpp/src/robocon2024/Odrive_CAN_Custom_Msg/can_control_package' with build type 'ament_cmake'
[0.814s] INFO:colcon.colcon_cmake.task.cmake.build:Building CMake package in '/home/ddon/ros2_ws_cpp/src/robocon2024/Odrive_CAN_Custom_Msg/can_control_package'
[0.814s] INFO:colcon.colcon_core.shell:Skip shell extension 'powershell' for command environment: Not usable outside of PowerShell
[0.814s] DEBUG:colcon.colcon_core.shell:Skip shell extension 'dsv' for command environment
[0.822s] DEBUG:colcon.colcon_core.event_handler.log_command:Invoking command in '/home/ddon/ros2_ws_cpp/src/robocon2024/Odrive_CAN_Custom_Msg/build/can_control_package': AMENT_PREFIX_PATH=/home/ddon/ros2_ws_cpp/src/robocon2024/Odrive_CAN_Custom_Msg/install/odrive_custom_msg:${AMENT_PREFIX_PATH} CMAKE_PREFIX_PATH=/home/ddon/ros2_ws_cpp/src/robocon2024/Odrive_CAN_Custom_Msg/install/odrive_custom_msg:/home/ddon/ros2_ws_cpp/install/can_control_package:/home/ddon/ros2_ws_cpp/install/odrive_custom_msg:/home/ddon/ros2_ws_cpp/install/odrive_can_cpp:/home/ddon/ros2_ws_cpp/install/cpp_pubsub:/home/ddon/ros2_ws/install/odrive_can:/home/ddon/ros2_ws/install/my_robot_controller:/home/ddon/ros2_ws/install/keyboard_listener:/opt/ros/humble CONDA_PROMPT_MODIFIER=(base) LD_LIBRARY_PATH=/home/ddon/ros2_ws_cpp/src/robocon2024/Odrive_CAN_Custom_Msg/install/odrive_custom_msg/lib:${LD_LIBRARY_PATH} PYTHONPATH=/home/ddon/ros2_ws_cpp/src/robocon2024/Odrive_CAN_Custom_Msg/install/odrive_custom_msg/lib/python3.12/site-packages:${PYTHONPATH} /usr/bin/cmake --build /home/ddon/ros2_ws_cpp/src/robocon2024/Odrive_CAN_Custom_Msg/build/can_control_package -- -j8 -l8
[9.460s] DEBUG:colcon.colcon_core.event_handler.log_command:Invoked command in '/home/ddon/ros2_ws_cpp/src/robocon2024/Odrive_CAN_Custom_Msg/build/can_control_package' returned '0': AMENT_PREFIX_PATH=/home/ddon/ros2_ws_cpp/src/robocon2024/Odrive_CAN_Custom_Msg/install/odrive_custom_msg:${AMENT_PREFIX_PATH} CMAKE_PREFIX_PATH=/home/ddon/ros2_ws_cpp/src/robocon2024/Odrive_CAN_Custom_Msg/install/odrive_custom_msg:/home/ddon/ros2_ws_cpp/install/can_control_package:/home/ddon/ros2_ws_cpp/install/odrive_custom_msg:/home/ddon/ros2_ws_cpp/install/odrive_can_cpp:/home/ddon/ros2_ws_cpp/install/cpp_pubsub:/home/ddon/ros2_ws/install/odrive_can:/home/ddon/ros2_ws/install/my_robot_controller:/home/ddon/ros2_ws/install/keyboard_listener:/opt/ros/humble CONDA_PROMPT_MODIFIER=(base) LD_LIBRARY_PATH=/home/ddon/ros2_ws_cpp/src/robocon2024/Odrive_CAN_Custom_Msg/install/odrive_custom_msg/lib:${LD_LIBRARY_PATH} PYTHONPATH=/home/ddon/ros2_ws_cpp/src/robocon2024/Odrive_CAN_Custom_Msg/install/odrive_custom_msg/lib/python3.12/site-packages:${PYTHONPATH} /usr/bin/cmake --build /home/ddon/ros2_ws_cpp/src/robocon2024/Odrive_CAN_Custom_Msg/build/can_control_package -- -j8 -l8
[9.462s] DEBUG:colcon.colcon_core.event_handler.log_command:Invoking command in '/home/ddon/ros2_ws_cpp/src/robocon2024/Odrive_CAN_Custom_Msg/build/can_control_package': AMENT_PREFIX_PATH=/home/ddon/ros2_ws_cpp/src/robocon2024/Odrive_CAN_Custom_Msg/install/odrive_custom_msg:${AMENT_PREFIX_PATH} CMAKE_PREFIX_PATH=/home/ddon/ros2_ws_cpp/src/robocon2024/Odrive_CAN_Custom_Msg/install/odrive_custom_msg:/home/ddon/ros2_ws_cpp/install/can_control_package:/home/ddon/ros2_ws_cpp/install/odrive_custom_msg:/home/ddon/ros2_ws_cpp/install/odrive_can_cpp:/home/ddon/ros2_ws_cpp/install/cpp_pubsub:/home/ddon/ros2_ws/install/odrive_can:/home/ddon/ros2_ws/install/my_robot_controller:/home/ddon/ros2_ws/install/keyboard_listener:/opt/ros/humble CONDA_PROMPT_MODIFIER=(base) LD_LIBRARY_PATH=/home/ddon/ros2_ws_cpp/src/robocon2024/Odrive_CAN_Custom_Msg/install/odrive_custom_msg/lib:${LD_LIBRARY_PATH} PYTHONPATH=/home/ddon/ros2_ws_cpp/src/robocon2024/Odrive_CAN_Custom_Msg/install/odrive_custom_msg/lib/python3.12/site-packages:${PYTHONPATH} /usr/bin/cmake --install /home/ddon/ros2_ws_cpp/src/robocon2024/Odrive_CAN_Custom_Msg/build/can_control_package
[9.472s] Level 1:colcon.colcon_core.environment:create_environment_scripts_only(can_control_package)
[9.472s] Level 1:colcon.colcon_core.environment:checking '/home/ddon/ros2_ws_cpp/src/robocon2024/Odrive_CAN_Custom_Msg/install/can_control_package' for CMake module files
[9.473s] DEBUG:colcon.colcon_core.event_handler.log_command:Invoked command in '/home/ddon/ros2_ws_cpp/src/robocon2024/Odrive_CAN_Custom_Msg/build/can_control_package' returned '0': AMENT_PREFIX_PATH=/home/ddon/ros2_ws_cpp/src/robocon2024/Odrive_CAN_Custom_Msg/install/odrive_custom_msg:${AMENT_PREFIX_PATH} CMAKE_PREFIX_PATH=/home/ddon/ros2_ws_cpp/src/robocon2024/Odrive_CAN_Custom_Msg/install/odrive_custom_msg:/home/ddon/ros2_ws_cpp/install/can_control_package:/home/ddon/ros2_ws_cpp/install/odrive_custom_msg:/home/ddon/ros2_ws_cpp/install/odrive_can_cpp:/home/ddon/ros2_ws_cpp/install/cpp_pubsub:/home/ddon/ros2_ws/install/odrive_can:/home/ddon/ros2_ws/install/my_robot_controller:/home/ddon/ros2_ws/install/keyboard_listener:/opt/ros/humble CONDA_PROMPT_MODIFIER=(base) LD_LIBRARY_PATH=/home/ddon/ros2_ws_cpp/src/robocon2024/Odrive_CAN_Custom_Msg/install/odrive_custom_msg/lib:${LD_LIBRARY_PATH} PYTHONPATH=/home/ddon/ros2_ws_cpp/src/robocon2024/Odrive_CAN_Custom_Msg/install/odrive_custom_msg/lib/python3.12/site-packages:${PYTHONPATH} /usr/bin/cmake --install /home/ddon/ros2_ws_cpp/src/robocon2024/Odrive_CAN_Custom_Msg/build/can_control_package
[9.473s] Level 1:colcon.colcon_core.environment:checking '/home/ddon/ros2_ws_cpp/src/robocon2024/Odrive_CAN_Custom_Msg/install/can_control_package' for CMake config files
[9.473s] Level 1:colcon.colcon_core.shell:create_environment_hook('can_control_package', 'cmake_prefix_path')
[9.473s] INFO:colcon.colcon_core.shell:Creating environment hook '/home/ddon/ros2_ws_cpp/src/robocon2024/Odrive_CAN_Custom_Msg/install/can_control_package/share/can_control_package/hook/cmake_prefix_path.ps1'
[9.474s] INFO:colcon.colcon_core.shell:Creating environment descriptor '/home/ddon/ros2_ws_cpp/src/robocon2024/Odrive_CAN_Custom_Msg/install/can_control_package/share/can_control_package/hook/cmake_prefix_path.dsv'
[9.474s] INFO:colcon.colcon_core.shell:Creating environment hook '/home/ddon/ros2_ws_cpp/src/robocon2024/Odrive_CAN_Custom_Msg/install/can_control_package/share/can_control_package/hook/cmake_prefix_path.sh'
[9.475s] Level 1:colcon.colcon_core.environment:checking '/home/ddon/ros2_ws_cpp/src/robocon2024/Odrive_CAN_Custom_Msg/install/can_control_package/lib'
[9.475s] Level 1:colcon.colcon_core.environment:checking '/home/ddon/ros2_ws_cpp/src/robocon2024/Odrive_CAN_Custom_Msg/install/can_control_package/bin'
[9.475s] Level 1:colcon.colcon_core.environment:checking '/home/ddon/ros2_ws_cpp/src/robocon2024/Odrive_CAN_Custom_Msg/install/can_control_package/lib/pkgconfig/can_control_package.pc'
[9.475s] Level 1:colcon.colcon_core.environment:checking '/home/ddon/ros2_ws_cpp/src/robocon2024/Odrive_CAN_Custom_Msg/install/can_control_package/lib/python3.10/site-packages'
[9.475s] Level 1:colcon.colcon_core.environment:checking '/home/ddon/ros2_ws_cpp/src/robocon2024/Odrive_CAN_Custom_Msg/install/can_control_package/bin'
[9.475s] INFO:colcon.colcon_core.shell:Creating package script '/home/ddon/ros2_ws_cpp/src/robocon2024/Odrive_CAN_Custom_Msg/install/can_control_package/share/can_control_package/package.ps1'
[9.476s] INFO:colcon.colcon_core.shell:Creating package descriptor '/home/ddon/ros2_ws_cpp/src/robocon2024/Odrive_CAN_Custom_Msg/install/can_control_package/share/can_control_package/package.dsv'
[9.476s] INFO:colcon.colcon_core.shell:Creating package script '/home/ddon/ros2_ws_cpp/src/robocon2024/Odrive_CAN_Custom_Msg/install/can_control_package/share/can_control_package/package.sh'
[9.476s] INFO:colcon.colcon_core.shell:Creating package script '/home/ddon/ros2_ws_cpp/src/robocon2024/Odrive_CAN_Custom_Msg/install/can_control_package/share/can_control_package/package.bash'
[9.477s] INFO:colcon.colcon_core.shell:Creating package script '/home/ddon/ros2_ws_cpp/src/robocon2024/Odrive_CAN_Custom_Msg/install/can_control_package/share/can_control_package/package.zsh'
[9.477s] Level 1:colcon.colcon_core.environment:create_file_with_runtime_dependencies(/home/ddon/ros2_ws_cpp/src/robocon2024/Odrive_CAN_Custom_Msg/install/can_control_package/share/colcon-core/packages/can_control_package)
[9.477s] Level 1:colcon.colcon_core.environment:create_environment_scripts_only(can_control_package)
[9.478s] Level 1:colcon.colcon_core.environment:checking '/home/ddon/ros2_ws_cpp/src/robocon2024/Odrive_CAN_Custom_Msg/install/can_control_package' for CMake module files
[9.478s] Level 1:colcon.colcon_core.environment:checking '/home/ddon/ros2_ws_cpp/src/robocon2024/Odrive_CAN_Custom_Msg/install/can_control_package' for CMake config files
[9.478s] Level 1:colcon.colcon_core.shell:create_environment_hook('can_control_package', 'cmake_prefix_path')
[9.478s] INFO:colcon.colcon_core.shell:Creating environment hook '/home/ddon/ros2_ws_cpp/src/robocon2024/Odrive_CAN_Custom_Msg/install/can_control_package/share/can_control_package/hook/cmake_prefix_path.ps1'
[9.479s] INFO:colcon.colcon_core.shell:Creating environment descriptor '/home/ddon/ros2_ws_cpp/src/robocon2024/Odrive_CAN_Custom_Msg/install/can_control_package/share/can_control_package/hook/cmake_prefix_path.dsv'
[9.479s] INFO:colcon.colcon_core.shell:Creating environment hook '/home/ddon/ros2_ws_cpp/src/robocon2024/Odrive_CAN_Custom_Msg/install/can_control_package/share/can_control_package/hook/cmake_prefix_path.sh'
[9.479s] Level 1:colcon.colcon_core.environment:checking '/home/ddon/ros2_ws_cpp/src/robocon2024/Odrive_CAN_Custom_Msg/install/can_control_package/lib'
[9.479s] Level 1:colcon.colcon_core.environment:checking '/home/ddon/ros2_ws_cpp/src/robocon2024/Odrive_CAN_Custom_Msg/install/can_control_package/bin'
[9.479s] Level 1:colcon.colcon_core.environment:checking '/home/ddon/ros2_ws_cpp/src/robocon2024/Odrive_CAN_Custom_Msg/install/can_control_package/lib/pkgconfig/can_control_package.pc'
[9.480s] Level 1:colcon.colcon_core.environment:checking '/home/ddon/ros2_ws_cpp/src/robocon2024/Odrive_CAN_Custom_Msg/install/can_control_package/lib/python3.10/site-packages'
[9.480s] Level 1:colcon.colcon_core.environment:checking '/home/ddon/ros2_ws_cpp/src/robocon2024/Odrive_CAN_Custom_Msg/install/can_control_package/bin'
[9.480s] INFO:colcon.colcon_core.shell:Creating package script '/home/ddon/ros2_ws_cpp/src/robocon2024/Odrive_CAN_Custom_Msg/install/can_control_package/share/can_control_package/package.ps1'
[9.480s] INFO:colcon.colcon_core.shell:Creating package descriptor '/home/ddon/ros2_ws_cpp/src/robocon2024/Odrive_CAN_Custom_Msg/install/can_control_package/share/can_control_package/package.dsv'
[9.481s] INFO:colcon.colcon_core.shell:Creating package script '/home/ddon/ros2_ws_cpp/src/robocon2024/Odrive_CAN_Custom_Msg/install/can_control_package/share/can_control_package/package.sh'
[9.481s] INFO:colcon.colcon_core.shell:Creating package script '/home/ddon/ros2_ws_cpp/src/robocon2024/Odrive_CAN_Custom_Msg/install/can_control_package/share/can_control_package/package.bash'
[9.482s] INFO:colcon.colcon_core.shell:Creating package script '/home/ddon/ros2_ws_cpp/src/robocon2024/Odrive_CAN_Custom_Msg/install/can_control_package/share/can_control_package/package.zsh'
[9.482s] Level 1:colcon.colcon_core.environment:create_file_with_runtime_dependencies(/home/ddon/ros2_ws_cpp/src/robocon2024/Odrive_CAN_Custom_Msg/install/can_control_package/share/colcon-core/packages/can_control_package)
[9.482s] DEBUG:colcon.colcon_parallel_executor.executor.parallel:closing loop
[9.482s] DEBUG:colcon.colcon_parallel_executor.executor.parallel:loop closed
[9.482s] DEBUG:colcon.colcon_parallel_executor.executor.parallel:run_until_complete finished with '0'
[9.482s] DEBUG:colcon.colcon_core.event_reactor:joining thread
[9.487s] INFO:colcon.colcon_core.plugin_system:Skipping extension 'colcon_notification.desktop_notification.terminal_notifier': Not used on non-Darwin systems
[9.487s] INFO:colcon.colcon_core.plugin_system:Skipping extension 'colcon_notification.desktop_notification.win32': Not used on non-Windows systems
[9.487s] INFO:colcon.colcon_notification.desktop_notification:Sending desktop notification using 'notify2'
[9.495s] DEBUG:colcon.colcon_core.event_reactor:joined thread
[9.496s] INFO:colcon.colcon_core.shell:Creating prefix script '/home/ddon/ros2_ws_cpp/src/robocon2024/Odrive_CAN_Custom_Msg/install/local_setup.ps1'
[9.496s] INFO:colcon.colcon_core.shell:Creating prefix util module '/home/ddon/ros2_ws_cpp/src/robocon2024/Odrive_CAN_Custom_Msg/install/_local_setup_util_ps1.py'
[9.498s] INFO:colcon.colcon_core.shell:Creating prefix chain script '/home/ddon/ros2_ws_cpp/src/robocon2024/Odrive_CAN_Custom_Msg/install/setup.ps1'
[9.499s] INFO:colcon.colcon_core.shell:Creating prefix script '/home/ddon/ros2_ws_cpp/src/robocon2024/Odrive_CAN_Custom_Msg/install/local_setup.sh'
[9.499s] INFO:colcon.colcon_core.shell:Creating prefix util module '/home/ddon/ros2_ws_cpp/src/robocon2024/Odrive_CAN_Custom_Msg/install/_local_setup_util_sh.py'
[9.500s] INFO:colcon.colcon_core.shell:Creating prefix chain script '/home/ddon/ros2_ws_cpp/src/robocon2024/Odrive_CAN_Custom_Msg/install/setup.sh'
[9.501s] INFO:colcon.colcon_core.shell:Creating prefix script '/home/ddon/ros2_ws_cpp/src/robocon2024/Odrive_CAN_Custom_Msg/install/local_setup.bash'
[9.501s] INFO:colcon.colcon_core.shell:Creating prefix chain script '/home/ddon/ros2_ws_cpp/src/robocon2024/Odrive_CAN_Custom_Msg/install/setup.bash'
[9.502s] INFO:colcon.colcon_core.shell:Creating prefix script '/home/ddon/ros2_ws_cpp/src/robocon2024/Odrive_CAN_Custom_Msg/install/local_setup.zsh'
[9.503s] INFO:colcon.colcon_core.shell:Creating prefix chain script '/home/ddon/ros2_ws_cpp/src/robocon2024/Odrive_CAN_Custom_Msg/install/setup.zsh'
