[0.007s] Invoking command in '/home/ddon/ros2_ws_cpp/src/robocon2024/Odrive_CAN_Custom_Msg/build/can_control_package': AMENT_PREFIX_PATH=/home/ddon/ros2_ws_cpp/src/robocon2024/Odrive_CAN_Custom_Msg/install/odrive_custom_msg:${AMENT_PREFIX_PATH} CMAKE_PREFIX_PATH=/home/ddon/ros2_ws_cpp/src/robocon2024/Odrive_CAN_Custom_Msg/install/odrive_custom_msg:/home/ddon/ros2_ws_cpp/install/can_control_package:/home/ddon/ros2_ws_cpp/install/odrive_custom_msg:/home/ddon/ros2_ws_cpp/install/odrive_can_cpp:/home/ddon/ros2_ws_cpp/install/cpp_pubsub:/home/ddon/ros2_ws/install/odrive_can:/home/ddon/ros2_ws/install/my_robot_controller:/home/ddon/ros2_ws/install/keyboard_listener:/opt/ros/humble CONDA_PROMPT_MODIFIER=(base) LD_LIBRARY_PATH=/home/ddon/ros2_ws_cpp/src/robocon2024/Odrive_CAN_Custom_Msg/install/odrive_custom_msg/lib:${LD_LIBRARY_PATH} PYTHONPATH=/home/ddon/ros2_ws_cpp/src/robocon2024/Odrive_CAN_Custom_Msg/install/odrive_custom_msg/lib/python3.12/site-packages:${PYTHONPATH} /usr/bin/cmake --build /home/ddon/ros2_ws_cpp/src/robocon2024/Odrive_CAN_Custom_Msg/build/can_control_package -- -j8 -l8
[0.037s] [35m[1mConsolidate compiler generated dependencies of target rbc25_ctrl[0m
[0.047s] [ 33%] Built target can_sender
[0.047s] [ 66%] Built target test_node
[0.051s] [ 83%] [32mBuilding CXX object CMakeFiles/rbc25_ctrl.dir/src/rbc25_ctrl.cpp.o[0m
[2.048s] [01m[K/home/ddon/ros2_ws_cpp/src/robocon2024/Odrive_CAN_Custom_Msg/can_control_package/src/rbc25_ctrl.cpp:[m[K In member function ‘[01m[Kvoid RBC25CtrlNode::controlCallback(odrive_custom_msg::msg::Control_<std::allocator<void> >::SharedPtr)[m[K’:
[2.048s] [01m[K/home/ddon/ros2_ws_cpp/src/robocon2024/Odrive_CAN_Custom_Msg/can_control_package/src/rbc25_ctrl.cpp:26:24:[m[K [01;35m[Kwarning: [m[Kcomparison is always false due to limited range of data type [[01;35m[K]8;;https://gcc.gnu.org/onlinedocs/gcc/Warning-Options.html#index-Wtype-limits-Wtype-limits]8;;[m[K]
[2.048s]    26 |     if ([01;35m[Kmsg->device_id < 0[m[K || msg->device_id == 0xFF) {
[2.048s]       |         [01;35m[K~~~~~~~~~~~~~~~^~~[m[K
[2.049s] [01m[K/home/ddon/ros2_ws_cpp/src/robocon2024/Odrive_CAN_Custom_Msg/can_control_package/src/rbc25_ctrl.cpp:98:46:[m[K [01;35m[Kwarning: [m[Kcomparison is always false due to limited range of data type [[01;35m[K]8;;https://gcc.gnu.org/onlinedocs/gcc/Warning-Options.html#index-Wtype-limits-Wtype-limits]8;;[m[K]
[2.049s]    98 | nt8_t dev_id = ([01;35m[Kmsg->device_id < 0[m[K) ? static_cast<uint8_t>(-msg->device_id) : msg->device_id;
[2.049s]       |                 [01;35m[K~~~~~~~~~~~~~~~^~~[m[K
[2.049s] 
[6.836s] [100%] [32m[1mLinking CXX executable rbc25_ctrl[0m
[7.150s] [100%] Built target rbc25_ctrl
[7.158s] Invoked command in '/home/ddon/ros2_ws_cpp/src/robocon2024/Odrive_CAN_Custom_Msg/build/can_control_package' returned '0': AMENT_PREFIX_PATH=/home/ddon/ros2_ws_cpp/src/robocon2024/Odrive_CAN_Custom_Msg/install/odrive_custom_msg:${AMENT_PREFIX_PATH} CMAKE_PREFIX_PATH=/home/ddon/ros2_ws_cpp/src/robocon2024/Odrive_CAN_Custom_Msg/install/odrive_custom_msg:/home/ddon/ros2_ws_cpp/install/can_control_package:/home/ddon/ros2_ws_cpp/install/odrive_custom_msg:/home/ddon/ros2_ws_cpp/install/odrive_can_cpp:/home/ddon/ros2_ws_cpp/install/cpp_pubsub:/home/ddon/ros2_ws/install/odrive_can:/home/ddon/ros2_ws/install/my_robot_controller:/home/ddon/ros2_ws/install/keyboard_listener:/opt/ros/humble CONDA_PROMPT_MODIFIER=(base) LD_LIBRARY_PATH=/home/ddon/ros2_ws_cpp/src/robocon2024/Odrive_CAN_Custom_Msg/install/odrive_custom_msg/lib:${LD_LIBRARY_PATH} PYTHONPATH=/home/ddon/ros2_ws_cpp/src/robocon2024/Odrive_CAN_Custom_Msg/install/odrive_custom_msg/lib/python3.12/site-packages:${PYTHONPATH} /usr/bin/cmake --build /home/ddon/ros2_ws_cpp/src/robocon2024/Odrive_CAN_Custom_Msg/build/can_control_package -- -j8 -l8
[7.159s] Invoking command in '/home/ddon/ros2_ws_cpp/src/robocon2024/Odrive_CAN_Custom_Msg/build/can_control_package': AMENT_PREFIX_PATH=/home/ddon/ros2_ws_cpp/src/robocon2024/Odrive_CAN_Custom_Msg/install/odrive_custom_msg:${AMENT_PREFIX_PATH} CMAKE_PREFIX_PATH=/home/ddon/ros2_ws_cpp/src/robocon2024/Odrive_CAN_Custom_Msg/install/odrive_custom_msg:/home/ddon/ros2_ws_cpp/install/can_control_package:/home/ddon/ros2_ws_cpp/install/odrive_custom_msg:/home/ddon/ros2_ws_cpp/install/odrive_can_cpp:/home/ddon/ros2_ws_cpp/install/cpp_pubsub:/home/ddon/ros2_ws/install/odrive_can:/home/ddon/ros2_ws/install/my_robot_controller:/home/ddon/ros2_ws/install/keyboard_listener:/opt/ros/humble CONDA_PROMPT_MODIFIER=(base) LD_LIBRARY_PATH=/home/ddon/ros2_ws_cpp/src/robocon2024/Odrive_CAN_Custom_Msg/install/odrive_custom_msg/lib:${LD_LIBRARY_PATH} PYTHONPATH=/home/ddon/ros2_ws_cpp/src/robocon2024/Odrive_CAN_Custom_Msg/install/odrive_custom_msg/lib/python3.12/site-packages:${PYTHONPATH} /usr/bin/cmake --install /home/ddon/ros2_ws_cpp/src/robocon2024/Odrive_CAN_Custom_Msg/build/can_control_package
[7.164s] -- Install configuration: ""
[7.165s] -- Installing: /home/ddon/ros2_ws_cpp/src/robocon2024/Odrive_CAN_Custom_Msg/install/can_control_package/lib/can_control_package/rbc25_ctrl
[7.167s] -- Set runtime path of "/home/ddon/ros2_ws_cpp/src/robocon2024/Odrive_CAN_Custom_Msg/install/can_control_package/lib/can_control_package/rbc25_ctrl" to ""
[7.167s] -- Installing: /home/ddon/ros2_ws_cpp/src/robocon2024/Odrive_CAN_Custom_Msg/install/can_control_package/lib/can_control_package/can_sender
[7.169s] -- Set runtime path of "/home/ddon/ros2_ws_cpp/src/robocon2024/Odrive_CAN_Custom_Msg/install/can_control_package/lib/can_control_package/can_sender" to ""
[7.169s] -- Installing: /home/ddon/ros2_ws_cpp/src/robocon2024/Odrive_CAN_Custom_Msg/install/can_control_package/lib/can_control_package/test_node
[7.169s] -- Set runtime path of "/home/ddon/ros2_ws_cpp/src/robocon2024/Odrive_CAN_Custom_Msg/install/can_control_package/lib/can_control_package/test_node" to ""
[7.169s] -- Installing: /home/ddon/ros2_ws_cpp/src/robocon2024/Odrive_CAN_Custom_Msg/install/can_control_package/share/ament_index/resource_index/package_run_dependencies/can_control_package
[7.170s] -- Installing: /home/ddon/ros2_ws_cpp/src/robocon2024/Odrive_CAN_Custom_Msg/install/can_control_package/share/ament_index/resource_index/parent_prefix_path/can_control_package
[7.170s] -- Installing: /home/ddon/ros2_ws_cpp/src/robocon2024/Odrive_CAN_Custom_Msg/install/can_control_package/share/can_control_package/environment/ament_prefix_path.sh
[7.170s] -- Installing: /home/ddon/ros2_ws_cpp/src/robocon2024/Odrive_CAN_Custom_Msg/install/can_control_package/share/can_control_package/environment/ament_prefix_path.dsv
[7.170s] -- Installing: /home/ddon/ros2_ws_cpp/src/robocon2024/Odrive_CAN_Custom_Msg/install/can_control_package/share/can_control_package/environment/path.sh
[7.170s] -- Installing: /home/ddon/ros2_ws_cpp/src/robocon2024/Odrive_CAN_Custom_Msg/install/can_control_package/share/can_control_package/environment/path.dsv
[7.170s] -- Installing: /home/ddon/ros2_ws_cpp/src/robocon2024/Odrive_CAN_Custom_Msg/install/can_control_package/share/can_control_package/local_setup.bash
[7.170s] -- Installing: /home/ddon/ros2_ws_cpp/src/robocon2024/Odrive_CAN_Custom_Msg/install/can_control_package/share/can_control_package/local_setup.sh
[7.170s] -- Installing: /home/ddon/ros2_ws_cpp/src/robocon2024/Odrive_CAN_Custom_Msg/install/can_control_package/share/can_control_package/local_setup.zsh
[7.170s] -- Installing: /home/ddon/ros2_ws_cpp/src/robocon2024/Odrive_CAN_Custom_Msg/install/can_control_package/share/can_control_package/local_setup.dsv
[7.170s] -- Installing: /home/ddon/ros2_ws_cpp/src/robocon2024/Odrive_CAN_Custom_Msg/install/can_control_package/share/can_control_package/package.dsv
[7.171s] -- Installing: /home/ddon/ros2_ws_cpp/src/robocon2024/Odrive_CAN_Custom_Msg/install/can_control_package/share/ament_index/resource_index/packages/can_control_package
[7.171s] -- Installing: /home/ddon/ros2_ws_cpp/src/robocon2024/Odrive_CAN_Custom_Msg/install/can_control_package/share/can_control_package/cmake/can_control_packageConfig.cmake
[7.171s] -- Installing: /home/ddon/ros2_ws_cpp/src/robocon2024/Odrive_CAN_Custom_Msg/install/can_control_package/share/can_control_package/cmake/can_control_packageConfig-version.cmake
[7.171s] -- Installing: /home/ddon/ros2_ws_cpp/src/robocon2024/Odrive_CAN_Custom_Msg/install/can_control_package/share/can_control_package/package.xml
[7.173s] Invoked command in '/home/ddon/ros2_ws_cpp/src/robocon2024/Odrive_CAN_Custom_Msg/build/can_control_package' returned '0': AMENT_PREFIX_PATH=/home/ddon/ros2_ws_cpp/src/robocon2024/Odrive_CAN_Custom_Msg/install/odrive_custom_msg:${AMENT_PREFIX_PATH} CMAKE_PREFIX_PATH=/home/ddon/ros2_ws_cpp/src/robocon2024/Odrive_CAN_Custom_Msg/install/odrive_custom_msg:/home/ddon/ros2_ws_cpp/install/can_control_package:/home/ddon/ros2_ws_cpp/install/odrive_custom_msg:/home/ddon/ros2_ws_cpp/install/odrive_can_cpp:/home/ddon/ros2_ws_cpp/install/cpp_pubsub:/home/ddon/ros2_ws/install/odrive_can:/home/ddon/ros2_ws/install/my_robot_controller:/home/ddon/ros2_ws/install/keyboard_listener:/opt/ros/humble CONDA_PROMPT_MODIFIER=(base) LD_LIBRARY_PATH=/home/ddon/ros2_ws_cpp/src/robocon2024/Odrive_CAN_Custom_Msg/install/odrive_custom_msg/lib:${LD_LIBRARY_PATH} PYTHONPATH=/home/ddon/ros2_ws_cpp/src/robocon2024/Odrive_CAN_Custom_Msg/install/odrive_custom_msg/lib/python3.12/site-packages:${PYTHONPATH} /usr/bin/cmake --install /home/ddon/ros2_ws_cpp/src/robocon2024/Odrive_CAN_Custom_Msg/build/can_control_package
