[0.097s] DEBUG:colcon:Command line arguments: ['/usr/bin/colcon', 'build']
[0.098s] DEBUG:colcon:Parsed command line arguments: Namespace(log_base=None, log_level=None, verb_name='build', build_base='build', install_base='install', merge_install=False, symlink_install=False, test_result_base=None, continue_on_error=False, executor='parallel', parallel_workers=8, event_handlers=None, ignore_user_meta=False, metas=['./colcon.meta'], base_paths=['.'], packages_ignore=None, packages_ignore_regex=None, paths=None, packages_up_to=None, packages_up_to_regex=None, packages_above=None, packages_above_and_dependencies=None, packages_above_depth=None, packages_select_by_dep=None, packages_skip_by_dep=None, packages_skip_up_to=None, packages_select_build_failed=False, packages_skip_build_finished=False, packages_select_test_failures=False, packages_skip_test_passed=False, packages_select=None, packages_skip=None, packages_select_regex=None, packages_skip_regex=None, packages_start=None, packages_end=None, allow_overriding=[], cmake_args=None, cmake_target=None, cmake_target_skip_unavailable=False, cmake_clean_cache=False, cmake_clean_first=False, cmake_force_configure=False, ament_cmake_args=None, catkin_cmake_args=None, catkin_skip_building_tests=False, mixin_files=None, mixin=None, verb_parser=<colcon_mixin.mixin.mixin_argument.MixinArgumentDecorator object at 0x715d4ac1ec50>, verb_extension=<colcon_core.verb.build.BuildVerb object at 0x715d4ac1e7a0>, main=<bound method BuildVerb.main of <colcon_core.verb.build.BuildVerb object at 0x715d4ac1e7a0>>, mixin_verb=('build',))
[0.312s] Level 1:colcon.colcon_core.package_discovery:discover_packages(colcon_meta) check parameters
[0.312s] Level 1:colcon.colcon_core.package_discovery:discover_packages(recursive) check parameters
[0.312s] Level 1:colcon.colcon_core.package_discovery:discover_packages(ignore) check parameters
[0.312s] Level 1:colcon.colcon_core.package_discovery:discover_packages(path) check parameters
[0.312s] Level 1:colcon.colcon_core.package_discovery:discover_packages(colcon_meta) discover
[0.312s] Level 1:colcon.colcon_core.package_discovery:discover_packages(recursive) discover
[0.312s] INFO:colcon.colcon_core.package_discovery:Crawling recursively for packages in '/home/ddon/ros2_ws_cpp/src/robocon2024/Odrive_CAN_Custom_Msg'
[0.312s] Level 1:colcon.colcon_core.package_identification:_identify(.) by extensions ['ignore', 'ignore_ament_install']
[0.313s] Level 1:colcon.colcon_core.package_identification:_identify(.) by extension 'ignore'
[0.313s] Level 1:colcon.colcon_core.package_identification:_identify(.) by extension 'ignore_ament_install'
[0.313s] Level 1:colcon.colcon_core.package_identification:_identify(.) by extensions ['colcon_pkg']
[0.313s] Level 1:colcon.colcon_core.package_identification:_identify(.) by extension 'colcon_pkg'
[0.313s] Level 1:colcon.colcon_core.package_identification:_identify(.) by extensions ['colcon_meta']
[0.313s] Level 1:colcon.colcon_core.package_identification:_identify(.) by extension 'colcon_meta'
[0.313s] Level 1:colcon.colcon_core.package_identification:_identify(.) by extensions ['ros']
[0.313s] Level 1:colcon.colcon_core.package_identification:_identify(.) by extension 'ros'
[0.326s] Level 1:colcon.colcon_core.package_identification:_identify(.) by extensions ['cmake', 'python']
[0.326s] Level 1:colcon.colcon_core.package_identification:_identify(.) by extension 'cmake'
[0.327s] Level 1:colcon.colcon_core.package_identification:_identify(.) by extension 'python'
[0.327s] Level 1:colcon.colcon_core.package_identification:_identify(.) by extensions ['python_setup_py']
[0.327s] Level 1:colcon.colcon_core.package_identification:_identify(.) by extension 'python_setup_py'
[0.327s] Level 1:colcon.colcon_core.package_identification:_identify(build) by extensions ['ignore', 'ignore_ament_install']
[0.327s] Level 1:colcon.colcon_core.package_identification:_identify(build) by extension 'ignore'
[0.327s] Level 1:colcon.colcon_core.package_identification:_identify(build) ignored
[0.327s] Level 1:colcon.colcon_core.package_identification:_identify(can_control_package) by extensions ['ignore', 'ignore_ament_install']
[0.328s] Level 1:colcon.colcon_core.package_identification:_identify(can_control_package) by extension 'ignore'
[0.328s] Level 1:colcon.colcon_core.package_identification:_identify(can_control_package) by extension 'ignore_ament_install'
[0.328s] Level 1:colcon.colcon_core.package_identification:_identify(can_control_package) by extensions ['colcon_pkg']
[0.328s] Level 1:colcon.colcon_core.package_identification:_identify(can_control_package) by extension 'colcon_pkg'
[0.328s] Level 1:colcon.colcon_core.package_identification:_identify(can_control_package) by extensions ['colcon_meta']
[0.328s] Level 1:colcon.colcon_core.package_identification:_identify(can_control_package) by extension 'colcon_meta'
[0.328s] Level 1:colcon.colcon_core.package_identification:_identify(can_control_package) by extensions ['ros']
[0.328s] Level 1:colcon.colcon_core.package_identification:_identify(can_control_package) by extension 'ros'
[0.341s] DEBUG:colcon.colcon_core.package_identification:Package 'can_control_package' with type 'ros.ament_cmake' and name 'can_control_package'
[0.341s] Level 1:colcon.colcon_core.package_identification:_identify(install) by extensions ['ignore', 'ignore_ament_install']
[0.341s] Level 1:colcon.colcon_core.package_identification:_identify(install) by extension 'ignore'
[0.341s] Level 1:colcon.colcon_core.package_identification:_identify(install) ignored
[0.341s] Level 1:colcon.colcon_core.package_identification:_identify(log) by extensions ['ignore', 'ignore_ament_install']
[0.342s] Level 1:colcon.colcon_core.package_identification:_identify(log) by extension 'ignore'
[0.342s] Level 1:colcon.colcon_core.package_identification:_identify(log) ignored
[0.342s] Level 1:colcon.colcon_core.package_identification:_identify(odrive_custom_msg) by extensions ['ignore', 'ignore_ament_install']
[0.342s] Level 1:colcon.colcon_core.package_identification:_identify(odrive_custom_msg) by extension 'ignore'
[0.342s] Level 1:colcon.colcon_core.package_identification:_identify(odrive_custom_msg) by extension 'ignore_ament_install'
[0.342s] Level 1:colcon.colcon_core.package_identification:_identify(odrive_custom_msg) by extensions ['colcon_pkg']
[0.343s] Level 1:colcon.colcon_core.package_identification:_identify(odrive_custom_msg) by extension 'colcon_pkg'
[0.343s] Level 1:colcon.colcon_core.package_identification:_identify(odrive_custom_msg) by extensions ['colcon_meta']
[0.343s] Level 1:colcon.colcon_core.package_identification:_identify(odrive_custom_msg) by extension 'colcon_meta'
[0.343s] Level 1:colcon.colcon_core.package_identification:_identify(odrive_custom_msg) by extensions ['ros']
[0.343s] Level 1:colcon.colcon_core.package_identification:_identify(odrive_custom_msg) by extension 'ros'
[0.344s] DEBUG:colcon.colcon_core.package_identification:Package 'odrive_custom_msg' with type 'ros.ament_cmake' and name 'odrive_custom_msg'
[0.344s] Level 1:colcon.colcon_core.package_discovery:discover_packages(recursive) using defaults
[0.344s] Level 1:colcon.colcon_core.package_discovery:discover_packages(ignore) discover
[0.344s] Level 1:colcon.colcon_core.package_discovery:discover_packages(ignore) using defaults
[0.344s] Level 1:colcon.colcon_core.package_discovery:discover_packages(path) discover
[0.344s] Level 1:colcon.colcon_core.package_discovery:discover_packages(path) using defaults
[0.373s] Level 1:colcon.colcon_core.package_discovery:discover_packages(prefix_path) check parameters
[0.373s] Level 1:colcon.colcon_core.package_discovery:discover_packages(prefix_path) discover
[0.376s] DEBUG:colcon.colcon_installed_package_information.package_discovery:Found 2 installed packages in /home/ddon/ros2_ws_cpp/src/robocon2024/Odrive_CAN_Custom_Msg/install
[0.377s] DEBUG:colcon.colcon_installed_package_information.package_discovery:Found 4 installed packages in /home/ddon/ros2_ws_cpp/install
[0.378s] DEBUG:colcon.colcon_installed_package_information.package_discovery:Found 3 installed packages in /home/ddon/ros2_ws/install
[0.379s] DEBUG:colcon.colcon_installed_package_information.package_discovery:Found 270 installed packages in /opt/ros/humble
[0.381s] Level 1:colcon.colcon_core.package_discovery:discover_packages(prefix_path) using defaults
[0.440s] Level 5:colcon.colcon_core.verb:set package 'odrive_custom_msg' build argument 'cmake_args' from command line to 'None'
[0.440s] Level 5:colcon.colcon_core.verb:set package 'odrive_custom_msg' build argument 'cmake_target' from command line to 'None'
[0.440s] Level 5:colcon.colcon_core.verb:set package 'odrive_custom_msg' build argument 'cmake_target_skip_unavailable' from command line to 'False'
[0.440s] Level 5:colcon.colcon_core.verb:set package 'odrive_custom_msg' build argument 'cmake_clean_cache' from command line to 'False'
[0.440s] Level 5:colcon.colcon_core.verb:set package 'odrive_custom_msg' build argument 'cmake_clean_first' from command line to 'False'
[0.440s] Level 5:colcon.colcon_core.verb:set package 'odrive_custom_msg' build argument 'cmake_force_configure' from command line to 'False'
[0.440s] Level 5:colcon.colcon_core.verb:set package 'odrive_custom_msg' build argument 'ament_cmake_args' from command line to 'None'
[0.440s] Level 5:colcon.colcon_core.verb:set package 'odrive_custom_msg' build argument 'catkin_cmake_args' from command line to 'None'
[0.440s] Level 5:colcon.colcon_core.verb:set package 'odrive_custom_msg' build argument 'catkin_skip_building_tests' from command line to 'False'
[0.440s] DEBUG:colcon.colcon_core.verb:Building package 'odrive_custom_msg' with the following arguments: {'ament_cmake_args': None, 'build_base': '/home/ddon/ros2_ws_cpp/src/robocon2024/Odrive_CAN_Custom_Msg/build/odrive_custom_msg', 'catkin_cmake_args': None, 'catkin_skip_building_tests': False, 'cmake_args': None, 'cmake_clean_cache': False, 'cmake_clean_first': False, 'cmake_force_configure': False, 'cmake_target': None, 'cmake_target_skip_unavailable': False, 'install_base': '/home/ddon/ros2_ws_cpp/src/robocon2024/Odrive_CAN_Custom_Msg/install/odrive_custom_msg', 'merge_install': False, 'path': '/home/ddon/ros2_ws_cpp/src/robocon2024/Odrive_CAN_Custom_Msg/odrive_custom_msg', 'symlink_install': False, 'test_result_base': None}
[0.441s] Level 5:colcon.colcon_core.verb:set package 'can_control_package' build argument 'cmake_args' from command line to 'None'
[0.441s] Level 5:colcon.colcon_core.verb:set package 'can_control_package' build argument 'cmake_target' from command line to 'None'
[0.441s] Level 5:colcon.colcon_core.verb:set package 'can_control_package' build argument 'cmake_target_skip_unavailable' from command line to 'False'
[0.441s] Level 5:colcon.colcon_core.verb:set package 'can_control_package' build argument 'cmake_clean_cache' from command line to 'False'
[0.441s] Level 5:colcon.colcon_core.verb:set package 'can_control_package' build argument 'cmake_clean_first' from command line to 'False'
[0.441s] Level 5:colcon.colcon_core.verb:set package 'can_control_package' build argument 'cmake_force_configure' from command line to 'False'
[0.441s] Level 5:colcon.colcon_core.verb:set package 'can_control_package' build argument 'ament_cmake_args' from command line to 'None'
[0.442s] Level 5:colcon.colcon_core.verb:set package 'can_control_package' build argument 'catkin_cmake_args' from command line to 'None'
[0.442s] Level 5:colcon.colcon_core.verb:set package 'can_control_package' build argument 'catkin_skip_building_tests' from command line to 'False'
[0.442s] DEBUG:colcon.colcon_core.verb:Building package 'can_control_package' with the following arguments: {'ament_cmake_args': None, 'build_base': '/home/ddon/ros2_ws_cpp/src/robocon2024/Odrive_CAN_Custom_Msg/build/can_control_package', 'catkin_cmake_args': None, 'catkin_skip_building_tests': False, 'cmake_args': None, 'cmake_clean_cache': False, 'cmake_clean_first': False, 'cmake_force_configure': False, 'cmake_target': None, 'cmake_target_skip_unavailable': False, 'install_base': '/home/ddon/ros2_ws_cpp/src/robocon2024/Odrive_CAN_Custom_Msg/install/can_control_package', 'merge_install': False, 'path': '/home/ddon/ros2_ws_cpp/src/robocon2024/Odrive_CAN_Custom_Msg/can_control_package', 'symlink_install': False, 'test_result_base': None}
[0.442s] INFO:colcon.colcon_core.executor:Executing jobs using 'parallel' executor
[0.443s] DEBUG:colcon.colcon_parallel_executor.executor.parallel:run_until_complete
[0.444s] INFO:colcon.colcon_ros.task.ament_cmake.build:Building ROS package in '/home/ddon/ros2_ws_cpp/src/robocon2024/Odrive_CAN_Custom_Msg/odrive_custom_msg' with build type 'ament_cmake'
[0.444s] INFO:colcon.colcon_cmake.task.cmake.build:Building CMake package in '/home/ddon/ros2_ws_cpp/src/robocon2024/Odrive_CAN_Custom_Msg/odrive_custom_msg'
[0.447s] INFO:colcon.colcon_core.plugin_system:Skipping extension 'colcon_core.shell.bat': Not used on non-Windows systems
[0.447s] INFO:colcon.colcon_core.shell:Skip shell extension 'powershell' for command environment: Not usable outside of PowerShell
[0.447s] DEBUG:colcon.colcon_core.shell:Skip shell extension 'dsv' for command environment
[0.459s] DEBUG:colcon.colcon_core.event_handler.log_command:Invoking command in '/home/ddon/ros2_ws_cpp/src/robocon2024/Odrive_CAN_Custom_Msg/build/odrive_custom_msg': CMAKE_PREFIX_PATH=${CMAKE_PREFIX_PATH}:/home/ddon/ros2_ws/install/odrive_can:/home/ddon/ros2_ws/install/my_robot_controller:/home/ddon/ros2_ws/install/keyboard_listener:/opt/ros/humble CONDA_PROMPT_MODIFIER=(base) /usr/bin/cmake --build /home/ddon/ros2_ws_cpp/src/robocon2024/Odrive_CAN_Custom_Msg/build/odrive_custom_msg -- -j8 -l8
[1.095s] DEBUG:colcon.colcon_core.event_handler.log_command:Invoked command in '/home/ddon/ros2_ws_cpp/src/robocon2024/Odrive_CAN_Custom_Msg/build/odrive_custom_msg' returned '0': CMAKE_PREFIX_PATH=${CMAKE_PREFIX_PATH}:/home/ddon/ros2_ws/install/odrive_can:/home/ddon/ros2_ws/install/my_robot_controller:/home/ddon/ros2_ws/install/keyboard_listener:/opt/ros/humble CONDA_PROMPT_MODIFIER=(base) /usr/bin/cmake --build /home/ddon/ros2_ws_cpp/src/robocon2024/Odrive_CAN_Custom_Msg/build/odrive_custom_msg -- -j8 -l8
[1.106s] DEBUG:colcon.colcon_core.event_handler.log_command:Invoking command in '/home/ddon/ros2_ws_cpp/src/robocon2024/Odrive_CAN_Custom_Msg/build/odrive_custom_msg': CMAKE_PREFIX_PATH=${CMAKE_PREFIX_PATH}:/home/ddon/ros2_ws/install/odrive_can:/home/ddon/ros2_ws/install/my_robot_controller:/home/ddon/ros2_ws/install/keyboard_listener:/opt/ros/humble CONDA_PROMPT_MODIFIER=(base) /usr/bin/cmake --install /home/ddon/ros2_ws_cpp/src/robocon2024/Odrive_CAN_Custom_Msg/build/odrive_custom_msg
[1.189s] Level 1:colcon.colcon_core.environment:create_environment_scripts_only(odrive_custom_msg)
[1.190s] DEBUG:colcon.colcon_core.event_handler.log_command:Invoked command in '/home/ddon/ros2_ws_cpp/src/robocon2024/Odrive_CAN_Custom_Msg/build/odrive_custom_msg' returned '0': CMAKE_PREFIX_PATH=${CMAKE_PREFIX_PATH}:/home/ddon/ros2_ws/install/odrive_can:/home/ddon/ros2_ws/install/my_robot_controller:/home/ddon/ros2_ws/install/keyboard_listener:/opt/ros/humble CONDA_PROMPT_MODIFIER=(base) /usr/bin/cmake --install /home/ddon/ros2_ws_cpp/src/robocon2024/Odrive_CAN_Custom_Msg/build/odrive_custom_msg
[1.194s] Level 1:colcon.colcon_core.environment:checking '/home/ddon/ros2_ws_cpp/src/robocon2024/Odrive_CAN_Custom_Msg/install/odrive_custom_msg' for CMake module files
[1.196s] Level 1:colcon.colcon_core.environment:checking '/home/ddon/ros2_ws_cpp/src/robocon2024/Odrive_CAN_Custom_Msg/install/odrive_custom_msg' for CMake config files
[1.196s] Level 1:colcon.colcon_core.shell:create_environment_hook('odrive_custom_msg', 'cmake_prefix_path')
[1.197s] INFO:colcon.colcon_core.shell:Creating environment hook '/home/ddon/ros2_ws_cpp/src/robocon2024/Odrive_CAN_Custom_Msg/install/odrive_custom_msg/share/odrive_custom_msg/hook/cmake_prefix_path.ps1'
[1.198s] INFO:colcon.colcon_core.shell:Creating environment descriptor '/home/ddon/ros2_ws_cpp/src/robocon2024/Odrive_CAN_Custom_Msg/install/odrive_custom_msg/share/odrive_custom_msg/hook/cmake_prefix_path.dsv'
[1.199s] INFO:colcon.colcon_core.shell:Creating environment hook '/home/ddon/ros2_ws_cpp/src/robocon2024/Odrive_CAN_Custom_Msg/install/odrive_custom_msg/share/odrive_custom_msg/hook/cmake_prefix_path.sh'
[1.201s] Level 1:colcon.colcon_core.environment:checking '/home/ddon/ros2_ws_cpp/src/robocon2024/Odrive_CAN_Custom_Msg/install/odrive_custom_msg/lib'
[1.201s] Level 1:colcon.colcon_core.shell:create_environment_hook('odrive_custom_msg', 'ld_library_path_lib')
[1.202s] INFO:colcon.colcon_core.shell:Creating environment hook '/home/ddon/ros2_ws_cpp/src/robocon2024/Odrive_CAN_Custom_Msg/install/odrive_custom_msg/share/odrive_custom_msg/hook/ld_library_path_lib.ps1'
[1.202s] INFO:colcon.colcon_core.shell:Creating environment descriptor '/home/ddon/ros2_ws_cpp/src/robocon2024/Odrive_CAN_Custom_Msg/install/odrive_custom_msg/share/odrive_custom_msg/hook/ld_library_path_lib.dsv'
[1.203s] INFO:colcon.colcon_core.shell:Creating environment hook '/home/ddon/ros2_ws_cpp/src/robocon2024/Odrive_CAN_Custom_Msg/install/odrive_custom_msg/share/odrive_custom_msg/hook/ld_library_path_lib.sh'
[1.204s] Level 1:colcon.colcon_core.environment:checking '/home/ddon/ros2_ws_cpp/src/robocon2024/Odrive_CAN_Custom_Msg/install/odrive_custom_msg/bin'
[1.204s] Level 1:colcon.colcon_core.environment:checking '/home/ddon/ros2_ws_cpp/src/robocon2024/Odrive_CAN_Custom_Msg/install/odrive_custom_msg/lib/pkgconfig/odrive_custom_msg.pc'
[1.204s] Level 1:colcon.colcon_core.environment:checking '/home/ddon/ros2_ws_cpp/src/robocon2024/Odrive_CAN_Custom_Msg/install/odrive_custom_msg/lib/python3.10/site-packages'
[1.205s] Level 1:colcon.colcon_core.environment:checking '/home/ddon/ros2_ws_cpp/src/robocon2024/Odrive_CAN_Custom_Msg/install/odrive_custom_msg/bin'
[1.205s] INFO:colcon.colcon_core.shell:Creating package script '/home/ddon/ros2_ws_cpp/src/robocon2024/Odrive_CAN_Custom_Msg/install/odrive_custom_msg/share/odrive_custom_msg/package.ps1'
[1.207s] INFO:colcon.colcon_core.shell:Creating package descriptor '/home/ddon/ros2_ws_cpp/src/robocon2024/Odrive_CAN_Custom_Msg/install/odrive_custom_msg/share/odrive_custom_msg/package.dsv'
[1.208s] INFO:colcon.colcon_core.shell:Creating package script '/home/ddon/ros2_ws_cpp/src/robocon2024/Odrive_CAN_Custom_Msg/install/odrive_custom_msg/share/odrive_custom_msg/package.sh'
[1.210s] INFO:colcon.colcon_core.shell:Creating package script '/home/ddon/ros2_ws_cpp/src/robocon2024/Odrive_CAN_Custom_Msg/install/odrive_custom_msg/share/odrive_custom_msg/package.bash'
[1.212s] INFO:colcon.colcon_core.shell:Creating package script '/home/ddon/ros2_ws_cpp/src/robocon2024/Odrive_CAN_Custom_Msg/install/odrive_custom_msg/share/odrive_custom_msg/package.zsh'
[1.213s] Level 1:colcon.colcon_core.environment:create_file_with_runtime_dependencies(/home/ddon/ros2_ws_cpp/src/robocon2024/Odrive_CAN_Custom_Msg/install/odrive_custom_msg/share/colcon-core/packages/odrive_custom_msg)
[1.214s] Level 1:colcon.colcon_core.environment:create_environment_scripts_only(odrive_custom_msg)
[1.215s] Level 1:colcon.colcon_core.environment:checking '/home/ddon/ros2_ws_cpp/src/robocon2024/Odrive_CAN_Custom_Msg/install/odrive_custom_msg' for CMake module files
[1.216s] Level 1:colcon.colcon_core.environment:checking '/home/ddon/ros2_ws_cpp/src/robocon2024/Odrive_CAN_Custom_Msg/install/odrive_custom_msg' for CMake config files
[1.216s] Level 1:colcon.colcon_core.shell:create_environment_hook('odrive_custom_msg', 'cmake_prefix_path')
[1.217s] INFO:colcon.colcon_core.shell:Creating environment hook '/home/ddon/ros2_ws_cpp/src/robocon2024/Odrive_CAN_Custom_Msg/install/odrive_custom_msg/share/odrive_custom_msg/hook/cmake_prefix_path.ps1'
[1.217s] INFO:colcon.colcon_core.shell:Creating environment descriptor '/home/ddon/ros2_ws_cpp/src/robocon2024/Odrive_CAN_Custom_Msg/install/odrive_custom_msg/share/odrive_custom_msg/hook/cmake_prefix_path.dsv'
[1.218s] INFO:colcon.colcon_core.shell:Creating environment hook '/home/ddon/ros2_ws_cpp/src/robocon2024/Odrive_CAN_Custom_Msg/install/odrive_custom_msg/share/odrive_custom_msg/hook/cmake_prefix_path.sh'
[1.219s] Level 1:colcon.colcon_core.environment:checking '/home/ddon/ros2_ws_cpp/src/robocon2024/Odrive_CAN_Custom_Msg/install/odrive_custom_msg/lib'
[1.219s] Level 1:colcon.colcon_core.shell:create_environment_hook('odrive_custom_msg', 'ld_library_path_lib')
[1.219s] INFO:colcon.colcon_core.shell:Creating environment hook '/home/ddon/ros2_ws_cpp/src/robocon2024/Odrive_CAN_Custom_Msg/install/odrive_custom_msg/share/odrive_custom_msg/hook/ld_library_path_lib.ps1'
[1.220s] INFO:colcon.colcon_core.shell:Creating environment descriptor '/home/ddon/ros2_ws_cpp/src/robocon2024/Odrive_CAN_Custom_Msg/install/odrive_custom_msg/share/odrive_custom_msg/hook/ld_library_path_lib.dsv'
[1.220s] INFO:colcon.colcon_core.shell:Creating environment hook '/home/ddon/ros2_ws_cpp/src/robocon2024/Odrive_CAN_Custom_Msg/install/odrive_custom_msg/share/odrive_custom_msg/hook/ld_library_path_lib.sh'
[1.221s] Level 1:colcon.colcon_core.environment:checking '/home/ddon/ros2_ws_cpp/src/robocon2024/Odrive_CAN_Custom_Msg/install/odrive_custom_msg/bin'
[1.221s] Level 1:colcon.colcon_core.environment:checking '/home/ddon/ros2_ws_cpp/src/robocon2024/Odrive_CAN_Custom_Msg/install/odrive_custom_msg/lib/pkgconfig/odrive_custom_msg.pc'
[1.222s] Level 1:colcon.colcon_core.environment:checking '/home/ddon/ros2_ws_cpp/src/robocon2024/Odrive_CAN_Custom_Msg/install/odrive_custom_msg/lib/python3.10/site-packages'
[1.222s] Level 1:colcon.colcon_core.environment:checking '/home/ddon/ros2_ws_cpp/src/robocon2024/Odrive_CAN_Custom_Msg/install/odrive_custom_msg/bin'
[1.223s] INFO:colcon.colcon_core.shell:Creating package script '/home/ddon/ros2_ws_cpp/src/robocon2024/Odrive_CAN_Custom_Msg/install/odrive_custom_msg/share/odrive_custom_msg/package.ps1'
[1.223s] INFO:colcon.colcon_core.shell:Creating package descriptor '/home/ddon/ros2_ws_cpp/src/robocon2024/Odrive_CAN_Custom_Msg/install/odrive_custom_msg/share/odrive_custom_msg/package.dsv'
[1.224s] INFO:colcon.colcon_core.shell:Creating package script '/home/ddon/ros2_ws_cpp/src/robocon2024/Odrive_CAN_Custom_Msg/install/odrive_custom_msg/share/odrive_custom_msg/package.sh'
[1.225s] INFO:colcon.colcon_core.shell:Creating package script '/home/ddon/ros2_ws_cpp/src/robocon2024/Odrive_CAN_Custom_Msg/install/odrive_custom_msg/share/odrive_custom_msg/package.bash'
[1.225s] INFO:colcon.colcon_core.shell:Creating package script '/home/ddon/ros2_ws_cpp/src/robocon2024/Odrive_CAN_Custom_Msg/install/odrive_custom_msg/share/odrive_custom_msg/package.zsh'
[1.226s] Level 1:colcon.colcon_core.environment:create_file_with_runtime_dependencies(/home/ddon/ros2_ws_cpp/src/robocon2024/Odrive_CAN_Custom_Msg/install/odrive_custom_msg/share/colcon-core/packages/odrive_custom_msg)
[1.226s] INFO:colcon.colcon_ros.task.ament_cmake.build:Building ROS package in '/home/ddon/ros2_ws_cpp/src/robocon2024/Odrive_CAN_Custom_Msg/can_control_package' with build type 'ament_cmake'
[1.227s] INFO:colcon.colcon_cmake.task.cmake.build:Building CMake package in '/home/ddon/ros2_ws_cpp/src/robocon2024/Odrive_CAN_Custom_Msg/can_control_package'
[1.227s] INFO:colcon.colcon_core.shell:Skip shell extension 'powershell' for command environment: Not usable outside of PowerShell
[1.227s] DEBUG:colcon.colcon_core.shell:Skip shell extension 'dsv' for command environment
[1.243s] DEBUG:colcon.colcon_core.event_handler.log_command:Invoking command in '/home/ddon/ros2_ws_cpp/src/robocon2024/Odrive_CAN_Custom_Msg/build/can_control_package': CMAKE_PREFIX_PATH=/home/ddon/ros2_ws_cpp/src/robocon2024/Odrive_CAN_Custom_Msg/install/odrive_custom_msg:/home/ddon/ros2_ws_cpp/src/robocon2024/Odrive_CAN_Custom_Msg/install/can_control_package:/home/ddon/ros2_ws_cpp/install/can_control_package:/home/ddon/ros2_ws_cpp/install/odrive_custom_msg:/home/ddon/ros2_ws_cpp/install/odrive_can_cpp:/home/ddon/ros2_ws_cpp/install/cpp_pubsub:/home/ddon/ros2_ws/install/odrive_can:/home/ddon/ros2_ws/install/my_robot_controller:/home/ddon/ros2_ws/install/keyboard_listener:/opt/ros/humble CONDA_PROMPT_MODIFIER=(base) /usr/bin/cmake --build /home/ddon/ros2_ws_cpp/src/robocon2024/Odrive_CAN_Custom_Msg/build/can_control_package -- -j8 -l8
[10.157s] DEBUG:colcon.colcon_core.event_handler.log_command:Invoked command in '/home/ddon/ros2_ws_cpp/src/robocon2024/Odrive_CAN_Custom_Msg/build/can_control_package' returned '0': CMAKE_PREFIX_PATH=/home/ddon/ros2_ws_cpp/src/robocon2024/Odrive_CAN_Custom_Msg/install/odrive_custom_msg:/home/ddon/ros2_ws_cpp/src/robocon2024/Odrive_CAN_Custom_Msg/install/can_control_package:/home/ddon/ros2_ws_cpp/install/can_control_package:/home/ddon/ros2_ws_cpp/install/odrive_custom_msg:/home/ddon/ros2_ws_cpp/install/odrive_can_cpp:/home/ddon/ros2_ws_cpp/install/cpp_pubsub:/home/ddon/ros2_ws/install/odrive_can:/home/ddon/ros2_ws/install/my_robot_controller:/home/ddon/ros2_ws/install/keyboard_listener:/opt/ros/humble CONDA_PROMPT_MODIFIER=(base) /usr/bin/cmake --build /home/ddon/ros2_ws_cpp/src/robocon2024/Odrive_CAN_Custom_Msg/build/can_control_package -- -j8 -l8
[10.159s] DEBUG:colcon.colcon_core.event_handler.log_command:Invoking command in '/home/ddon/ros2_ws_cpp/src/robocon2024/Odrive_CAN_Custom_Msg/build/can_control_package': CMAKE_PREFIX_PATH=/home/ddon/ros2_ws_cpp/src/robocon2024/Odrive_CAN_Custom_Msg/install/odrive_custom_msg:/home/ddon/ros2_ws_cpp/src/robocon2024/Odrive_CAN_Custom_Msg/install/can_control_package:/home/ddon/ros2_ws_cpp/install/can_control_package:/home/ddon/ros2_ws_cpp/install/odrive_custom_msg:/home/ddon/ros2_ws_cpp/install/odrive_can_cpp:/home/ddon/ros2_ws_cpp/install/cpp_pubsub:/home/ddon/ros2_ws/install/odrive_can:/home/ddon/ros2_ws/install/my_robot_controller:/home/ddon/ros2_ws/install/keyboard_listener:/opt/ros/humble CONDA_PROMPT_MODIFIER=(base) /usr/bin/cmake --install /home/ddon/ros2_ws_cpp/src/robocon2024/Odrive_CAN_Custom_Msg/build/can_control_package
[10.175s] Level 1:colcon.colcon_core.environment:create_environment_scripts_only(can_control_package)
[10.176s] Level 1:colcon.colcon_core.environment:checking '/home/ddon/ros2_ws_cpp/src/robocon2024/Odrive_CAN_Custom_Msg/install/can_control_package' for CMake module files
[10.177s] DEBUG:colcon.colcon_core.event_handler.log_command:Invoked command in '/home/ddon/ros2_ws_cpp/src/robocon2024/Odrive_CAN_Custom_Msg/build/can_control_package' returned '0': CMAKE_PREFIX_PATH=/home/ddon/ros2_ws_cpp/src/robocon2024/Odrive_CAN_Custom_Msg/install/odrive_custom_msg:/home/ddon/ros2_ws_cpp/src/robocon2024/Odrive_CAN_Custom_Msg/install/can_control_package:/home/ddon/ros2_ws_cpp/install/can_control_package:/home/ddon/ros2_ws_cpp/install/odrive_custom_msg:/home/ddon/ros2_ws_cpp/install/odrive_can_cpp:/home/ddon/ros2_ws_cpp/install/cpp_pubsub:/home/ddon/ros2_ws/install/odrive_can:/home/ddon/ros2_ws/install/my_robot_controller:/home/ddon/ros2_ws/install/keyboard_listener:/opt/ros/humble CONDA_PROMPT_MODIFIER=(base) /usr/bin/cmake --install /home/ddon/ros2_ws_cpp/src/robocon2024/Odrive_CAN_Custom_Msg/build/can_control_package
[10.177s] Level 1:colcon.colcon_core.environment:checking '/home/ddon/ros2_ws_cpp/src/robocon2024/Odrive_CAN_Custom_Msg/install/can_control_package' for CMake config files
[10.177s] Level 1:colcon.colcon_core.shell:create_environment_hook('can_control_package', 'cmake_prefix_path')
[10.178s] INFO:colcon.colcon_core.shell:Creating environment hook '/home/ddon/ros2_ws_cpp/src/robocon2024/Odrive_CAN_Custom_Msg/install/can_control_package/share/can_control_package/hook/cmake_prefix_path.ps1'
[10.178s] INFO:colcon.colcon_core.shell:Creating environment descriptor '/home/ddon/ros2_ws_cpp/src/robocon2024/Odrive_CAN_Custom_Msg/install/can_control_package/share/can_control_package/hook/cmake_prefix_path.dsv'
[10.179s] INFO:colcon.colcon_core.shell:Creating environment hook '/home/ddon/ros2_ws_cpp/src/robocon2024/Odrive_CAN_Custom_Msg/install/can_control_package/share/can_control_package/hook/cmake_prefix_path.sh'
[10.179s] Level 1:colcon.colcon_core.environment:checking '/home/ddon/ros2_ws_cpp/src/robocon2024/Odrive_CAN_Custom_Msg/install/can_control_package/lib'
[10.180s] Level 1:colcon.colcon_core.environment:checking '/home/ddon/ros2_ws_cpp/src/robocon2024/Odrive_CAN_Custom_Msg/install/can_control_package/bin'
[10.180s] Level 1:colcon.colcon_core.environment:checking '/home/ddon/ros2_ws_cpp/src/robocon2024/Odrive_CAN_Custom_Msg/install/can_control_package/lib/pkgconfig/can_control_package.pc'
[10.180s] Level 1:colcon.colcon_core.environment:checking '/home/ddon/ros2_ws_cpp/src/robocon2024/Odrive_CAN_Custom_Msg/install/can_control_package/lib/python3.10/site-packages'
[10.180s] Level 1:colcon.colcon_core.environment:checking '/home/ddon/ros2_ws_cpp/src/robocon2024/Odrive_CAN_Custom_Msg/install/can_control_package/bin'
[10.181s] INFO:colcon.colcon_core.shell:Creating package script '/home/ddon/ros2_ws_cpp/src/robocon2024/Odrive_CAN_Custom_Msg/install/can_control_package/share/can_control_package/package.ps1'
[10.181s] INFO:colcon.colcon_core.shell:Creating package descriptor '/home/ddon/ros2_ws_cpp/src/robocon2024/Odrive_CAN_Custom_Msg/install/can_control_package/share/can_control_package/package.dsv'
[10.182s] INFO:colcon.colcon_core.shell:Creating package script '/home/ddon/ros2_ws_cpp/src/robocon2024/Odrive_CAN_Custom_Msg/install/can_control_package/share/can_control_package/package.sh'
[10.183s] INFO:colcon.colcon_core.shell:Creating package script '/home/ddon/ros2_ws_cpp/src/robocon2024/Odrive_CAN_Custom_Msg/install/can_control_package/share/can_control_package/package.bash'
[10.183s] INFO:colcon.colcon_core.shell:Creating package script '/home/ddon/ros2_ws_cpp/src/robocon2024/Odrive_CAN_Custom_Msg/install/can_control_package/share/can_control_package/package.zsh'
[10.184s] Level 1:colcon.colcon_core.environment:create_file_with_runtime_dependencies(/home/ddon/ros2_ws_cpp/src/robocon2024/Odrive_CAN_Custom_Msg/install/can_control_package/share/colcon-core/packages/can_control_package)
[10.184s] Level 1:colcon.colcon_core.environment:create_environment_scripts_only(can_control_package)
[10.185s] Level 1:colcon.colcon_core.environment:checking '/home/ddon/ros2_ws_cpp/src/robocon2024/Odrive_CAN_Custom_Msg/install/can_control_package' for CMake module files
[10.185s] Level 1:colcon.colcon_core.environment:checking '/home/ddon/ros2_ws_cpp/src/robocon2024/Odrive_CAN_Custom_Msg/install/can_control_package' for CMake config files
[10.186s] Level 1:colcon.colcon_core.shell:create_environment_hook('can_control_package', 'cmake_prefix_path')
[10.186s] INFO:colcon.colcon_core.shell:Creating environment hook '/home/ddon/ros2_ws_cpp/src/robocon2024/Odrive_CAN_Custom_Msg/install/can_control_package/share/can_control_package/hook/cmake_prefix_path.ps1'
[10.187s] INFO:colcon.colcon_core.shell:Creating environment descriptor '/home/ddon/ros2_ws_cpp/src/robocon2024/Odrive_CAN_Custom_Msg/install/can_control_package/share/can_control_package/hook/cmake_prefix_path.dsv'
[10.187s] INFO:colcon.colcon_core.shell:Creating environment hook '/home/ddon/ros2_ws_cpp/src/robocon2024/Odrive_CAN_Custom_Msg/install/can_control_package/share/can_control_package/hook/cmake_prefix_path.sh'
[10.188s] Level 1:colcon.colcon_core.environment:checking '/home/ddon/ros2_ws_cpp/src/robocon2024/Odrive_CAN_Custom_Msg/install/can_control_package/lib'
[10.188s] Level 1:colcon.colcon_core.environment:checking '/home/ddon/ros2_ws_cpp/src/robocon2024/Odrive_CAN_Custom_Msg/install/can_control_package/bin'
[10.188s] Level 1:colcon.colcon_core.environment:checking '/home/ddon/ros2_ws_cpp/src/robocon2024/Odrive_CAN_Custom_Msg/install/can_control_package/lib/pkgconfig/can_control_package.pc'
[10.189s] Level 1:colcon.colcon_core.environment:checking '/home/ddon/ros2_ws_cpp/src/robocon2024/Odrive_CAN_Custom_Msg/install/can_control_package/lib/python3.10/site-packages'
[10.189s] Level 1:colcon.colcon_core.environment:checking '/home/ddon/ros2_ws_cpp/src/robocon2024/Odrive_CAN_Custom_Msg/install/can_control_package/bin'
[10.190s] INFO:colcon.colcon_core.shell:Creating package script '/home/ddon/ros2_ws_cpp/src/robocon2024/Odrive_CAN_Custom_Msg/install/can_control_package/share/can_control_package/package.ps1'
[10.191s] INFO:colcon.colcon_core.shell:Creating package descriptor '/home/ddon/ros2_ws_cpp/src/robocon2024/Odrive_CAN_Custom_Msg/install/can_control_package/share/can_control_package/package.dsv'
[10.191s] INFO:colcon.colcon_core.shell:Creating package script '/home/ddon/ros2_ws_cpp/src/robocon2024/Odrive_CAN_Custom_Msg/install/can_control_package/share/can_control_package/package.sh'
[10.192s] INFO:colcon.colcon_core.shell:Creating package script '/home/ddon/ros2_ws_cpp/src/robocon2024/Odrive_CAN_Custom_Msg/install/can_control_package/share/can_control_package/package.bash'
[10.193s] INFO:colcon.colcon_core.shell:Creating package script '/home/ddon/ros2_ws_cpp/src/robocon2024/Odrive_CAN_Custom_Msg/install/can_control_package/share/can_control_package/package.zsh'
[10.193s] Level 1:colcon.colcon_core.environment:create_file_with_runtime_dependencies(/home/ddon/ros2_ws_cpp/src/robocon2024/Odrive_CAN_Custom_Msg/install/can_control_package/share/colcon-core/packages/can_control_package)
[10.194s] DEBUG:colcon.colcon_parallel_executor.executor.parallel:closing loop
[10.194s] DEBUG:colcon.colcon_parallel_executor.executor.parallel:loop closed
[10.194s] DEBUG:colcon.colcon_parallel_executor.executor.parallel:run_until_complete finished with '0'
[10.195s] DEBUG:colcon.colcon_core.event_reactor:joining thread
[10.202s] INFO:colcon.colcon_core.plugin_system:Skipping extension 'colcon_notification.desktop_notification.terminal_notifier': Not used on non-Darwin systems
[10.202s] INFO:colcon.colcon_core.plugin_system:Skipping extension 'colcon_notification.desktop_notification.win32': Not used on non-Windows systems
[10.202s] INFO:colcon.colcon_notification.desktop_notification:Sending desktop notification using 'notify2'
[10.220s] DEBUG:colcon.colcon_core.event_reactor:joined thread
[10.220s] INFO:colcon.colcon_core.shell:Creating prefix script '/home/ddon/ros2_ws_cpp/src/robocon2024/Odrive_CAN_Custom_Msg/install/local_setup.ps1'
[10.221s] INFO:colcon.colcon_core.shell:Creating prefix util module '/home/ddon/ros2_ws_cpp/src/robocon2024/Odrive_CAN_Custom_Msg/install/_local_setup_util_ps1.py'
[10.224s] INFO:colcon.colcon_core.shell:Creating prefix chain script '/home/ddon/ros2_ws_cpp/src/robocon2024/Odrive_CAN_Custom_Msg/install/setup.ps1'
[10.227s] INFO:colcon.colcon_core.shell:Creating prefix script '/home/ddon/ros2_ws_cpp/src/robocon2024/Odrive_CAN_Custom_Msg/install/local_setup.sh'
[10.229s] INFO:colcon.colcon_core.shell:Creating prefix util module '/home/ddon/ros2_ws_cpp/src/robocon2024/Odrive_CAN_Custom_Msg/install/_local_setup_util_sh.py'
[10.230s] INFO:colcon.colcon_core.shell:Creating prefix chain script '/home/ddon/ros2_ws_cpp/src/robocon2024/Odrive_CAN_Custom_Msg/install/setup.sh'
[10.233s] INFO:colcon.colcon_core.shell:Creating prefix script '/home/ddon/ros2_ws_cpp/src/robocon2024/Odrive_CAN_Custom_Msg/install/local_setup.bash'
[10.234s] INFO:colcon.colcon_core.shell:Creating prefix chain script '/home/ddon/ros2_ws_cpp/src/robocon2024/Odrive_CAN_Custom_Msg/install/setup.bash'
[10.236s] INFO:colcon.colcon_core.shell:Creating prefix script '/home/ddon/ros2_ws_cpp/src/robocon2024/Odrive_CAN_Custom_Msg/install/local_setup.zsh'
[10.237s] INFO:colcon.colcon_core.shell:Creating prefix chain script '/home/ddon/ros2_ws_cpp/src/robocon2024/Odrive_CAN_Custom_Msg/install/setup.zsh'
